2025-06-23 19:11:58,310 - dataset_tools_app - INFO - [DT.metadata_parser]: Successfully imported VENDORED SDPR components.
2025-06-23 19:11:58,316 - dataset_tools_app - INFO - Configured external logger 'DSVendored_SDPR' with RichHandler at level INFO.
2025-06-23 19:11:58,317 - dataset_tools_app - INFO - [DT.metadata_parser]: Configured Rich logging for 'DSVendored_SDPR' logger tree at level INFO.
2025-06-23 19:11:58,335 - dataset_tools_app - INFO - Reconfigured vendored logger tree 'DSVendored_SDPR' to level INFO
2025-06-23 19:11:58,337 - dataset_tools_app - INFO - Dataset Tools v0.0.0-dev launching...
2025-06-23 19:11:58,339 - dataset_tools_app - INFO - Application log level set to: INFO
2025-06-23 19:11:59,392 - dataset_tools_app - INFO - Initial theme loaded: dark_blue.xml
2025-06-23 19:11:59,396 - dataset_tools_app - INFO - [UI] Window resized: 1024x768
2025-06-23 19:11:59,454 - dataset_tools_app - INFO - [UI] Clearing file list and selections.
2025-06-23 19:11:59,456 - dataset_tools_app - INFO - [UI] Attempting to load files from: /Users/duskfall/Downloads/Metadata Samples
2025-06-23 19:11:59,458 - dataset_tools_app - INFO - [UI] FileLoader thread started for: /Users/duskfall/Downloads/Metadata Samples
2025-06-23 19:11:59,459 - dataset_tools_app - INFO - [FileLoader] Starting to scan directory: /Users/duskfall/Downloads/Metadata Samples
2025-06-23 19:11:59,480 - dataset_tools_app - INFO - [FileLoader] Scanned 1112 items (files/dirs) in directory: /Users/duskfall/Downloads/Metadata Samples
2025-06-23 19:11:59,513 - dataset_tools_app - INFO - [FileLoader] Categorized files: 1101 images, 5 text/schema, 3 models.
2025-06-23 19:11:59,516 - dataset_tools_app - INFO - [FileLoader] Scan finished. Emitting result for folder: /Users/duskfall/Downloads/Metadata Samples. File to select: None. Counts: Img=1101, Txt=5, Mdl=3
2025-06-23 19:11:59,534 - dataset_tools_app - INFO - [UI] FileLoader finished. Received result for folder: /Users/duskfall/Downloads/Metadata Samples
2025-06-23 19:11:59,566 - dataset_tools_app - INFO - [UI] ON_FILE_SELECTED: file_name = '0-copertina_full.jpg'
2025-06-23 19:11:59,567 - dataset_tools_app - INFO - [UI] ON_FILE_SELECTED: self.current_folder = '/Users/duskfall/Downloads/Metadata Samples'
2025-06-23 19:11:59,568 - dataset_tools_app - INFO - [UI] ON_FILE_SELECTED: full_path = '/Users/duskfall/Downloads/Metadata Samples/0-copertina_full.jpg'
2025-06-23 19:11:59,569 - dataset_tools_app - INFO - [UI] ON_FILE_SELECTED: Path('/Users/duskfall/Downloads/Metadata Samples/0-copertina_full.jpg').is_file() result = True
2025-06-23 19:11:59,571 - dataset_tools_app - INFO - [UI] ON_FILE_SELECTED: Path PASSED for '/Users/duskfall/Downloads/Metadata Samples/0-copertina_full.jpg'. Suffix: '.jpg'. Processing for image.
2025-06-23 19:11:59,572 - dataset_tools_app - INFO - [UI] ON_FILE_SELECTED: File '0-copertina_full.jpg' suffix '.jpg' MATCHES image format set. Calling display_image_of.
2025-06-23 19:11:59,573 - dataset_tools_app - INFO - [UI] display_image_of: Loading pixmap for: '/Users/duskfall/Downloads/Metadata Samples/0-copertina_full.jpg'
2025-06-23 19:11:59,676 - dataset_tools_app - INFO - [UI] display_image_of: QPixmap OK for '/Users/duskfall/Downloads/Metadata Samples/0-copertina_full.jpg'. Size: 1920x1463
2025-06-23 19:11:59,679 - dataset_tools_app - INFO - [UI] load_metadata: Parsing: /Users/duskfall/Downloads/Metadata Samples/0-copertina_full.jpg
2025-06-23 19:11:59,680 - dataset_tools_app - INFO - ####################################################
2025-06-23 19:11:59,681 - dataset_tools_app - INFO - [ModelTool] ##### read_metadata_from CALLED for: /Users/duskfall/Downloads/Metadata Samples/0-copertina_full.jpg #####
2025-06-23 19:11:59,682 - dataset_tools_app - INFO - ####################################################
2025-06-23 19:11:59,683 - dataset_tools_app - INFO - [DT.metadata_parser]: >>> ENTERING parse_metadata for: /Users/duskfall/Downloads/Metadata Samples/0-copertina_full.jpg (Engine Primary Flow)
2025-06-23 19:11:59,685 - dataset_tools_app - INFO - [DT.metadata_parser]: Not a primary model file type. Attempting image metadata parsing with MetadataEngine.
2025-06-23 19:11:59,694 - dataset_tools_app - INFO - [DT.metadata_parser]: Expecting parser definitions in: /Users/duskfall/Downloads/Dataset-Tools-Toomany_Branches_LintingFixes/Dataset-Tools/dataset_tools/parser_definitions
2025-06-23 19:11:59,695 - MetadataEngine - WARNING - No rules.toml file found or loaded at expected config location. Rule evaluation will be limited.
2025-06-23 19:11:59,700 - MetadataEngine - INFO - Loaded 24 parser definitions from /Users/duskfall/Downloads/Dataset-Tools-Toomany_Branches_LintingFixes/Dataset-Tools/dataset_tools/parser_definitions
2025-06-23 19:11:59,701 - MetadataEngine - INFO - MetadataEngine: Starting metadata parsing for: {display_name}
2025-06-23 19:11:59,747 - MetadataEngine - WARNING - RuleEvaluator: Unknown source_type in detection rule: pil_info_key_or_exif_user_comment_json_path
2025-06-23 19:11:59,748 - MetadataEngine - INFO - MetadataEngine: No suitable parser definition matched for /Users/duskfall/Downloads/Metadata Samples/0-copertina_full.jpg.
2025-06-23 19:11:59,750 - dataset_tools_app - INFO - [DT.metadata_parser]: MetadataEngine found no parser. Attempting Fallback.
2025-06-23 19:11:59,757 - dataset_tools_app - INFO -   Fallback ImageDataReader did not fully succeed. Tool: , Status: FORMAT_ERROR, Error: No suitable metadata parser or file unreadable/corrupted.
2025-06-23 19:11:59,758 - dataset_tools_app - INFO - [DT.metadata_parser]: Attempting to read standard photo EXIF/XMP with pyexiv2.
2025-06-23 19:11:59,759 - dataset_tools_app - INFO - [MDFileReader] Reading JPG with pyexiv2: /Users/duskfall/Downloads/Metadata Samples/0-copertina_full.jpg
2025-06-23 19:11:59,819 - dataset_tools_app - INFO - [MDFileReader] An error occurred with pyexiv2 for JPG /Users/duskfall/Downloads/Metadata Samples/0-copertina_full.jpg: XMP Toolkit error 203: Duplicate property or field node

2025-06-23 19:11:59,821 - dataset_tools_app - INFO - [MDFileReader] Attempting fallback with Pillow due to pyexiv2 error...
2025-06-23 19:11:59,822 - dataset_tools_app - INFO - [MDFileReader] Pillow successfully extracted EXIF data from 0-copertina_full.jpg
2025-06-23 19:11:59,823 - dataset_tools_app - INFO - [MDFileReader] Successfully read EXIF data with Pillow after pyexiv2 error.
2025-06-23 19:11:59,824 - dataset_tools_app - INFO - Failed to find/load significant metadata for file: /Users/duskfall/Downloads/Metadata Samples/0-copertina_full.jpg
2025-06-23 19:11:59,825 - dataset_tools_app - INFO - [DT.metadata_parser]: <<< EXITING parse_metadata. Returning keys: ['_dt_internal_placeholder_']
2025-06-23 19:11:59,828 - dataset_tools_app - INFO - No meaningful metadata for 0-copertina_full.jpg
2025-06-23 19:11:59,829 - dataset_tools_app - INFO - [UI] Auto-selected first file in the list.
2025-06-23 19:12:01,729 - dataset_tools_app - INFO - [UI] ON_FILE_SELECTED: file_name = '00001-2835477688.jpeg'
2025-06-23 19:12:01,730 - dataset_tools_app - INFO - [UI] ON_FILE_SELECTED: self.current_folder = '/Users/duskfall/Downloads/Metadata Samples'
2025-06-23 19:12:01,731 - dataset_tools_app - INFO - [UI] ON_FILE_SELECTED: full_path = '/Users/duskfall/Downloads/Metadata Samples/00001-2835477688.jpeg'
2025-06-23 19:12:01,732 - dataset_tools_app - INFO - [UI] ON_FILE_SELECTED: Path('/Users/duskfall/Downloads/Metadata Samples/00001-2835477688.jpeg').is_file() result = True
2025-06-23 19:12:01,734 - dataset_tools_app - INFO - [UI] ON_FILE_SELECTED: Path PASSED for '/Users/duskfall/Downloads/Metadata Samples/00001-2835477688.jpeg'. Suffix: '.jpeg'. Processing for image.
2025-06-23 19:12:01,735 - dataset_tools_app - INFO - [UI] ON_FILE_SELECTED: File '00001-2835477688.jpeg' suffix '.jpeg' MATCHES image format set. Calling display_image_of.
2025-06-23 19:12:01,736 - dataset_tools_app - INFO - [UI] display_image_of: Loading pixmap for: '/Users/duskfall/Downloads/Metadata Samples/00001-2835477688.jpeg'
2025-06-23 19:12:01,811 - dataset_tools_app - INFO - [UI] display_image_of: QPixmap OK for '/Users/duskfall/Downloads/Metadata Samples/00001-2835477688.jpeg'. Size: 1600x2338
2025-06-23 19:12:01,814 - dataset_tools_app - INFO - [UI] load_metadata: Parsing: /Users/duskfall/Downloads/Metadata Samples/00001-2835477688.jpeg
2025-06-23 19:12:01,815 - dataset_tools_app - INFO - ####################################################
2025-06-23 19:12:01,816 - dataset_tools_app - INFO - [ModelTool] ##### read_metadata_from CALLED for: /Users/duskfall/Downloads/Metadata Samples/00001-2835477688.jpeg #####
2025-06-23 19:12:01,818 - dataset_tools_app - INFO - ####################################################
2025-06-23 19:12:01,819 - dataset_tools_app - INFO - [DT.metadata_parser]: >>> ENTERING parse_metadata for: /Users/duskfall/Downloads/Metadata Samples/00001-2835477688.jpeg (Engine Primary Flow)
2025-06-23 19:12:01,820 - dataset_tools_app - INFO - [DT.metadata_parser]: Not a primary model file type. Attempting image metadata parsing with MetadataEngine.
2025-06-23 19:12:01,821 - MetadataEngine - WARNING - No rules.toml file found or loaded at expected config location. Rule evaluation will be limited.
2025-06-23 19:12:01,825 - MetadataEngine - INFO - Loaded 24 parser definitions from /Users/duskfall/Downloads/Dataset-Tools-Toomany_Branches_LintingFixes/Dataset-Tools/dataset_tools/parser_definitions
2025-06-23 19:12:01,826 - dataset_tools_app - INFO - [DT.metadata_parser]: Expecting parser definitions in: /Users/duskfall/Downloads/Dataset-Tools-Toomany_Branches_LintingFixes/Dataset-Tools/dataset_tools/parser_definitions
2025-06-23 19:12:01,827 - MetadataEngine - WARNING - No rules.toml file found or loaded at expected config location. Rule evaluation will be limited.
2025-06-23 19:12:01,831 - MetadataEngine - INFO - Loaded 24 parser definitions from /Users/duskfall/Downloads/Dataset-Tools-Toomany_Branches_LintingFixes/Dataset-Tools/dataset_tools/parser_definitions
2025-06-23 19:12:01,832 - MetadataEngine - INFO - MetadataEngine: Starting metadata parsing for: {display_name}
2025-06-23 19:12:01,835 - MetadataEngine - WARNING - RuleEvaluator: Unknown source_type in detection rule: None
2025-06-23 19:12:01,836 - MetadataEngine - WARNING - RuleEvaluator: Unknown source_type in detection rule: None
2025-06-23 19:12:01,837 - MetadataEngine - WARNING - RuleEvaluator: Unknown source_type in detection rule: None
2025-06-23 19:12:01,838 - MetadataEngine - INFO - MetadataEngine: Matched parser definition: A1111 WebUI (Generic String Parser)
2025-06-23 19:12:01,839 - MetadataEngine - INFO - Using JSON-defined parsing instructions for {chosen_parser_def['parser_name']}.
2025-06-23 19:12:01,855 - dataset_tools_app - INFO - [DT.metadata_parser]: MetadataEngine returned result. Type: dict. Parser Def: JSON_Instruction_Parser
2025-06-23 19:12:01,856 - dataset_tools_app - INFO -   Engine used JSON instructions. Tool: None
2025-06-23 19:12:01,857 - dataset_tools_app - INFO - [DT._populate_ui_engine_dict] Received engine_dict_output: {'parameters': {'steps': 24, 'sampler': 'Euler a', 'cfg_scale': 7.0, 'seed': 2835477688, 'width': 832, 'height': 1216, 'model_hash': '529c72f6c3', 'model': 'mfcgPDXL_v10, VAE hash: 735e4c3a44, VAE: sdxl_vae.safetensors', 'vae_hash': '735e4c3a44, VAE: sdxl_vae.safetensors', 'vae_model': 'sdxl_vae.safetensors', 'denoising_strength': 0.33, 'clip_skip': 2, 'hires_upscale': 1.5, 'hires_steps': 12, 'hires_upscaler': '4x_fatal_Anime_500000_G', 'version': '24.5.1', 'tool_specific': {'hashes_str': '"EPhsrKafka: dba941975e80"', 'lora_hashes_str': '"EPhsrKafka: dba941975e80"', 'adetailer_model': 'Anzhc Face seg 640 v2 y8n.pt, ADetailer confidence: 0.7, ADetailer dilate erode: 4, ADetailer mask blur: 4, ADetailer denoising strength: 0.4, ADetailer inpaint only masked: True, ADetailer inpaint padding: 32, ADetailer version: 24.5.1', 'adetailer_confidence': '0.7, ADetailer dilate erode: 4, ADetailer mask blur: 4, ADetailer denoising strength: 0.4, ADetailer inpaint only masked: True, ADetailer inpaint padding: 32, ADetailer version: 24.5.1', 'adetailer_version': '24.5.1'}}, 'prompt': 'score_9, score_8_up,score_7_up, source_anime, rating_safe, 1girl, solo, <lora:EPhsrKafka:1> ,EPhsrKafka, purple hair, long hair, low ponytail, pink eyes, hair between eyes, eyewear on head, sunglasses, \n\n !, !!, ahoge, blush, green shirt, driving, looking at viewer, motion blur, open mouth, shirt, short sleeves, spaghetti strap, steering, steering wheel, surprised, sweat, upper body, screaming, panicking, wide-eyed', 'negative_prompt': '3d, monochrome, simple background,', 'parameters_VAR_steps': 24, 'parameters_VAR_sampler': 'Euler a', 'parameters_VAR_schedule_type': None, 'parameters_VAR_cfg_scale': 7.0, 'parameters_VAR_seed': 2835477688, 'parameters_VAR_width': 832, 'parameters_VAR_height': 1216, 'parameters_VAR_model_hash': '529c72f6c3', 'parameters_VAR_model': 'mfcgPDXL_v10, VAE hash: 735e4c3a44, VAE: sdxl_vae.safetensors', 'parameters_VAR_vae_hash': '735e4c3a44, VAE: sdxl_vae.safetensors', 'parameters_VAR_vae_model': 'sdxl_vae.safetensors', 'parameters_VAR_denoising_strength': 0.33, 'parameters_VAR_clip_skip': 2, 'parameters_VAR_hires_upscale': 1.5, 'parameters_VAR_hires_steps': 12, 'parameters_VAR_hires_upscaler': '4x_fatal_Anime_500000_G', 'parameters_VAR_version': '24.5.1', 'parameters_VAR_tool_specific_VAR_hashes_str': '"EPhsrKafka: dba941975e80"', 'parameters_VAR_tool_specific_VAR_hashes_parsed': None, 'parameters_VAR_tool_specific_VAR_lora_hashes_str': '"EPhsrKafka: dba941975e80"', 'parameters_VAR_tool_specific_VAR_ti_hashes_str': None, 'parameters_VAR_tool_specific_VAR_adetailer_model': 'Anzhc Face seg 640 v2 y8n.pt, ADetailer confidence: 0.7, ADetailer dilate erode: 4, ADetailer mask blur: 4, ADetailer denoising strength: 0.4, ADetailer inpaint only masked: True, ADetailer inpaint padding: 32, ADetailer version: 24.5.1', 'parameters_VAR_tool_specific_VAR_adetailer_confidence': '0.7, ADetailer dilate erode: 4, ADetailer mask blur: 4, ADetailer denoising strength: 0.4, ADetailer inpaint only masked: True, ADetailer inpaint padding: 32, ADetailer version: 24.5.1', 'parameters_VAR_tool_specific_VAR_adetailer_version': '24.5.1'}
2025-06-23 19:12:01,865 - dataset_tools_app - INFO - [DT.metadata_parser]: Attempting to read standard photo EXIF/XMP with pyexiv2.
2025-06-23 19:12:01,866 - dataset_tools_app - INFO - [MDFileReader] Reading JPG with pyexiv2: /Users/duskfall/Downloads/Metadata Samples/00001-2835477688.jpeg
2025-06-23 19:12:01,868 - dataset_tools_app - INFO - [DT.metadata_parser]: <<< EXITING parse_metadata. Returning keys: ['prompt_data_section', 'generation_parameters_section', 'metadata_info_section']
2025-06-23 19:12:57,931 - dataset_tools_app - INFO - [UI] Close event triggered. Saving settings.
2025-06-23 19:14:38,049 - dataset_tools_app - INFO - [DT.metadata_parser]: Successfully imported VENDORED SDPR components.
2025-06-23 19:14:38,072 - dataset_tools_app - INFO - Configured external logger 'DSVendored_SDPR' with RichHandler at level INFO.
2025-06-23 19:14:38,074 - dataset_tools_app - INFO - [DT.metadata_parser]: Configured Rich logging for 'DSVendored_SDPR' logger tree at level INFO.
2025-06-23 19:14:38,077 - dataset_tools_app - INFO - Reconfigured vendored logger tree 'DSVendored_SDPR' to level INFO
2025-06-23 19:14:38,079 - dataset_tools_app - INFO - Dataset Tools v0.0.0-dev launching...
2025-06-23 19:14:38,080 - dataset_tools_app - INFO - Application log level set to: INFO
2025-06-23 19:14:38,982 - dataset_tools_app - INFO - Initial theme loaded: dark_blue.xml
2025-06-23 19:14:38,985 - dataset_tools_app - INFO - [UI] Window resized: 1024x768
2025-06-23 19:14:39,047 - dataset_tools_app - INFO - [UI] Clearing file list and selections.
2025-06-23 19:14:39,049 - dataset_tools_app - INFO - [UI] Attempting to load files from: /Users/duskfall/Downloads/Metadata Samples
2025-06-23 19:14:39,051 - dataset_tools_app - INFO - [UI] FileLoader thread started for: /Users/duskfall/Downloads/Metadata Samples
2025-06-23 19:14:39,052 - dataset_tools_app - INFO - [FileLoader] Starting to scan directory: /Users/duskfall/Downloads/Metadata Samples
2025-06-23 19:14:39,083 - dataset_tools_app - INFO - [FileLoader] Scanned 1112 items (files/dirs) in directory: /Users/duskfall/Downloads/Metadata Samples
2025-06-23 19:14:39,110 - dataset_tools_app - INFO - [FileLoader] Categorized files: 1101 images, 5 text/schema, 3 models.
2025-06-23 19:14:39,112 - dataset_tools_app - INFO - [FileLoader] Scan finished. Emitting result for folder: /Users/duskfall/Downloads/Metadata Samples. File to select: None. Counts: Img=1101, Txt=5, Mdl=3
2025-06-23 19:14:39,142 - dataset_tools_app - INFO - [UI] FileLoader finished. Received result for folder: /Users/duskfall/Downloads/Metadata Samples
2025-06-23 19:14:39,173 - dataset_tools_app - INFO - [UI] ON_FILE_SELECTED: file_name = '0-copertina_full.jpg'
2025-06-23 19:14:39,174 - dataset_tools_app - INFO - [UI] ON_FILE_SELECTED: self.current_folder = '/Users/duskfall/Downloads/Metadata Samples'
2025-06-23 19:14:39,175 - dataset_tools_app - INFO - [UI] ON_FILE_SELECTED: full_path = '/Users/duskfall/Downloads/Metadata Samples/0-copertina_full.jpg'
2025-06-23 19:14:39,176 - dataset_tools_app - INFO - [UI] ON_FILE_SELECTED: Path('/Users/duskfall/Downloads/Metadata Samples/0-copertina_full.jpg').is_file() result = True
2025-06-23 19:14:39,177 - dataset_tools_app - INFO - [UI] ON_FILE_SELECTED: Path PASSED for '/Users/duskfall/Downloads/Metadata Samples/0-copertina_full.jpg'. Suffix: '.jpg'. Processing for image.
2025-06-23 19:14:39,178 - dataset_tools_app - INFO - [UI] ON_FILE_SELECTED: File '0-copertina_full.jpg' suffix '.jpg' MATCHES image format set. Calling display_image_of.
2025-06-23 19:14:39,180 - dataset_tools_app - INFO - [UI] display_image_of: Loading pixmap for: '/Users/duskfall/Downloads/Metadata Samples/0-copertina_full.jpg'
2025-06-23 19:14:39,279 - dataset_tools_app - INFO - [UI] display_image_of: QPixmap OK for '/Users/duskfall/Downloads/Metadata Samples/0-copertina_full.jpg'. Size: 1920x1463
2025-06-23 19:14:39,282 - dataset_tools_app - INFO - [UI] load_metadata: Parsing: /Users/duskfall/Downloads/Metadata Samples/0-copertina_full.jpg
2025-06-23 19:14:39,284 - dataset_tools_app - INFO - ####################################################
2025-06-23 19:14:39,285 - dataset_tools_app - INFO - [ModelTool] ##### read_metadata_from CALLED for: /Users/duskfall/Downloads/Metadata Samples/0-copertina_full.jpg #####
2025-06-23 19:14:39,286 - dataset_tools_app - INFO - ####################################################
2025-06-23 19:14:39,287 - dataset_tools_app - INFO - [DT.metadata_parser]: >>> ENTERING parse_metadata for: /Users/duskfall/Downloads/Metadata Samples/0-copertina_full.jpg (Engine Primary Flow)
2025-06-23 19:14:39,288 - dataset_tools_app - INFO - [DT.metadata_parser]: Not a primary model file type. Attempting image metadata parsing with MetadataEngine.
2025-06-23 19:14:39,297 - dataset_tools_app - INFO - [DT.metadata_parser]: Expecting parser definitions in: /Users/duskfall/Downloads/Dataset-Tools-Toomany_Branches_LintingFixes/Dataset-Tools/dataset_tools/parser_definitions
2025-06-23 19:14:39,298 - MetadataEngine - WARNING - No rules.toml file found or loaded at expected config location. Rule evaluation will be limited.
2025-06-23 19:14:39,302 - MetadataEngine - INFO - Loaded 24 parser definitions from /Users/duskfall/Downloads/Dataset-Tools-Toomany_Branches_LintingFixes/Dataset-Tools/dataset_tools/parser_definitions
2025-06-23 19:14:39,304 - MetadataEngine - INFO - MetadataEngine: Starting metadata parsing for: {display_name}
2025-06-23 19:14:39,334 - MetadataEngine - WARNING - RuleEvaluator: Unknown source_type in detection rule: pil_info_key_or_exif_user_comment_json_path
2025-06-23 19:14:39,335 - MetadataEngine - INFO - MetadataEngine: No suitable parser definition matched for /Users/duskfall/Downloads/Metadata Samples/0-copertina_full.jpg.
2025-06-23 19:14:39,337 - dataset_tools_app - INFO - [DT.metadata_parser]: MetadataEngine found no parser. Attempting Fallback.
2025-06-23 19:14:39,343 - dataset_tools_app - INFO -   Fallback ImageDataReader did not fully succeed. Tool: , Status: FORMAT_ERROR, Error: No suitable metadata parser or file unreadable/corrupted.
2025-06-23 19:14:39,344 - dataset_tools_app - INFO - [DT.metadata_parser]: Attempting to read standard photo EXIF/XMP with pyexiv2.
2025-06-23 19:14:39,345 - dataset_tools_app - INFO - [MDFileReader] Reading JPG with pyexiv2: /Users/duskfall/Downloads/Metadata Samples/0-copertina_full.jpg
2025-06-23 19:14:39,382 - dataset_tools_app - INFO - [MDFileReader] An error occurred with pyexiv2 for JPG /Users/duskfall/Downloads/Metadata Samples/0-copertina_full.jpg: XMP Toolkit error 203: Duplicate property or field node

2025-06-23 19:14:39,384 - dataset_tools_app - INFO - [MDFileReader] Attempting fallback with Pillow due to pyexiv2 error...
2025-06-23 19:14:39,386 - dataset_tools_app - INFO - [MDFileReader] Pillow successfully extracted EXIF data from 0-copertina_full.jpg
2025-06-23 19:14:39,388 - dataset_tools_app - INFO - [MDFileReader] Successfully read EXIF data with Pillow after pyexiv2 error.
2025-06-23 19:14:39,389 - dataset_tools_app - INFO - Failed to find/load significant metadata for file: /Users/duskfall/Downloads/Metadata Samples/0-copertina_full.jpg
2025-06-23 19:14:39,390 - dataset_tools_app - INFO - [DT.metadata_parser]: <<< EXITING parse_metadata. Returning keys: ['_dt_internal_placeholder_']
2025-06-23 19:14:39,392 - dataset_tools_app - INFO - No meaningful metadata for 0-copertina_full.jpg
2025-06-23 19:14:39,393 - dataset_tools_app - INFO - [UI] Auto-selected first file in the list.
2025-06-23 19:14:41,586 - dataset_tools_app - INFO - [UI] ON_FILE_SELECTED: file_name = '00001-4144862781.png'
2025-06-23 19:14:41,587 - dataset_tools_app - INFO - [UI] ON_FILE_SELECTED: self.current_folder = '/Users/duskfall/Downloads/Metadata Samples'
2025-06-23 19:14:41,588 - dataset_tools_app - INFO - [UI] ON_FILE_SELECTED: full_path = '/Users/duskfall/Downloads/Metadata Samples/00001-4144862781.png'
2025-06-23 19:14:41,589 - dataset_tools_app - INFO - [UI] ON_FILE_SELECTED: Path('/Users/duskfall/Downloads/Metadata Samples/00001-4144862781.png').is_file() result = True
2025-06-23 19:14:41,591 - dataset_tools_app - INFO - [UI] ON_FILE_SELECTED: Path PASSED for '/Users/duskfall/Downloads/Metadata Samples/00001-4144862781.png'. Suffix: '.png'. Processing for image.
2025-06-23 19:14:41,592 - dataset_tools_app - INFO - [UI] ON_FILE_SELECTED: File '00001-4144862781.png' suffix '.png' MATCHES image format set. Calling display_image_of.
2025-06-23 19:14:41,594 - dataset_tools_app - INFO - [UI] display_image_of: Loading pixmap for: '/Users/duskfall/Downloads/Metadata Samples/00001-4144862781.png'
2025-06-23 19:14:41,628 - dataset_tools_app - INFO - [UI] display_image_of: QPixmap OK for '/Users/duskfall/Downloads/Metadata Samples/00001-4144862781.png'. Size: 1024x1536
2025-06-23 19:14:41,631 - dataset_tools_app - INFO - [UI] load_metadata: Parsing: /Users/duskfall/Downloads/Metadata Samples/00001-4144862781.png
2025-06-23 19:14:41,632 - dataset_tools_app - INFO - ####################################################
2025-06-23 19:14:41,633 - dataset_tools_app - INFO - [ModelTool] ##### read_metadata_from CALLED for: /Users/duskfall/Downloads/Metadata Samples/00001-4144862781.png #####
2025-06-23 19:14:41,634 - dataset_tools_app - INFO - ####################################################
2025-06-23 19:14:41,635 - dataset_tools_app - INFO - [DT.metadata_parser]: >>> ENTERING parse_metadata for: /Users/duskfall/Downloads/Metadata Samples/00001-4144862781.png (Engine Primary Flow)
2025-06-23 19:14:41,636 - dataset_tools_app - INFO - [DT.metadata_parser]: Not a primary model file type. Attempting image metadata parsing with MetadataEngine.
2025-06-23 19:14:41,637 - MetadataEngine - WARNING - No rules.toml file found or loaded at expected config location. Rule evaluation will be limited.
2025-06-23 19:14:41,641 - MetadataEngine - INFO - Loaded 24 parser definitions from /Users/duskfall/Downloads/Dataset-Tools-Toomany_Branches_LintingFixes/Dataset-Tools/dataset_tools/parser_definitions
2025-06-23 19:14:41,642 - dataset_tools_app - INFO - [DT.metadata_parser]: Expecting parser definitions in: /Users/duskfall/Downloads/Dataset-Tools-Toomany_Branches_LintingFixes/Dataset-Tools/dataset_tools/parser_definitions
2025-06-23 19:14:41,643 - MetadataEngine - WARNING - No rules.toml file found or loaded at expected config location. Rule evaluation will be limited.
2025-06-23 19:14:41,647 - MetadataEngine - INFO - Loaded 24 parser definitions from /Users/duskfall/Downloads/Dataset-Tools-Toomany_Branches_LintingFixes/Dataset-Tools/dataset_tools/parser_definitions
2025-06-23 19:14:41,648 - MetadataEngine - INFO - MetadataEngine: Starting metadata parsing for: {display_name}
2025-06-23 19:14:41,649 - MetadataEngine - WARNING - RuleEvaluator: Unknown source_type in detection rule: None
2025-06-23 19:14:41,650 - MetadataEngine - WARNING - RuleEvaluator: Unknown source_type in detection rule: None
2025-06-23 19:14:41,651 - MetadataEngine - WARNING - RuleEvaluator: Unknown source_type in detection rule: None
2025-06-23 19:14:41,652 - MetadataEngine - WARNING - RuleEvaluator: Unknown source_type in detection rule: None
2025-06-23 19:14:41,654 - MetadataEngine - INFO - MetadataEngine: Matched parser definition: A1111 WebUI (Generic String Parser)
2025-06-23 19:14:41,655 - MetadataEngine - INFO - Using JSON-defined parsing instructions for {chosen_parser_def['parser_name']}.
2025-06-23 19:14:41,672 - dataset_tools_app - INFO - [DT.metadata_parser]: MetadataEngine returned result. Type: dict. Parser Def: JSON_Instruction_Parser
2025-06-23 19:14:41,674 - dataset_tools_app - INFO -   Engine used JSON instructions. Tool: None
2025-06-23 19:14:41,674 - dataset_tools_app - INFO - [DT._populate_ui_engine_dict] Received engine_dict_output: {'parameters': {'steps': 20, 'sampler': 'DPM++ 2M Karras', 'cfg_scale': 7.0, 'seed': 4144862781, 'width': 512, 'height': 768, 'model_hash': '7532ba4b2c', 'model': '25D-EarthDuskTest, VAE hash: 513d68f522, VAE: wd.vae.safetensors', 'vae_hash': '513d68f522, VAE: wd.vae.safetensors', 'vae_model': 'wd.vae.safetensors', 'denoising_strength': 0.5, 'clip_skip': 2, 'hires_upscale': 2.0, 'hires_steps': 30, 'hires_upscaler': '4x-UltraSharp', 'version': 'v1.6.0, Hashes: {"vae": "513d68f522", "embed:AntiChild": "d2dd19b527", "embed:EasyVictorianFoxGirl": "7bc11213d6"}', 'tool_specific': {'hashes_str': '{"vae": "513d68f522", "embed:AntiChild": "d2dd19b527", "embed:EasyVictorianFoxGirl": "7bc11213d6"}'}}, 'prompt': 'EasyVictorianFoxGirl', 'negative_prompt': 'AntiChild EarthAnimix-Neg-neg', 'parameters_VAR_steps': 20, 'parameters_VAR_sampler': 'DPM++ 2M Karras', 'parameters_VAR_schedule_type': None, 'parameters_VAR_cfg_scale': 7.0, 'parameters_VAR_seed': 4144862781, 'parameters_VAR_width': 512, 'parameters_VAR_height': 768, 'parameters_VAR_model_hash': '7532ba4b2c', 'parameters_VAR_model': '25D-EarthDuskTest, VAE hash: 513d68f522, VAE: wd.vae.safetensors', 'parameters_VAR_vae_hash': '513d68f522, VAE: wd.vae.safetensors', 'parameters_VAR_vae_model': 'wd.vae.safetensors', 'parameters_VAR_denoising_strength': 0.5, 'parameters_VAR_clip_skip': 2, 'parameters_VAR_hires_upscale': 2.0, 'parameters_VAR_hires_steps': 30, 'parameters_VAR_hires_upscaler': '4x-UltraSharp', 'parameters_VAR_version': 'v1.6.0, Hashes: {"vae": "513d68f522", "embed:AntiChild": "d2dd19b527", "embed:EasyVictorianFoxGirl": "7bc11213d6"}', 'parameters_VAR_tool_specific_VAR_hashes_str': '{"vae": "513d68f522", "embed:AntiChild": "d2dd19b527", "embed:EasyVictorianFoxGirl": "7bc11213d6"}', 'parameters_VAR_tool_specific_VAR_hashes_parsed': None, 'parameters_VAR_tool_specific_VAR_lora_hashes_str': None, 'parameters_VAR_tool_specific_VAR_ti_hashes_str': None, 'parameters_VAR_tool_specific_VAR_adetailer_model': None, 'parameters_VAR_tool_specific_VAR_adetailer_confidence': None, 'parameters_VAR_tool_specific_VAR_adetailer_version': None}
2025-06-23 19:14:41,681 - dataset_tools_app - INFO - [DT.metadata_parser]: Attempting to read standard photo EXIF/XMP with pyexiv2.
2025-06-23 19:14:41,682 - dataset_tools_app - INFO - [MDFileReader] Reading PNG with pyexiv2 for standard metadata: /Users/duskfall/Downloads/Metadata Samples/00001-4144862781.png
2025-06-23 19:14:41,705 - dataset_tools_app - INFO - [MDFileReader] pyexiv2 found no standard EXIF/IPTC/XMP in PNG: /Users/duskfall/Downloads/Metadata Samples/00001-4144862781.png
2025-06-23 19:14:41,707 - dataset_tools_app - INFO - [MDFileReader] Attempting fallback with Pillow for EXIF data...
2025-06-23 19:14:41,772 - dataset_tools_app - INFO - [MDFileReader] Pillow found no EXIF data in 00001-4144862781.png
2025-06-23 19:14:41,774 - dataset_tools_app - INFO - [MDFileReader] Pillow also found no EXIF data for /Users/duskfall/Downloads/Metadata Samples/00001-4144862781.png.
2025-06-23 19:14:41,775 - dataset_tools_app - INFO - [DT.metadata_parser]: <<< EXITING parse_metadata. Returning keys: ['prompt_data_section', 'generation_parameters_section', 'metadata_info_section']
2025-06-23 19:14:56,820 - dataset_tools_app - INFO - [UI] Close event triggered. Saving settings.
2025-06-23 19:15:13,706 - dataset_tools_app - INFO - [DT.metadata_parser]: Successfully imported VENDORED SDPR components.
2025-06-23 19:15:13,732 - dataset_tools_app - INFO - Configured external logger 'DSVendored_SDPR' with RichHandler at level INFO.
2025-06-23 19:15:13,733 - dataset_tools_app - INFO - [DT.metadata_parser]: Configured Rich logging for 'DSVendored_SDPR' logger tree at level INFO.
2025-06-23 19:15:13,759 - dataset_tools_app - INFO - Reconfigured vendored logger tree 'DSVendored_SDPR' to level INFO
2025-06-23 19:15:13,761 - dataset_tools_app - INFO - Dataset Tools v0.0.0-dev launching...
2025-06-23 19:15:13,762 - dataset_tools_app - INFO - Application log level set to: INFO
2025-06-23 19:15:14,747 - dataset_tools_app - INFO - Initial theme loaded: dark_blue.xml
2025-06-23 19:15:14,749 - dataset_tools_app - INFO - [UI] Window resized: 1024x768
2025-06-23 19:15:14,815 - dataset_tools_app - INFO - [UI] Clearing file list and selections.
2025-06-23 19:15:14,816 - dataset_tools_app - INFO - [UI] Attempting to load files from: /Users/duskfall/Downloads/Metadata Samples
2025-06-23 19:15:14,819 - dataset_tools_app - INFO - [UI] FileLoader thread started for: /Users/duskfall/Downloads/Metadata Samples
2025-06-23 19:15:14,829 - dataset_tools_app - INFO - [FileLoader] Starting to scan directory: /Users/duskfall/Downloads/Metadata Samples
2025-06-23 19:15:14,842 - dataset_tools_app - INFO - [FileLoader] Scanned 1112 items (files/dirs) in directory: /Users/duskfall/Downloads/Metadata Samples
2025-06-23 19:15:14,878 - dataset_tools_app - INFO - [FileLoader] Categorized files: 1101 images, 5 text/schema, 3 models.
2025-06-23 19:15:14,880 - dataset_tools_app - INFO - [FileLoader] Scan finished. Emitting result for folder: /Users/duskfall/Downloads/Metadata Samples. File to select: None. Counts: Img=1101, Txt=5, Mdl=3
2025-06-23 19:15:14,903 - dataset_tools_app - INFO - [UI] FileLoader finished. Received result for folder: /Users/duskfall/Downloads/Metadata Samples
2025-06-23 19:15:14,934 - dataset_tools_app - INFO - [UI] ON_FILE_SELECTED: file_name = '0-copertina_full.jpg'
2025-06-23 19:15:14,935 - dataset_tools_app - INFO - [UI] ON_FILE_SELECTED: self.current_folder = '/Users/duskfall/Downloads/Metadata Samples'
2025-06-23 19:15:14,936 - dataset_tools_app - INFO - [UI] ON_FILE_SELECTED: full_path = '/Users/duskfall/Downloads/Metadata Samples/0-copertina_full.jpg'
2025-06-23 19:15:14,937 - dataset_tools_app - INFO - [UI] ON_FILE_SELECTED: Path('/Users/duskfall/Downloads/Metadata Samples/0-copertina_full.jpg').is_file() result = True
2025-06-23 19:15:14,938 - dataset_tools_app - INFO - [UI] ON_FILE_SELECTED: Path PASSED for '/Users/duskfall/Downloads/Metadata Samples/0-copertina_full.jpg'. Suffix: '.jpg'. Processing for image.
2025-06-23 19:15:14,939 - dataset_tools_app - INFO - [UI] ON_FILE_SELECTED: File '0-copertina_full.jpg' suffix '.jpg' MATCHES image format set. Calling display_image_of.
2025-06-23 19:15:14,940 - dataset_tools_app - INFO - [UI] display_image_of: Loading pixmap for: '/Users/duskfall/Downloads/Metadata Samples/0-copertina_full.jpg'
2025-06-23 19:15:15,075 - dataset_tools_app - INFO - [UI] display_image_of: QPixmap OK for '/Users/duskfall/Downloads/Metadata Samples/0-copertina_full.jpg'. Size: 1920x1463
2025-06-23 19:15:15,078 - dataset_tools_app - INFO - [UI] load_metadata: Parsing: /Users/duskfall/Downloads/Metadata Samples/0-copertina_full.jpg
2025-06-23 19:15:15,079 - dataset_tools_app - INFO - ####################################################
2025-06-23 19:15:15,080 - dataset_tools_app - INFO - [ModelTool] ##### read_metadata_from CALLED for: /Users/duskfall/Downloads/Metadata Samples/0-copertina_full.jpg #####
2025-06-23 19:15:15,081 - dataset_tools_app - INFO - ####################################################
2025-06-23 19:15:15,082 - dataset_tools_app - INFO - [DT.metadata_parser]: >>> ENTERING parse_metadata for: /Users/duskfall/Downloads/Metadata Samples/0-copertina_full.jpg (Engine Primary Flow)
2025-06-23 19:15:15,083 - dataset_tools_app - INFO - [DT.metadata_parser]: Not a primary model file type. Attempting image metadata parsing with MetadataEngine.
2025-06-23 19:15:15,090 - dataset_tools_app - INFO - [DT.metadata_parser]: Expecting parser definitions in: /Users/duskfall/Downloads/Dataset-Tools-Toomany_Branches_LintingFixes/Dataset-Tools/dataset_tools/parser_definitions
2025-06-23 19:15:15,092 - MetadataEngine - WARNING - No rules.toml file found or loaded at expected config location. Rule evaluation will be limited.
2025-06-23 19:15:15,097 - MetadataEngine - INFO - Loaded 24 parser definitions from /Users/duskfall/Downloads/Dataset-Tools-Toomany_Branches_LintingFixes/Dataset-Tools/dataset_tools/parser_definitions
2025-06-23 19:15:15,098 - MetadataEngine - INFO - MetadataEngine: Starting metadata parsing for: {display_name}
2025-06-23 19:15:15,125 - MetadataEngine - WARNING - RuleEvaluator: Unknown source_type in detection rule: pil_info_key_or_exif_user_comment_json_path
2025-06-23 19:15:15,126 - MetadataEngine - INFO - MetadataEngine: No suitable parser definition matched for /Users/duskfall/Downloads/Metadata Samples/0-copertina_full.jpg.
2025-06-23 19:15:15,128 - dataset_tools_app - INFO - [DT.metadata_parser]: MetadataEngine found no parser. Attempting Fallback.
2025-06-23 19:15:15,134 - dataset_tools_app - INFO -   Fallback ImageDataReader did not fully succeed. Tool: , Status: FORMAT_ERROR, Error: No suitable metadata parser or file unreadable/corrupted.
2025-06-23 19:15:15,135 - dataset_tools_app - INFO - [DT.metadata_parser]: Attempting to read standard photo EXIF/XMP with pyexiv2.
2025-06-23 19:15:15,136 - dataset_tools_app - INFO - [MDFileReader] Reading JPG with pyexiv2: /Users/duskfall/Downloads/Metadata Samples/0-copertina_full.jpg
2025-06-23 19:15:15,172 - dataset_tools_app - INFO - [MDFileReader] An error occurred with pyexiv2 for JPG /Users/duskfall/Downloads/Metadata Samples/0-copertina_full.jpg: XMP Toolkit error 203: Duplicate property or field node

2025-06-23 19:15:15,174 - dataset_tools_app - INFO - [MDFileReader] Attempting fallback with Pillow due to pyexiv2 error...
2025-06-23 19:15:15,175 - dataset_tools_app - INFO - [MDFileReader] Pillow successfully extracted EXIF data from 0-copertina_full.jpg
2025-06-23 19:15:15,176 - dataset_tools_app - INFO - [MDFileReader] Successfully read EXIF data with Pillow after pyexiv2 error.
2025-06-23 19:15:15,177 - dataset_tools_app - INFO - Failed to find/load significant metadata for file: /Users/duskfall/Downloads/Metadata Samples/0-copertina_full.jpg
2025-06-23 19:15:15,178 - dataset_tools_app - INFO - [DT.metadata_parser]: <<< EXITING parse_metadata. Returning keys: ['_dt_internal_placeholder_']
2025-06-23 19:15:15,180 - dataset_tools_app - INFO - No meaningful metadata for 0-copertina_full.jpg
2025-06-23 19:15:15,181 - dataset_tools_app - INFO - [UI] Auto-selected first file in the list.
2025-06-23 19:15:18,826 - dataset_tools_app - INFO - [UI] ON_FILE_SELECTED: file_name = '00000-2340366286.jpeg'
2025-06-23 19:15:18,827 - dataset_tools_app - INFO - [UI] ON_FILE_SELECTED: self.current_folder = '/Users/duskfall/Downloads/Metadata Samples'
2025-06-23 19:15:18,829 - dataset_tools_app - INFO - [UI] ON_FILE_SELECTED: full_path = '/Users/duskfall/Downloads/Metadata Samples/00000-2340366286.jpeg'
2025-06-23 19:15:18,830 - dataset_tools_app - INFO - [UI] ON_FILE_SELECTED: Path('/Users/duskfall/Downloads/Metadata Samples/00000-2340366286.jpeg').is_file() result = True
2025-06-23 19:15:18,831 - dataset_tools_app - INFO - [UI] ON_FILE_SELECTED: Path PASSED for '/Users/duskfall/Downloads/Metadata Samples/00000-2340366286.jpeg'. Suffix: '.jpeg'. Processing for image.
2025-06-23 19:15:18,832 - dataset_tools_app - INFO - [UI] ON_FILE_SELECTED: File '00000-2340366286.jpeg' suffix '.jpeg' MATCHES image format set. Calling display_image_of.
2025-06-23 19:15:18,833 - dataset_tools_app - INFO - [UI] display_image_of: Loading pixmap for: '/Users/duskfall/Downloads/Metadata Samples/00000-2340366286.jpeg'
2025-06-23 19:15:18,879 - dataset_tools_app - INFO - [UI] display_image_of: QPixmap OK for '/Users/duskfall/Downloads/Metadata Samples/00000-2340366286.jpeg'. Size: 1600x2338
2025-06-23 19:15:18,882 - dataset_tools_app - INFO - [UI] load_metadata: Parsing: /Users/duskfall/Downloads/Metadata Samples/00000-2340366286.jpeg
2025-06-23 19:15:18,884 - dataset_tools_app - INFO - ####################################################
2025-06-23 19:15:18,885 - dataset_tools_app - INFO - [ModelTool] ##### read_metadata_from CALLED for: /Users/duskfall/Downloads/Metadata Samples/00000-2340366286.jpeg #####
2025-06-23 19:15:18,886 - dataset_tools_app - INFO - ####################################################
2025-06-23 19:15:18,887 - dataset_tools_app - INFO - [DT.metadata_parser]: >>> ENTERING parse_metadata for: /Users/duskfall/Downloads/Metadata Samples/00000-2340366286.jpeg (Engine Primary Flow)
2025-06-23 19:15:18,888 - dataset_tools_app - INFO - [DT.metadata_parser]: Not a primary model file type. Attempting image metadata parsing with MetadataEngine.
2025-06-23 19:15:18,889 - MetadataEngine - WARNING - No rules.toml file found or loaded at expected config location. Rule evaluation will be limited.
2025-06-23 19:15:18,893 - MetadataEngine - INFO - Loaded 24 parser definitions from /Users/duskfall/Downloads/Dataset-Tools-Toomany_Branches_LintingFixes/Dataset-Tools/dataset_tools/parser_definitions
2025-06-23 19:15:18,895 - dataset_tools_app - INFO - [DT.metadata_parser]: Expecting parser definitions in: /Users/duskfall/Downloads/Dataset-Tools-Toomany_Branches_LintingFixes/Dataset-Tools/dataset_tools/parser_definitions
2025-06-23 19:15:18,897 - MetadataEngine - WARNING - No rules.toml file found or loaded at expected config location. Rule evaluation will be limited.
2025-06-23 19:15:18,900 - MetadataEngine - INFO - Loaded 24 parser definitions from /Users/duskfall/Downloads/Dataset-Tools-Toomany_Branches_LintingFixes/Dataset-Tools/dataset_tools/parser_definitions
2025-06-23 19:15:18,901 - MetadataEngine - INFO - MetadataEngine: Starting metadata parsing for: {display_name}
2025-06-23 19:15:18,903 - MetadataEngine - WARNING - RuleEvaluator: Unknown source_type in detection rule: None
2025-06-23 19:15:18,904 - MetadataEngine - WARNING - RuleEvaluator: Unknown source_type in detection rule: None
2025-06-23 19:15:18,905 - MetadataEngine - WARNING - RuleEvaluator: Unknown source_type in detection rule: None
2025-06-23 19:15:18,907 - MetadataEngine - INFO - MetadataEngine: Matched parser definition: A1111 WebUI (Generic String Parser)
2025-06-23 19:15:18,908 - MetadataEngine - INFO - Using JSON-defined parsing instructions for {chosen_parser_def['parser_name']}.
2025-06-23 19:15:18,924 - dataset_tools_app - INFO - [DT.metadata_parser]: MetadataEngine returned result. Type: dict. Parser Def: JSON_Instruction_Parser
2025-06-23 19:15:18,926 - dataset_tools_app - INFO -   Engine used JSON instructions. Tool: None
2025-06-23 19:15:18,927 - dataset_tools_app - INFO - [DT._populate_ui_engine_dict] Received engine_dict_output: {'parameters': {'steps': 24, 'sampler': 'Euler a', 'cfg_scale': 7.0, 'seed': 2340366286, 'width': 832, 'height': 1216, 'model_hash': '529c72f6c3', 'model': 'mfcgPDXL_v10, VAE hash: 735e4c3a44, VAE: sdxl_vae.safetensors', 'vae_hash': '735e4c3a44, VAE: sdxl_vae.safetensors', 'vae_model': 'sdxl_vae.safetensors', 'denoising_strength': 0.33, 'clip_skip': 2, 'hires_upscale': 1.5, 'hires_steps': 12, 'hires_upscaler': '4x_fatal_Anime_500000_G', 'version': '24.5.1', 'tool_specific': {'hashes_str': '"EPhsrKafka: dba941975e80"', 'lora_hashes_str': '"EPhsrKafka: dba941975e80"', 'adetailer_model': 'Anzhc Face seg 640 v2 y8n.pt, ADetailer confidence: 0.7, ADetailer dilate erode: 4, ADetailer mask blur: 4, ADetailer denoising strength: 0.4, ADetailer inpaint only masked: True, ADetailer inpaint padding: 32, ADetailer version: 24.5.1', 'adetailer_confidence': '0.7, ADetailer dilate erode: 4, ADetailer mask blur: 4, ADetailer denoising strength: 0.4, ADetailer inpaint only masked: True, ADetailer inpaint padding: 32, ADetailer version: 24.5.1', 'adetailer_version': '24.5.1'}}, 'prompt': 'score_9, score_8_up,score_7_up, source_anime, rating_safe, 1girl, solo, <lora:EPhsrKafka:1> ,EPhsrKafka, purple hair, long hair, low ponytail, pink eyes, hair between eyes, eyewear on head, sunglasses, \n\n hoop earrings, pink lips, oversized t-shirt, baggy pants, outstretched arms, blush smiling, sitting on couch, in living room, looking at viewer, pov, incoming hug,', 'negative_prompt': '3d, monochrome, simple background,', 'parameters_VAR_steps': 24, 'parameters_VAR_sampler': 'Euler a', 'parameters_VAR_schedule_type': None, 'parameters_VAR_cfg_scale': 7.0, 'parameters_VAR_seed': 2340366286, 'parameters_VAR_width': 832, 'parameters_VAR_height': 1216, 'parameters_VAR_model_hash': '529c72f6c3', 'parameters_VAR_model': 'mfcgPDXL_v10, VAE hash: 735e4c3a44, VAE: sdxl_vae.safetensors', 'parameters_VAR_vae_hash': '735e4c3a44, VAE: sdxl_vae.safetensors', 'parameters_VAR_vae_model': 'sdxl_vae.safetensors', 'parameters_VAR_denoising_strength': 0.33, 'parameters_VAR_clip_skip': 2, 'parameters_VAR_hires_upscale': 1.5, 'parameters_VAR_hires_steps': 12, 'parameters_VAR_hires_upscaler': '4x_fatal_Anime_500000_G', 'parameters_VAR_version': '24.5.1', 'parameters_VAR_tool_specific_VAR_hashes_str': '"EPhsrKafka: dba941975e80"', 'parameters_VAR_tool_specific_VAR_hashes_parsed': None, 'parameters_VAR_tool_specific_VAR_lora_hashes_str': '"EPhsrKafka: dba941975e80"', 'parameters_VAR_tool_specific_VAR_ti_hashes_str': None, 'parameters_VAR_tool_specific_VAR_adetailer_model': 'Anzhc Face seg 640 v2 y8n.pt, ADetailer confidence: 0.7, ADetailer dilate erode: 4, ADetailer mask blur: 4, ADetailer denoising strength: 0.4, ADetailer inpaint only masked: True, ADetailer inpaint padding: 32, ADetailer version: 24.5.1', 'parameters_VAR_tool_specific_VAR_adetailer_confidence': '0.7, ADetailer dilate erode: 4, ADetailer mask blur: 4, ADetailer denoising strength: 0.4, ADetailer inpaint only masked: True, ADetailer inpaint padding: 32, ADetailer version: 24.5.1', 'parameters_VAR_tool_specific_VAR_adetailer_version': '24.5.1'}
2025-06-23 19:15:18,935 - dataset_tools_app - INFO - [DT.metadata_parser]: Attempting to read standard photo EXIF/XMP with pyexiv2.
2025-06-23 19:15:18,936 - dataset_tools_app - INFO - [MDFileReader] Reading JPG with pyexiv2: /Users/duskfall/Downloads/Metadata Samples/00000-2340366286.jpeg
2025-06-23 19:15:18,965 - dataset_tools_app - INFO - [DT.metadata_parser]: <<< EXITING parse_metadata. Returning keys: ['prompt_data_section', 'generation_parameters_section', 'metadata_info_section']
2025-06-23 19:15:23,222 - dataset_tools_app - INFO - [UI] ON_FILE_SELECTED: file_name = '00000-3317.png'
2025-06-23 19:15:23,224 - dataset_tools_app - INFO - [UI] ON_FILE_SELECTED: self.current_folder = '/Users/duskfall/Downloads/Metadata Samples'
2025-06-23 19:15:23,225 - dataset_tools_app - INFO - [UI] ON_FILE_SELECTED: full_path = '/Users/duskfall/Downloads/Metadata Samples/00000-3317.png'
2025-06-23 19:15:23,226 - dataset_tools_app - INFO - [UI] ON_FILE_SELECTED: Path('/Users/duskfall/Downloads/Metadata Samples/00000-3317.png').is_file() result = True
2025-06-23 19:15:23,228 - dataset_tools_app - INFO - [UI] ON_FILE_SELECTED: Path PASSED for '/Users/duskfall/Downloads/Metadata Samples/00000-3317.png'. Suffix: '.png'. Processing for image.
2025-06-23 19:15:23,229 - dataset_tools_app - INFO - [UI] ON_FILE_SELECTED: File '00000-3317.png' suffix '.png' MATCHES image format set. Calling display_image_of.
2025-06-23 19:15:23,230 - dataset_tools_app - INFO - [UI] display_image_of: Loading pixmap for: '/Users/duskfall/Downloads/Metadata Samples/00000-3317.png'
2025-06-23 19:15:23,316 - dataset_tools_app - INFO - [UI] display_image_of: QPixmap OK for '/Users/duskfall/Downloads/Metadata Samples/00000-3317.png'. Size: 1536x2688
2025-06-23 19:15:23,319 - dataset_tools_app - INFO - [UI] load_metadata: Parsing: /Users/duskfall/Downloads/Metadata Samples/00000-3317.png
2025-06-23 19:15:23,320 - dataset_tools_app - INFO - ####################################################
2025-06-23 19:15:23,321 - dataset_tools_app - INFO - [ModelTool] ##### read_metadata_from CALLED for: /Users/duskfall/Downloads/Metadata Samples/00000-3317.png #####
2025-06-23 19:15:23,323 - dataset_tools_app - INFO - ####################################################
2025-06-23 19:15:23,324 - dataset_tools_app - INFO - [DT.metadata_parser]: >>> ENTERING parse_metadata for: /Users/duskfall/Downloads/Metadata Samples/00000-3317.png (Engine Primary Flow)
2025-06-23 19:15:23,325 - dataset_tools_app - INFO - [DT.metadata_parser]: Not a primary model file type. Attempting image metadata parsing with MetadataEngine.
2025-06-23 19:15:23,327 - MetadataEngine - WARNING - No rules.toml file found or loaded at expected config location. Rule evaluation will be limited.
2025-06-23 19:15:23,331 - MetadataEngine - INFO - Loaded 24 parser definitions from /Users/duskfall/Downloads/Dataset-Tools-Toomany_Branches_LintingFixes/Dataset-Tools/dataset_tools/parser_definitions
2025-06-23 19:15:23,332 - dataset_tools_app - INFO - [DT.metadata_parser]: Expecting parser definitions in: /Users/duskfall/Downloads/Dataset-Tools-Toomany_Branches_LintingFixes/Dataset-Tools/dataset_tools/parser_definitions
2025-06-23 19:15:23,333 - MetadataEngine - WARNING - No rules.toml file found or loaded at expected config location. Rule evaluation will be limited.
2025-06-23 19:15:23,337 - MetadataEngine - INFO - Loaded 24 parser definitions from /Users/duskfall/Downloads/Dataset-Tools-Toomany_Branches_LintingFixes/Dataset-Tools/dataset_tools/parser_definitions
2025-06-23 19:15:23,338 - MetadataEngine - INFO - MetadataEngine: Starting metadata parsing for: {display_name}
2025-06-23 19:15:23,339 - MetadataEngine - WARNING - RuleEvaluator: Unknown source_type in detection rule: None
2025-06-23 19:15:23,340 - MetadataEngine - WARNING - RuleEvaluator: Unknown source_type in detection rule: None
2025-06-23 19:15:23,341 - MetadataEngine - WARNING - RuleEvaluator: Unknown source_type in detection rule: None
2025-06-23 19:15:23,342 - MetadataEngine - WARNING - RuleEvaluator: Unknown source_type in detection rule: None
2025-06-23 19:15:23,343 - MetadataEngine - INFO - MetadataEngine: Matched parser definition: A1111 WebUI (Generic String Parser)
2025-06-23 19:15:23,344 - MetadataEngine - INFO - Using JSON-defined parsing instructions for {chosen_parser_def['parser_name']}.
2025-06-23 19:15:23,350 - dataset_tools_app - INFO - [DT.metadata_parser]: MetadataEngine returned result. Type: dict. Parser Def: JSON_Instruction_Parser
2025-06-23 19:15:23,351 - dataset_tools_app - INFO -   Engine used JSON instructions. Tool: None
2025-06-23 19:15:23,352 - dataset_tools_app - INFO - [DT._populate_ui_engine_dict] Received engine_dict_output: {'parameters': {'steps': 30, 'sampler': 'Euler a', 'schedule_type': 'Automatic', 'cfg_scale': 7.0, 'seed': 3254620543, 'width': 1024, 'height': 1792, 'model_hash': '54f352bbab', 'model': 'Burritolious_V5.8, VAE hash: 62c7c729ad, VAE: sharpspectrumvaexl_v1.safetensors', 'vae_hash': '62c7c729ad, VAE: sharpspectrumvaexl_v1.safetensors', 'vae_model': 'sharpspectrumvaexl_v1.safetensors', 'denoising_strength': 0.4, 'clip_skip': 2, 'hires_upscale': 1.5, 'hires_steps': 20, 'hires_upscaler': 'lollypop', 'version': '25.3.0, Hires prompt: , Hires negative prompt: , Hires CFG Scale: 7', 'tool_specific': {'adetailer_model': 'breasts_seg.pt, ADetailer confidence: 0.3, ADetailer dilate erode: 4, ADetailer mask blur: 4, ADetailer denoising strength: 0.4, ADetailer inpaint only masked: True, ADetailer inpaint padding: 32, ADetailer model 2nd: hair_yolov8n-seg_60.pt, ADetailer prompt 2nd: ., ADetailer confidence 2nd: 0.3, ADetailer dilate erode 2nd: 4, ADetailer mask blur 2nd: 4, ADetailer denoising strength 2nd: 0.4, ADetailer inpaint only masked 2nd: True, ADetailer inpaint padding 2nd: 32, ADetailer model 3rd: Anzhcs WomanFace v05 1024 y8n.pt, ADetailer confidence 3rd: 0.3, ADetailer dilate erode 3rd: 4, ADetailer mask blur 3rd: 4, ADetailer denoising strength 3rd: 0.4, ADetailer inpaint only masked 3rd: True, ADetailer inpaint padding 3rd: 32, ADetailer model 4th: Eyes.pt, ADetailer prompt 4th: ., ADetailer confidence 4th: 0.3, ADetailer dilate erode 4th: 4, ADetailer mask blur 4th: 4, ADetailer denoising strength 4th: 0.4, ADetailer inpaint only masked 4th: True, ADetailer inpaint padding 4th: 32, ADetailer model 5th: female_clothes_top_seg.pt, ADetailer confidence 5th: 0.3, ADetailer dilate erode 5th: 4, ADetailer mask blur 5th: 4, ADetailer denoising strength 5th: 0.4, ADetailer inpaint only masked 5th: True, ADetailer inpaint padding 5th: 32, ADetailer model 6th: belly_seg_v2.42_less_groin.pt, ADetailer prompt 6th: ., ADetailer confidence 6th: 0.3, ADetailer dilate erode 6th: 4, ADetailer mask blur 6th: 4, ADetailer denoising strength 6th: 0.4, ADetailer inpaint only masked 6th: True, ADetailer inpaint padding 6th: 32, ADetailer version: 25.3.0, Hires prompt: , Hires negative prompt: , Hires CFG Scale: 7', 'adetailer_confidence': '0.3, ADetailer dilate erode: 4, ADetailer mask blur: 4, ADetailer denoising strength: 0.4, ADetailer inpaint only masked: True, ADetailer inpaint padding: 32, ADetailer model 2nd: hair_yolov8n-seg_60.pt, ADetailer prompt 2nd: ., ADetailer confidence 2nd: 0.3, ADetailer dilate erode 2nd: 4, ADetailer mask blur 2nd: 4, ADetailer denoising strength 2nd: 0.4, ADetailer inpaint only masked 2nd: True, ADetailer inpaint padding 2nd: 32, ADetailer model 3rd: Anzhcs WomanFace v05 1024 y8n.pt, ADetailer confidence 3rd: 0.3, ADetailer dilate erode 3rd: 4, ADetailer mask blur 3rd: 4, ADetailer denoising strength 3rd: 0.4, ADetailer inpaint only masked 3rd: True, ADetailer inpaint padding 3rd: 32, ADetailer model 4th: Eyes.pt, ADetailer prompt 4th: ., ADetailer confidence 4th: 0.3, ADetailer dilate erode 4th: 4, ADetailer mask blur 4th: 4, ADetailer denoising strength 4th: 0.4, ADetailer inpaint only masked 4th: True, ADetailer inpaint padding 4th: 32, ADetailer model 5th: female_clothes_top_seg.pt, ADetailer confidence 5th: 0.3, ADetailer dilate erode 5th: 4, ADetailer mask blur 5th: 4, ADetailer denoising strength 5th: 0.4, ADetailer inpaint only masked 5th: True, ADetailer inpaint padding 5th: 32, ADetailer model 6th: belly_seg_v2.42_less_groin.pt, ADetailer prompt 6th: ., ADetailer confidence 6th: 0.3, ADetailer dilate erode 6th: 4, ADetailer mask blur 6th: 4, ADetailer denoising strength 6th: 0.4, ADetailer inpaint only masked 6th: True, ADetailer inpaint padding 6th: 32, ADetailer version: 25.3.0, Hires prompt: , Hires negative prompt: , Hires CFG Scale: 7', 'adetailer_version': '25.3.0, Hires prompt: , Hires negative prompt: , Hires CFG Scale: 7'}}, 'prompt': 'masterpiece, best quality, absurdres, very aesthetic, \n\n\noutdoors, park, trees, 1girl, hair over one eye, blue hair, skirt, short hair, solo, rem \\(re:zero\\), blue eyes, hat, police, police uniform, breasts, x hair ornament, hair ornament, open mouth, policewoman, looking at viewer, necktie,large breasts, smile, blue skirt, uniform, miniskirt, blush, whistle, cowboy shot, alternate costume, shirt, collarbone, :d, blue headwear, pencil skirt, black necktie, eyebrows visible through hair, blue necktie, thighs, eyes visible through hair, standing, blue shirt, black headwear, hairclip, jewelry, female service cap, bangs, white shirt, from below, cleavage , tie between breasts,', 'negative_prompt': 'worst quality, bad quality, low quality, lowres, scan artifacts, jpeg artifacts, sketch, watermark, simple background ,extra breasts,', 'parameters_VAR_steps': 30, 'parameters_VAR_sampler': 'Euler a', 'parameters_VAR_schedule_type': 'Automatic', 'parameters_VAR_cfg_scale': 7.0, 'parameters_VAR_seed': 3254620543, 'parameters_VAR_width': 1024, 'parameters_VAR_height': 1792, 'parameters_VAR_model_hash': '54f352bbab', 'parameters_VAR_model': 'Burritolious_V5.8, VAE hash: 62c7c729ad, VAE: sharpspectrumvaexl_v1.safetensors', 'parameters_VAR_vae_hash': '62c7c729ad, VAE: sharpspectrumvaexl_v1.safetensors', 'parameters_VAR_vae_model': 'sharpspectrumvaexl_v1.safetensors', 'parameters_VAR_denoising_strength': 0.4, 'parameters_VAR_clip_skip': 2, 'parameters_VAR_hires_upscale': 1.5, 'parameters_VAR_hires_steps': 20, 'parameters_VAR_hires_upscaler': 'lollypop', 'parameters_VAR_version': '25.3.0, Hires prompt: , Hires negative prompt: , Hires CFG Scale: 7', 'parameters_VAR_tool_specific_VAR_hashes_str': None, 'parameters_VAR_tool_specific_VAR_hashes_parsed': None, 'parameters_VAR_tool_specific_VAR_lora_hashes_str': None, 'parameters_VAR_tool_specific_VAR_ti_hashes_str': None, 'parameters_VAR_tool_specific_VAR_adetailer_model': 'breasts_seg.pt, ADetailer confidence: 0.3, ADetailer dilate erode: 4, ADetailer mask blur: 4, ADetailer denoising strength: 0.4, ADetailer inpaint only masked: True, ADetailer inpaint padding: 32, ADetailer model 2nd: hair_yolov8n-seg_60.pt, ADetailer prompt 2nd: ., ADetailer confidence 2nd: 0.3, ADetailer dilate erode 2nd: 4, ADetailer mask blur 2nd: 4, ADetailer denoising strength 2nd: 0.4, ADetailer inpaint only masked 2nd: True, ADetailer inpaint padding 2nd: 32, ADetailer model 3rd: Anzhcs WomanFace v05 1024 y8n.pt, ADetailer confidence 3rd: 0.3, ADetailer dilate erode 3rd: 4, ADetailer mask blur 3rd: 4, ADetailer denoising strength 3rd: 0.4, ADetailer inpaint only masked 3rd: True, ADetailer inpaint padding 3rd: 32, ADetailer model 4th: Eyes.pt, ADetailer prompt 4th: ., ADetailer confidence 4th: 0.3, ADetailer dilate erode 4th: 4, ADetailer mask blur 4th: 4, ADetailer denoising strength 4th: 0.4, ADetailer inpaint only masked 4th: True, ADetailer inpaint padding 4th: 32, ADetailer model 5th: female_clothes_top_seg.pt, ADetailer confidence 5th: 0.3, ADetailer dilate erode 5th: 4, ADetailer mask blur 5th: 4, ADetailer denoising strength 5th: 0.4, ADetailer inpaint only masked 5th: True, ADetailer inpaint padding 5th: 32, ADetailer model 6th: belly_seg_v2.42_less_groin.pt, ADetailer prompt 6th: ., ADetailer confidence 6th: 0.3, ADetailer dilate erode 6th: 4, ADetailer mask blur 6th: 4, ADetailer denoising strength 6th: 0.4, ADetailer inpaint only masked 6th: True, ADetailer inpaint padding 6th: 32, ADetailer version: 25.3.0, Hires prompt: , Hires negative prompt: , Hires CFG Scale: 7', 'parameters_VAR_tool_specific_VAR_adetailer_confidence': '0.3, ADetailer dilate erode: 4, ADetailer mask blur: 4, ADetailer denoising strength: 0.4, ADetailer inpaint only masked: True, ADetailer inpaint padding: 32, ADetailer model 2nd: hair_yolov8n-seg_60.pt, ADetailer prompt 2nd: ., ADetailer confidence 2nd: 0.3, ADetailer dilate erode 2nd: 4, ADetailer mask blur 2nd: 4, ADetailer denoising strength 2nd: 0.4, ADetailer inpaint only masked 2nd: True, ADetailer inpaint padding 2nd: 32, ADetailer model 3rd: Anzhcs WomanFace v05 1024 y8n.pt, ADetailer confidence 3rd: 0.3, ADetailer dilate erode 3rd: 4, ADetailer mask blur 3rd: 4, ADetailer denoising strength 3rd: 0.4, ADetailer inpaint only masked 3rd: True, ADetailer inpaint padding 3rd: 32, ADetailer model 4th: Eyes.pt, ADetailer prompt 4th: ., ADetailer confidence 4th: 0.3, ADetailer dilate erode 4th: 4, ADetailer mask blur 4th: 4, ADetailer denoising strength 4th: 0.4, ADetailer inpaint only masked 4th: True, ADetailer inpaint padding 4th: 32, ADetailer model 5th: female_clothes_top_seg.pt, ADetailer confidence 5th: 0.3, ADetailer dilate erode 5th: 4, ADetailer mask blur 5th: 4, ADetailer denoising strength 5th: 0.4, ADetailer inpaint only masked 5th: True, ADetailer inpaint padding 5th: 32, ADetailer model 6th: belly_seg_v2.42_less_groin.pt, ADetailer prompt 6th: ., ADetailer confidence 6th: 0.3, ADetailer dilate erode 6th: 4, ADetailer mask blur 6th: 4, ADetailer denoising strength 6th: 0.4, ADetailer inpaint only masked 6th: True, ADetailer inpaint padding 6th: 32, ADetailer version: 25.3.0, Hires prompt: , Hires negative prompt: , Hires CFG Scale: 7', 'parameters_VAR_tool_specific_VAR_adetailer_version': '25.3.0, Hires prompt: , Hires negative prompt: , Hires CFG Scale: 7'}
2025-06-23 19:15:23,369 - dataset_tools_app - INFO - [DT.metadata_parser]: Attempting to read standard photo EXIF/XMP with pyexiv2.
2025-06-23 19:15:23,370 - dataset_tools_app - INFO - [MDFileReader] Reading PNG with pyexiv2 for standard metadata: /Users/duskfall/Downloads/Metadata Samples/00000-3317.png
2025-06-23 19:15:23,391 - dataset_tools_app - INFO - [MDFileReader] pyexiv2 found no standard EXIF/IPTC/XMP in PNG: /Users/duskfall/Downloads/Metadata Samples/00000-3317.png
2025-06-23 19:15:23,393 - dataset_tools_app - INFO - [MDFileReader] Attempting fallback with Pillow for EXIF data...
2025-06-23 19:15:23,583 - dataset_tools_app - INFO - [MDFileReader] Pillow found no EXIF data in 00000-3317.png
2025-06-23 19:15:23,585 - dataset_tools_app - INFO - [MDFileReader] Pillow also found no EXIF data for /Users/duskfall/Downloads/Metadata Samples/00000-3317.png.
2025-06-23 19:15:23,587 - dataset_tools_app - INFO - [DT.metadata_parser]: <<< EXITING parse_metadata. Returning keys: ['prompt_data_section', 'generation_parameters_section', 'metadata_info_section']
2025-06-23 19:15:24,848 - dataset_tools_app - INFO - [UI] ON_FILE_SELECTED: file_name = '00001-4022.png'
2025-06-23 19:15:24,849 - dataset_tools_app - INFO - [UI] ON_FILE_SELECTED: self.current_folder = '/Users/duskfall/Downloads/Metadata Samples'
2025-06-23 19:15:24,850 - dataset_tools_app - INFO - [UI] ON_FILE_SELECTED: full_path = '/Users/duskfall/Downloads/Metadata Samples/00001-4022.png'
2025-06-23 19:15:24,851 - dataset_tools_app - INFO - [UI] ON_FILE_SELECTED: Path('/Users/duskfall/Downloads/Metadata Samples/00001-4022.png').is_file() result = True
2025-06-23 19:15:24,852 - dataset_tools_app - INFO - [UI] ON_FILE_SELECTED: Path PASSED for '/Users/duskfall/Downloads/Metadata Samples/00001-4022.png'. Suffix: '.png'. Processing for image.
2025-06-23 19:15:24,853 - dataset_tools_app - INFO - [UI] ON_FILE_SELECTED: File '00001-4022.png' suffix '.png' MATCHES image format set. Calling display_image_of.
2025-06-23 19:15:24,854 - dataset_tools_app - INFO - [UI] display_image_of: Loading pixmap for: '/Users/duskfall/Downloads/Metadata Samples/00001-4022.png'
2025-06-23 19:15:24,936 - dataset_tools_app - INFO - [UI] display_image_of: QPixmap OK for '/Users/duskfall/Downloads/Metadata Samples/00001-4022.png'. Size: 1536x2688
2025-06-23 19:15:24,938 - dataset_tools_app - INFO - [UI] load_metadata: Parsing: /Users/duskfall/Downloads/Metadata Samples/00001-4022.png
2025-06-23 19:15:24,940 - dataset_tools_app - INFO - ####################################################
2025-06-23 19:15:24,940 - dataset_tools_app - INFO - [ModelTool] ##### read_metadata_from CALLED for: /Users/duskfall/Downloads/Metadata Samples/00001-4022.png #####
2025-06-23 19:15:24,942 - dataset_tools_app - INFO - ####################################################
2025-06-23 19:15:24,943 - dataset_tools_app - INFO - [DT.metadata_parser]: >>> ENTERING parse_metadata for: /Users/duskfall/Downloads/Metadata Samples/00001-4022.png (Engine Primary Flow)
2025-06-23 19:15:24,944 - dataset_tools_app - INFO - [DT.metadata_parser]: Not a primary model file type. Attempting image metadata parsing with MetadataEngine.
2025-06-23 19:15:24,945 - MetadataEngine - WARNING - No rules.toml file found or loaded at expected config location. Rule evaluation will be limited.
2025-06-23 19:15:24,949 - MetadataEngine - INFO - Loaded 24 parser definitions from /Users/duskfall/Downloads/Dataset-Tools-Toomany_Branches_LintingFixes/Dataset-Tools/dataset_tools/parser_definitions
2025-06-23 19:15:24,951 - dataset_tools_app - INFO - [DT.metadata_parser]: Expecting parser definitions in: /Users/duskfall/Downloads/Dataset-Tools-Toomany_Branches_LintingFixes/Dataset-Tools/dataset_tools/parser_definitions
2025-06-23 19:15:24,952 - MetadataEngine - WARNING - No rules.toml file found or loaded at expected config location. Rule evaluation will be limited.
2025-06-23 19:15:24,955 - MetadataEngine - INFO - Loaded 24 parser definitions from /Users/duskfall/Downloads/Dataset-Tools-Toomany_Branches_LintingFixes/Dataset-Tools/dataset_tools/parser_definitions
2025-06-23 19:15:24,957 - MetadataEngine - INFO - MetadataEngine: Starting metadata parsing for: {display_name}
2025-06-23 19:15:24,959 - MetadataEngine - WARNING - RuleEvaluator: Unknown source_type in detection rule: None
2025-06-23 19:15:24,960 - MetadataEngine - WARNING - RuleEvaluator: Unknown source_type in detection rule: None
2025-06-23 19:15:24,961 - MetadataEngine - WARNING - RuleEvaluator: Unknown source_type in detection rule: None
2025-06-23 19:15:24,962 - MetadataEngine - WARNING - RuleEvaluator: Unknown source_type in detection rule: None
2025-06-23 19:15:24,963 - MetadataEngine - INFO - MetadataEngine: Matched parser definition: A1111 WebUI (Generic String Parser)
2025-06-23 19:15:24,964 - MetadataEngine - INFO - Using JSON-defined parsing instructions for {chosen_parser_def['parser_name']}.
2025-06-23 19:15:24,969 - dataset_tools_app - INFO - [DT.metadata_parser]: MetadataEngine returned result. Type: dict. Parser Def: JSON_Instruction_Parser
2025-06-23 19:15:24,970 - dataset_tools_app - INFO -   Engine used JSON instructions. Tool: None
2025-06-23 19:15:24,971 - dataset_tools_app - INFO - [DT._populate_ui_engine_dict] Received engine_dict_output: {'parameters': {'steps': 30, 'sampler': 'Euler a', 'schedule_type': 'Automatic', 'cfg_scale': 7.0, 'seed': 611693163, 'width': 1024, 'height': 1792, 'model_hash': '54f352bbab', 'model': 'Burritolious_V5.8, VAE hash: 62c7c729ad, VAE: sharpspectrumvaexl_v1.safetensors', 'vae_hash': '62c7c729ad, VAE: sharpspectrumvaexl_v1.safetensors', 'vae_model': 'sharpspectrumvaexl_v1.safetensors', 'denoising_strength': 0.4, 'clip_skip': 2, 'hires_upscale': 1.5, 'hires_steps': 20, 'hires_upscaler': 'lollypop', 'version': '25.3.0, Hires prompt: , Hires negative prompt: , Hires CFG Scale: 7', 'tool_specific': {'adetailer_model': 'breasts_seg.pt, ADetailer confidence: 0.3, ADetailer dilate erode: 4, ADetailer mask blur: 4, ADetailer denoising strength: 0.4, ADetailer inpaint only masked: True, ADetailer inpaint padding: 32, ADetailer model 2nd: hair_yolov8n-seg_60.pt, ADetailer prompt 2nd: ., ADetailer confidence 2nd: 0.3, ADetailer dilate erode 2nd: 4, ADetailer mask blur 2nd: 4, ADetailer denoising strength 2nd: 0.4, ADetailer inpaint only masked 2nd: True, ADetailer inpaint padding 2nd: 32, ADetailer model 3rd: Anzhcs WomanFace v05 1024 y8n.pt, ADetailer confidence 3rd: 0.3, ADetailer dilate erode 3rd: 4, ADetailer mask blur 3rd: 4, ADetailer denoising strength 3rd: 0.4, ADetailer inpaint only masked 3rd: True, ADetailer inpaint padding 3rd: 32, ADetailer model 4th: Eyes.pt, ADetailer prompt 4th: ., ADetailer confidence 4th: 0.3, ADetailer dilate erode 4th: 4, ADetailer mask blur 4th: 4, ADetailer denoising strength 4th: 0.4, ADetailer inpaint only masked 4th: True, ADetailer inpaint padding 4th: 32, ADetailer model 5th: female_clothes_top_seg.pt, ADetailer confidence 5th: 0.3, ADetailer dilate erode 5th: 4, ADetailer mask blur 5th: 4, ADetailer denoising strength 5th: 0.4, ADetailer inpaint only masked 5th: True, ADetailer inpaint padding 5th: 32, ADetailer model 6th: belly_seg_v2.42_less_groin.pt, ADetailer prompt 6th: ., ADetailer confidence 6th: 0.3, ADetailer dilate erode 6th: 4, ADetailer mask blur 6th: 4, ADetailer denoising strength 6th: 0.4, ADetailer inpaint only masked 6th: True, ADetailer inpaint padding 6th: 32, ADetailer version: 25.3.0, Hires prompt: , Hires negative prompt: , Hires CFG Scale: 7', 'adetailer_confidence': '0.3, ADetailer dilate erode: 4, ADetailer mask blur: 4, ADetailer denoising strength: 0.4, ADetailer inpaint only masked: True, ADetailer inpaint padding: 32, ADetailer model 2nd: hair_yolov8n-seg_60.pt, ADetailer prompt 2nd: ., ADetailer confidence 2nd: 0.3, ADetailer dilate erode 2nd: 4, ADetailer mask blur 2nd: 4, ADetailer denoising strength 2nd: 0.4, ADetailer inpaint only masked 2nd: True, ADetailer inpaint padding 2nd: 32, ADetailer model 3rd: Anzhcs WomanFace v05 1024 y8n.pt, ADetailer confidence 3rd: 0.3, ADetailer dilate erode 3rd: 4, ADetailer mask blur 3rd: 4, ADetailer denoising strength 3rd: 0.4, ADetailer inpaint only masked 3rd: True, ADetailer inpaint padding 3rd: 32, ADetailer model 4th: Eyes.pt, ADetailer prompt 4th: ., ADetailer confidence 4th: 0.3, ADetailer dilate erode 4th: 4, ADetailer mask blur 4th: 4, ADetailer denoising strength 4th: 0.4, ADetailer inpaint only masked 4th: True, ADetailer inpaint padding 4th: 32, ADetailer model 5th: female_clothes_top_seg.pt, ADetailer confidence 5th: 0.3, ADetailer dilate erode 5th: 4, ADetailer mask blur 5th: 4, ADetailer denoising strength 5th: 0.4, ADetailer inpaint only masked 5th: True, ADetailer inpaint padding 5th: 32, ADetailer model 6th: belly_seg_v2.42_less_groin.pt, ADetailer prompt 6th: ., ADetailer confidence 6th: 0.3, ADetailer dilate erode 6th: 4, ADetailer mask blur 6th: 4, ADetailer denoising strength 6th: 0.4, ADetailer inpaint only masked 6th: True, ADetailer inpaint padding 6th: 32, ADetailer version: 25.3.0, Hires prompt: , Hires negative prompt: , Hires CFG Scale: 7', 'adetailer_version': '25.3.0, Hires prompt: , Hires negative prompt: , Hires CFG Scale: 7'}}, 'prompt': 'masterpiece, best quality, absurdres, very aesthetic, \n\n\noutdoors, park, trees, 1girl, hair over one eye, blue hair, skirt, short hair, solo, rem \\(re:zero\\), blue eyes, hat, police, police uniform, breasts, x hair ornament, hair ornament, open mouth, policewoman, looking at viewer, necktie,large breasts, smile, blue skirt, uniform, miniskirt, blush, whistle, cowboy shot, alternate costume, shirt, collarbone, :d, blue headwear, pencil skirt, black necktie, eyebrows visible through hair, blue necktie, thighs, eyes visible through hair, standing, blue shirt, black headwear, hairclip, jewelry, female service cap, bangs, white shirt, from below, cleavage , tie between breasts,', 'negative_prompt': 'worst quality, bad quality, low quality, lowres, scan artifacts, jpeg artifacts, sketch, watermark, simple background ,extra breasts,', 'parameters_VAR_steps': 30, 'parameters_VAR_sampler': 'Euler a', 'parameters_VAR_schedule_type': 'Automatic', 'parameters_VAR_cfg_scale': 7.0, 'parameters_VAR_seed': 611693163, 'parameters_VAR_width': 1024, 'parameters_VAR_height': 1792, 'parameters_VAR_model_hash': '54f352bbab', 'parameters_VAR_model': 'Burritolious_V5.8, VAE hash: 62c7c729ad, VAE: sharpspectrumvaexl_v1.safetensors', 'parameters_VAR_vae_hash': '62c7c729ad, VAE: sharpspectrumvaexl_v1.safetensors', 'parameters_VAR_vae_model': 'sharpspectrumvaexl_v1.safetensors', 'parameters_VAR_denoising_strength': 0.4, 'parameters_VAR_clip_skip': 2, 'parameters_VAR_hires_upscale': 1.5, 'parameters_VAR_hires_steps': 20, 'parameters_VAR_hires_upscaler': 'lollypop', 'parameters_VAR_version': '25.3.0, Hires prompt: , Hires negative prompt: , Hires CFG Scale: 7', 'parameters_VAR_tool_specific_VAR_hashes_str': None, 'parameters_VAR_tool_specific_VAR_hashes_parsed': None, 'parameters_VAR_tool_specific_VAR_lora_hashes_str': None, 'parameters_VAR_tool_specific_VAR_ti_hashes_str': None, 'parameters_VAR_tool_specific_VAR_adetailer_model': 'breasts_seg.pt, ADetailer confidence: 0.3, ADetailer dilate erode: 4, ADetailer mask blur: 4, ADetailer denoising strength: 0.4, ADetailer inpaint only masked: True, ADetailer inpaint padding: 32, ADetailer model 2nd: hair_yolov8n-seg_60.pt, ADetailer prompt 2nd: ., ADetailer confidence 2nd: 0.3, ADetailer dilate erode 2nd: 4, ADetailer mask blur 2nd: 4, ADetailer denoising strength 2nd: 0.4, ADetailer inpaint only masked 2nd: True, ADetailer inpaint padding 2nd: 32, ADetailer model 3rd: Anzhcs WomanFace v05 1024 y8n.pt, ADetailer confidence 3rd: 0.3, ADetailer dilate erode 3rd: 4, ADetailer mask blur 3rd: 4, ADetailer denoising strength 3rd: 0.4, ADetailer inpaint only masked 3rd: True, ADetailer inpaint padding 3rd: 32, ADetailer model 4th: Eyes.pt, ADetailer prompt 4th: ., ADetailer confidence 4th: 0.3, ADetailer dilate erode 4th: 4, ADetailer mask blur 4th: 4, ADetailer denoising strength 4th: 0.4, ADetailer inpaint only masked 4th: True, ADetailer inpaint padding 4th: 32, ADetailer model 5th: female_clothes_top_seg.pt, ADetailer confidence 5th: 0.3, ADetailer dilate erode 5th: 4, ADetailer mask blur 5th: 4, ADetailer denoising strength 5th: 0.4, ADetailer inpaint only masked 5th: True, ADetailer inpaint padding 5th: 32, ADetailer model 6th: belly_seg_v2.42_less_groin.pt, ADetailer prompt 6th: ., ADetailer confidence 6th: 0.3, ADetailer dilate erode 6th: 4, ADetailer mask blur 6th: 4, ADetailer denoising strength 6th: 0.4, ADetailer inpaint only masked 6th: True, ADetailer inpaint padding 6th: 32, ADetailer version: 25.3.0, Hires prompt: , Hires negative prompt: , Hires CFG Scale: 7', 'parameters_VAR_tool_specific_VAR_adetailer_confidence': '0.3, ADetailer dilate erode: 4, ADetailer mask blur: 4, ADetailer denoising strength: 0.4, ADetailer inpaint only masked: True, ADetailer inpaint padding: 32, ADetailer model 2nd: hair_yolov8n-seg_60.pt, ADetailer prompt 2nd: ., ADetailer confidence 2nd: 0.3, ADetailer dilate erode 2nd: 4, ADetailer mask blur 2nd: 4, ADetailer denoising strength 2nd: 0.4, ADetailer inpaint only masked 2nd: True, ADetailer inpaint padding 2nd: 32, ADetailer model 3rd: Anzhcs WomanFace v05 1024 y8n.pt, ADetailer confidence 3rd: 0.3, ADetailer dilate erode 3rd: 4, ADetailer mask blur 3rd: 4, ADetailer denoising strength 3rd: 0.4, ADetailer inpaint only masked 3rd: True, ADetailer inpaint padding 3rd: 32, ADetailer model 4th: Eyes.pt, ADetailer prompt 4th: ., ADetailer confidence 4th: 0.3, ADetailer dilate erode 4th: 4, ADetailer mask blur 4th: 4, ADetailer denoising strength 4th: 0.4, ADetailer inpaint only masked 4th: True, ADetailer inpaint padding 4th: 32, ADetailer model 5th: female_clothes_top_seg.pt, ADetailer confidence 5th: 0.3, ADetailer dilate erode 5th: 4, ADetailer mask blur 5th: 4, ADetailer denoising strength 5th: 0.4, ADetailer inpaint only masked 5th: True, ADetailer inpaint padding 5th: 32, ADetailer model 6th: belly_seg_v2.42_less_groin.pt, ADetailer prompt 6th: ., ADetailer confidence 6th: 0.3, ADetailer dilate erode 6th: 4, ADetailer mask blur 6th: 4, ADetailer denoising strength 6th: 0.4, ADetailer inpaint only masked 6th: True, ADetailer inpaint padding 6th: 32, ADetailer version: 25.3.0, Hires prompt: , Hires negative prompt: , Hires CFG Scale: 7', 'parameters_VAR_tool_specific_VAR_adetailer_version': '25.3.0, Hires prompt: , Hires negative prompt: , Hires CFG Scale: 7'}
2025-06-23 19:15:24,986 - dataset_tools_app - INFO - [DT.metadata_parser]: Attempting to read standard photo EXIF/XMP with pyexiv2.
2025-06-23 19:15:24,987 - dataset_tools_app - INFO - [MDFileReader] Reading PNG with pyexiv2 for standard metadata: /Users/duskfall/Downloads/Metadata Samples/00001-4022.png
2025-06-23 19:15:24,989 - dataset_tools_app - INFO - [MDFileReader] pyexiv2 found no standard EXIF/IPTC/XMP in PNG: /Users/duskfall/Downloads/Metadata Samples/00001-4022.png
2025-06-23 19:15:24,990 - dataset_tools_app - INFO - [MDFileReader] Attempting fallback with Pillow for EXIF data...
2025-06-23 19:15:25,150 - dataset_tools_app - INFO - [MDFileReader] Pillow found no EXIF data in 00001-4022.png
2025-06-23 19:15:25,152 - dataset_tools_app - INFO - [MDFileReader] Pillow also found no EXIF data for /Users/duskfall/Downloads/Metadata Samples/00001-4022.png.
2025-06-23 19:15:25,153 - dataset_tools_app - INFO - [DT.metadata_parser]: <<< EXITING parse_metadata. Returning keys: ['prompt_data_section', 'generation_parameters_section', 'metadata_info_section']
2025-06-23 19:15:27,234 - dataset_tools_app - INFO - [UI] ON_FILE_SELECTED: file_name = '00003-2747468858.png'
2025-06-23 19:15:27,235 - dataset_tools_app - INFO - [UI] ON_FILE_SELECTED: self.current_folder = '/Users/duskfall/Downloads/Metadata Samples'
2025-06-23 19:15:27,236 - dataset_tools_app - INFO - [UI] ON_FILE_SELECTED: full_path = '/Users/duskfall/Downloads/Metadata Samples/00003-2747468858.png'
2025-06-23 19:15:27,237 - dataset_tools_app - INFO - [UI] ON_FILE_SELECTED: Path('/Users/duskfall/Downloads/Metadata Samples/00003-2747468858.png').is_file() result = True
2025-06-23 19:15:27,238 - dataset_tools_app - INFO - [UI] ON_FILE_SELECTED: Path PASSED for '/Users/duskfall/Downloads/Metadata Samples/00003-2747468858.png'. Suffix: '.png'. Processing for image.
2025-06-23 19:15:27,240 - dataset_tools_app - INFO - [UI] ON_FILE_SELECTED: File '00003-2747468858.png' suffix '.png' MATCHES image format set. Calling display_image_of.
2025-06-23 19:15:27,241 - dataset_tools_app - INFO - [UI] display_image_of: Loading pixmap for: '/Users/duskfall/Downloads/Metadata Samples/00003-2747468858.png'
2025-06-23 19:15:27,311 - dataset_tools_app - INFO - [UI] display_image_of: QPixmap OK for '/Users/duskfall/Downloads/Metadata Samples/00003-2747468858.png'. Size: 1664x2432
2025-06-23 19:15:27,314 - dataset_tools_app - INFO - [UI] load_metadata: Parsing: /Users/duskfall/Downloads/Metadata Samples/00003-2747468858.png
2025-06-23 19:15:27,315 - dataset_tools_app - INFO - ####################################################
2025-06-23 19:15:27,316 - dataset_tools_app - INFO - [ModelTool] ##### read_metadata_from CALLED for: /Users/duskfall/Downloads/Metadata Samples/00003-2747468858.png #####
2025-06-23 19:15:27,317 - dataset_tools_app - INFO - ####################################################
2025-06-23 19:15:27,317 - dataset_tools_app - INFO - [DT.metadata_parser]: >>> ENTERING parse_metadata for: /Users/duskfall/Downloads/Metadata Samples/00003-2747468858.png (Engine Primary Flow)
2025-06-23 19:15:27,319 - dataset_tools_app - INFO - [DT.metadata_parser]: Not a primary model file type. Attempting image metadata parsing with MetadataEngine.
2025-06-23 19:15:27,320 - MetadataEngine - WARNING - No rules.toml file found or loaded at expected config location. Rule evaluation will be limited.
2025-06-23 19:15:27,323 - MetadataEngine - INFO - Loaded 24 parser definitions from /Users/duskfall/Downloads/Dataset-Tools-Toomany_Branches_LintingFixes/Dataset-Tools/dataset_tools/parser_definitions
2025-06-23 19:15:27,325 - dataset_tools_app - INFO - [DT.metadata_parser]: Expecting parser definitions in: /Users/duskfall/Downloads/Dataset-Tools-Toomany_Branches_LintingFixes/Dataset-Tools/dataset_tools/parser_definitions
2025-06-23 19:15:27,327 - MetadataEngine - WARNING - No rules.toml file found or loaded at expected config location. Rule evaluation will be limited.
2025-06-23 19:15:27,331 - MetadataEngine - INFO - Loaded 24 parser definitions from /Users/duskfall/Downloads/Dataset-Tools-Toomany_Branches_LintingFixes/Dataset-Tools/dataset_tools/parser_definitions
2025-06-23 19:15:27,332 - MetadataEngine - INFO - MetadataEngine: Starting metadata parsing for: {display_name}
2025-06-23 19:15:27,333 - MetadataEngine - WARNING - RuleEvaluator: Unknown source_type in detection rule: None
2025-06-23 19:15:27,334 - MetadataEngine - WARNING - RuleEvaluator: Unknown source_type in detection rule: None
2025-06-23 19:15:27,335 - MetadataEngine - WARNING - RuleEvaluator: Unknown source_type in detection rule: None
2025-06-23 19:15:27,336 - MetadataEngine - WARNING - RuleEvaluator: Unknown source_type in detection rule: None
2025-06-23 19:15:27,337 - MetadataEngine - INFO - MetadataEngine: Matched parser definition: A1111 WebUI (Generic String Parser)
2025-06-23 19:15:27,338 - MetadataEngine - INFO - Using JSON-defined parsing instructions for {chosen_parser_def['parser_name']}.
2025-06-23 19:15:27,342 - dataset_tools_app - INFO - [DT.metadata_parser]: MetadataEngine returned result. Type: dict. Parser Def: JSON_Instruction_Parser
2025-06-23 19:15:27,343 - dataset_tools_app - INFO -   Engine used JSON instructions. Tool: None
2025-06-23 19:15:27,344 - dataset_tools_app - INFO - [DT._populate_ui_engine_dict] Received engine_dict_output: {'parameters': {'steps': 30, 'sampler': 'Euler a', 'schedule_type': 'Automatic', 'cfg_scale': 7.0, 'seed': 2747468858, 'width': 832, 'height': 1216, 'model_hash': 'e249dafaf9', 'model': 'ThemisKickedmyShin.fp16', 'denoising_strength': 0.25, 'clip_skip': '2, Hashes: {"model": "e249dafaf9", "embed:IllusGen_Neg": "3d618157ab"}', 'hires_upscale': 2.0, 'hires_steps': 20, 'hires_upscaler': '4x_foolhardy_Remacri', 'version': '25.3.0', 'tool_specific': {'hashes_str': '{"model": "e249dafaf9", "embed:IllusGen_Neg": "3d618157ab"}', 'ti_hashes_str': '"IllusGen_Neg: 3d618157ab91, IllusGen_Neg: 3d618157ab91"', 'adetailer_model': 'face_yolov8n.pt, ADetailer confidence: 0.3, ADetailer dilate erode: 4, ADetailer mask blur: 4, ADetailer denoising strength: 0.4, ADetailer inpaint only masked: True, ADetailer inpaint padding: 32, ADetailer version: 25.3.0', 'adetailer_confidence': '0.3, ADetailer dilate erode: 4, ADetailer mask blur: 4, ADetailer denoising strength: 0.4, ADetailer inpaint only masked: True, ADetailer inpaint padding: 32, ADetailer version: 25.3.0', 'adetailer_version': '25.3.0'}}, 'prompt': "masterpiece, very aesthetic, Remy Lebeau, miqo'te, 1boy, male focus, solo, cat boy, animal ears, auburn hair, short hair, messy hair, braid, hair between eyes, colored sclera, black sclera, red eyes, smirk, facial hair, beard, goatee, cat ears, jacket, belt, silver belt, gloves, pink shirt, crop top, printed shirt, blue pants, fingerless gloves, black gloves, coat, midriff, sleeves rolled up, trenchcoat, open clothes, playing cards, poker card, magic, Plasma, card on fire, pink flames, conjuring, holding, glowing cards, holding card, party scene, mardi gras, housing, streamers, bulb lights, outdoors, Halfrear Lighting, Moody Lighting, cowboy shot, depth of field", 'negative_prompt': 'IllusGen_Neg', 'parameters_VAR_steps': 30, 'parameters_VAR_sampler': 'Euler a', 'parameters_VAR_schedule_type': 'Automatic', 'parameters_VAR_cfg_scale': 7.0, 'parameters_VAR_seed': 2747468858, 'parameters_VAR_width': 832, 'parameters_VAR_height': 1216, 'parameters_VAR_model_hash': 'e249dafaf9', 'parameters_VAR_model': 'ThemisKickedmyShin.fp16', 'parameters_VAR_vae_hash': None, 'parameters_VAR_vae_model': None, 'parameters_VAR_denoising_strength': 0.25, 'parameters_VAR_clip_skip': '2, Hashes: {"model": "e249dafaf9", "embed:IllusGen_Neg": "3d618157ab"}', 'parameters_VAR_hires_upscale': 2.0, 'parameters_VAR_hires_steps': 20, 'parameters_VAR_hires_upscaler': '4x_foolhardy_Remacri', 'parameters_VAR_version': '25.3.0', 'parameters_VAR_tool_specific_VAR_hashes_str': '{"model": "e249dafaf9", "embed:IllusGen_Neg": "3d618157ab"}', 'parameters_VAR_tool_specific_VAR_hashes_parsed': None, 'parameters_VAR_tool_specific_VAR_lora_hashes_str': None, 'parameters_VAR_tool_specific_VAR_ti_hashes_str': '"IllusGen_Neg: 3d618157ab91, IllusGen_Neg: 3d618157ab91"', 'parameters_VAR_tool_specific_VAR_adetailer_model': 'face_yolov8n.pt, ADetailer confidence: 0.3, ADetailer dilate erode: 4, ADetailer mask blur: 4, ADetailer denoising strength: 0.4, ADetailer inpaint only masked: True, ADetailer inpaint padding: 32, ADetailer version: 25.3.0', 'parameters_VAR_tool_specific_VAR_adetailer_confidence': '0.3, ADetailer dilate erode: 4, ADetailer mask blur: 4, ADetailer denoising strength: 0.4, ADetailer inpaint only masked: True, ADetailer inpaint padding: 32, ADetailer version: 25.3.0', 'parameters_VAR_tool_specific_VAR_adetailer_version': '25.3.0'}
2025-06-23 19:15:27,352 - dataset_tools_app - INFO - [DT.metadata_parser]: Attempting to read standard photo EXIF/XMP with pyexiv2.
2025-06-23 19:15:27,353 - dataset_tools_app - INFO - [MDFileReader] Reading PNG with pyexiv2 for standard metadata: /Users/duskfall/Downloads/Metadata Samples/00003-2747468858.png
2025-06-23 19:15:27,355 - dataset_tools_app - INFO - [MDFileReader] pyexiv2 found no standard EXIF/IPTC/XMP in PNG: /Users/duskfall/Downloads/Metadata Samples/00003-2747468858.png
2025-06-23 19:15:27,357 - dataset_tools_app - INFO - [MDFileReader] Attempting fallback with Pillow for EXIF data...
2025-06-23 19:15:27,497 - dataset_tools_app - INFO - [MDFileReader] Pillow found no EXIF data in 00003-2747468858.png
2025-06-23 19:15:27,500 - dataset_tools_app - INFO - [MDFileReader] Pillow also found no EXIF data for /Users/duskfall/Downloads/Metadata Samples/00003-2747468858.png.
2025-06-23 19:15:27,501 - dataset_tools_app - INFO - [DT.metadata_parser]: <<< EXITING parse_metadata. Returning keys: ['prompt_data_section', 'generation_parameters_section', 'metadata_info_section']
2025-06-23 19:15:31,053 - dataset_tools_app - INFO - Copy All Metadata button clicked.
2025-06-23 19:15:31,133 - dataset_tools_app - INFO - Displayed metadata copied.
2025-06-23 19:16:33,789 - dataset_tools_app - INFO - [UI] Close event triggered. Saving settings.
