2025-07-13 12:37:12 | INFO     | dataset_tools_app | <module>:84 | === Dataset Tools Session Started ===
2025-07-13 12:37:12 | INFO     | dataset_tools_app | <module>:85 | Log file: /Users/duskfall/Downloads/Dataset-Tools-Toomany_Branches_LintingFixes/Dataset-Tools/logs/dataset_tools_20250713_123712.log
2025-07-13 12:37:12 | INFO     | dataset_tools_app | <module>:86 | Initial log level: INFO
2025-07-13 12:37:12 | INFO     | dataset_tools_app | info_monitor:271 | Dataset-Tools Logger level reconfigured to: INFO
2025-07-13 12:37:12 | INFO     | dataset_tools_app | info_monitor:271 | Configured external logger 'PyQt6' with Rich+File handlers at level INFO.
2025-07-13 12:37:12 | INFO     | dataset_tools_app | info_monitor:271 | Configured external logger 'PIL' with Rich+File handlers at level INFO.
2025-07-13 12:37:12 | INFO     | dataset_tools_app | info_monitor:271 | Dataset Tools v0.60.2.dev0 launching...
2025-07-13 12:37:12 | INFO     | dataset_tools_app | info_monitor:271 | Application log level set to: INFO
2025-07-13 12:37:12 | INFO     | dataset_tools_app | info_monitor:271 | Log file location: /Users/duskfall/Downloads/Dataset-Tools-Toomany_Branches_LintingFixes/Dataset-Tools/logs/dataset_tools_20250713_123712.log
2025-07-13 12:37:12 | INFO     | dataset_tools_app | info_monitor:271 | Successfully loaded font: 'IBM Plex Sans' from IBMPlexSans-Italic-VariableFont_wdth,wght.ttf
2025-07-13 12:37:12 | INFO     | dataset_tools_app | info_monitor:271 | Successfully loaded font: 'Pixelify Sans' from PixelifySans-Regular.ttf
2025-07-13 12:37:12 | INFO     | dataset_tools_app | info_monitor:271 | Successfully loaded font: 'VT323' from VT323-Regular.ttf
2025-07-13 12:37:12 | INFO     | dataset_tools_app | info_monitor:271 | Successfully loaded font: 'Radio Canada' from RadioCanada-Italic-VariableFont_wdth,wght.ttf
2025-07-13 12:37:12 | INFO     | dataset_tools_app | info_monitor:271 | Successfully loaded font: 'Radio Canada' from RadioCanada-VariableFont_wdth,wght.ttf
2025-07-13 12:37:12 | INFO     | dataset_tools_app | info_monitor:271 | Successfully loaded font: 'JetBrains Mono' from JetBrainsMono-Bold.ttf
2025-07-13 12:37:12 | INFO     | dataset_tools_app | info_monitor:271 | Successfully loaded font: 'Open Sans' from OpenSans-Italic-VariableFont_wdth,wght.ttf
2025-07-13 12:37:12 | INFO     | dataset_tools_app | info_monitor:271 | Successfully loaded font: 'PT Sans' from PTSans-Italic.ttf
2025-07-13 12:37:12 | INFO     | dataset_tools_app | info_monitor:271 | Successfully loaded font: 'Dongle' from Dongle-Regular.ttf
2025-07-13 12:37:12 | INFO     | dataset_tools_app | info_monitor:271 | Successfully loaded font: 'JetBrains Mono' from JetBrainsMono-Regular.ttf
2025-07-13 12:37:12 | INFO     | dataset_tools_app | info_monitor:271 | Successfully loaded font: 'Tsukimi Rounded' from TsukimiRounded-Medium.ttf
2025-07-13 12:37:12 | INFO     | dataset_tools_app | info_monitor:271 | Successfully loaded font: 'Tsukimi Rounded' from TsukimiRounded-Light.ttf
2025-07-13 12:37:12 | INFO     | dataset_tools_app | info_monitor:271 | Successfully loaded font: 'IBM Plex Sans' from IBMPlexSans-VariableFont_wdth,wght.ttf
2025-07-13 12:37:12 | INFO     | dataset_tools_app | info_monitor:271 | Successfully loaded font: 'Inter' from Inter-VariableFont_opsz,wght.ttf
2025-07-13 12:37:12 | INFO     | dataset_tools_app | info_monitor:271 | Successfully loaded font: 'PT Sans' from PTSans-BoldItalic.ttf
2025-07-13 12:37:12 | INFO     | dataset_tools_app | info_monitor:271 | Successfully loaded font: 'Syne Mono' from SyneMono-Regular.ttf
2025-07-13 12:37:12 | INFO     | dataset_tools_app | info_monitor:271 | Successfully loaded font: 'Tsukimi Rounded' from TsukimiRounded-Bold.ttf
2025-07-13 12:37:12 | INFO     | dataset_tools_app | info_monitor:271 | Successfully loaded font: 'Silkscreen' from Silkscreen-Regular.ttf
2025-07-13 12:37:12 | INFO     | dataset_tools_app | info_monitor:271 | Successfully loaded font: 'Silkscreen' from Silkscreen-Bold.ttf
2025-07-13 12:37:12 | INFO     | dataset_tools_app | info_monitor:271 | Successfully loaded font: 'Pixelify Sans' from PixelifySans-Medium.ttf
2025-07-13 12:37:12 | INFO     | dataset_tools_app | info_monitor:271 | Successfully loaded font: 'DM Sans' from DMSans-Italic-VariableFont_opsz,wght.ttf
2025-07-13 12:37:12 | INFO     | dataset_tools_app | info_monitor:271 | Successfully loaded font: 'Work Sans' from WorkSans-VariableFont_wght.ttf
2025-07-13 12:37:12 | INFO     | dataset_tools_app | info_monitor:271 | Successfully loaded font: 'Nunito' from Nunito-VariableFont_wght.ttf
2025-07-13 12:37:12 | INFO     | dataset_tools_app | info_monitor:271 | Successfully loaded font: 'Tsukimi Rounded' from TsukimiRounded-Regular.ttf
2025-07-13 12:37:12 | INFO     | dataset_tools_app | info_monitor:271 | Successfully loaded font: 'Inter' from Inter-Italic-VariableFont_opsz,wght.ttf
2025-07-13 12:37:12 | INFO     | dataset_tools_app | info_monitor:271 | Successfully loaded font: 'Pixelify Sans' from PixelifySans-VariableFont_wght.ttf
2025-07-13 12:37:12 | INFO     | dataset_tools_app | info_monitor:271 | Successfully loaded font: 'Turret Road' from TurretRoad-Light.ttf
2025-07-13 12:37:12 | INFO     | dataset_tools_app | info_monitor:271 | Successfully loaded font: 'Turret Road' from TurretRoad-Medium.ttf
2025-07-13 12:37:12 | INFO     | dataset_tools_app | info_monitor:271 | Successfully loaded font: 'Tsukimi Rounded' from TsukimiRounded-SemiBold.ttf
2025-07-13 12:37:12 | INFO     | dataset_tools_app | info_monitor:271 | Successfully loaded font: 'Jura' from Jura-VariableFont_wght.ttf
2025-07-13 12:37:12 | INFO     | dataset_tools_app | info_monitor:271 | Successfully loaded font: 'Roboto' from Roboto-Italic-VariableFont_wdth,wght.ttf
2025-07-13 12:37:12 | INFO     | dataset_tools_app | info_monitor:271 | Successfully loaded font: 'Turret Road' from TurretRoad-Bold.ttf
2025-07-13 12:37:12 | INFO     | dataset_tools_app | info_monitor:271 | Successfully loaded font: 'Work Sans' from WorkSans-Italic-VariableFont_wght.ttf
2025-07-13 12:37:12 | INFO     | dataset_tools_app | info_monitor:271 | Successfully loaded font: 'PT Sans' from PTSans-Regular.ttf
2025-07-13 12:37:12 | INFO     | dataset_tools_app | info_monitor:271 | Successfully loaded font: 'Kosugi Maru' from KosugiMaru-Regular.ttf
2025-07-13 12:37:12 | INFO     | dataset_tools_app | info_monitor:271 | Successfully loaded font: 'Turret Road' from TurretRoad-ExtraBold.ttf
2025-07-13 12:37:12 | INFO     | dataset_tools_app | info_monitor:271 | Successfully loaded font: 'Mandali' from Mandali-Regular.ttf
2025-07-13 12:37:12 | INFO     | dataset_tools_app | info_monitor:271 | Successfully loaded font: 'Nunito' from Nunito-Italic-VariableFont_wght.ttf
2025-07-13 12:37:12 | INFO     | dataset_tools_app | info_monitor:271 | Successfully loaded font: 'Turret Road' from TurretRoad-ExtraLight.ttf
2025-07-13 12:37:12 | INFO     | dataset_tools_app | info_monitor:271 | Successfully loaded font: 'Pixelify Sans' from PixelifySans-Bold.ttf
2025-07-13 12:37:12 | INFO     | dataset_tools_app | info_monitor:271 | Successfully loaded font: 'PT Sans' from PTSans-Bold.ttf
2025-07-13 12:37:12 | INFO     | dataset_tools_app | info_monitor:271 | Successfully loaded font: 'Orbitron' from Orbitron-VariableFont_wght.ttf
2025-07-13 12:37:12 | INFO     | dataset_tools_app | info_monitor:271 | Successfully loaded font: 'Roboto' from Roboto-VariableFont_wdth,wght.ttf
2025-07-13 12:37:12 | INFO     | dataset_tools_app | info_monitor:271 | Successfully loaded font: 'Open Sans' from OpenSans-VariableFont_wdth,wght.ttf
2025-07-13 12:37:12 | INFO     | dataset_tools_app | info_monitor:271 | Successfully loaded font: 'Dongle' from Dongle-Light.ttf
2025-07-13 12:37:12 | INFO     | dataset_tools_app | info_monitor:271 | Successfully loaded font: 'Pixelify Sans' from PixelifySans-SemiBold.ttf
2025-07-13 12:37:12 | INFO     | dataset_tools_app | info_monitor:271 | Successfully loaded font: 'DM Sans' from DMSans-VariableFont_opsz,wght.ttf
2025-07-13 12:37:12 | INFO     | dataset_tools_app | info_monitor:271 | Successfully loaded font: 'Doppio One' from DoppioOne-Regular.ttf
2025-07-13 12:37:12 | INFO     | dataset_tools_app | info_monitor:271 | Successfully loaded font: 'Turret Road' from TurretRoad-Regular.ttf
2025-07-13 12:37:12 | INFO     | dataset_tools_app | info_monitor:271 | Successfully loaded font: 'Dongle' from Dongle-Bold.ttf
2025-07-13 12:37:13 | INFO     | dataset_tools_app | info_monitor:271 | [UI] Image loading thread initialized successfully
2025-07-13 12:37:13 | INFO     | dataset_tools_app | info_monitor:271 | Enhanced ThemeManager initialized
2025-07-13 12:37:13 | INFO     | dataset_tools_app | info_monitor:271 | Available systems: qt-material=True, qt-themes=False, unreal=False
2025-07-13 12:37:13 | INFO     | dataset_tools_app | info_monitor:271 | Found 5 assets for theme arctic_minimalist
2025-07-13 12:37:13 | INFO     | dataset_tools_app | info_monitor:271 | Processed custom QSS theme: arctic_minimalist, asset replacements applied
2025-07-13 12:37:13 | INFO     | dataset_tools_app | info_monitor:271 | Successfully applied custom QSS theme: arctic_minimalist
2025-07-13 12:37:13 | INFO     | dataset_tools_app | info_monitor:271 | Initial theme loaded: custom_qss:arctic_minimalist
2025-07-13 12:37:13 | INFO     | dataset_tools_app | info_monitor:271 | Detected dark theme, adjusting icon colors accordingly
2025-07-13 12:37:13 | INFO     | dataset_tools_app | info_monitor:271 | Loaded bundled font: Open Sans from OpenSans-VariableFont_wdth,wght.ttf
2025-07-13 12:37:13 | INFO     | dataset_tools_app | info_monitor:271 | Loaded bundled font: Open Sans from OpenSans-Italic-VariableFont_wdth,wght.ttf
2025-07-13 12:37:13 | INFO     | dataset_tools_app | info_monitor:271 | Loaded bundled font: Inter from Inter-VariableFont_opsz,wght.ttf
2025-07-13 12:37:13 | INFO     | dataset_tools_app | info_monitor:271 | Loaded bundled font: Inter from Inter-Italic-VariableFont_opsz,wght.ttf
2025-07-13 12:37:13 | INFO     | dataset_tools_app | info_monitor:271 | Loaded bundled font: DM Sans from DMSans-VariableFont_opsz,wght.ttf
2025-07-13 12:37:13 | INFO     | dataset_tools_app | info_monitor:271 | Loaded bundled font: DM Sans from DMSans-Italic-VariableFont_opsz,wght.ttf
2025-07-13 12:37:13 | INFO     | dataset_tools_app | info_monitor:271 | Loaded bundled font: Work Sans from WorkSans-VariableFont_wght.ttf
2025-07-13 12:37:13 | INFO     | dataset_tools_app | info_monitor:271 | Loaded bundled font: Work Sans from WorkSans-Italic-VariableFont_wght.ttf
2025-07-13 12:37:13 | INFO     | dataset_tools_app | info_monitor:271 | Loaded bundled font: Roboto from Roboto-VariableFont_wdth,wght.ttf
2025-07-13 12:37:13 | INFO     | dataset_tools_app | info_monitor:271 | Loaded bundled font: Roboto from Roboto-Italic-VariableFont_wdth,wght.ttf
2025-07-13 12:37:13 | INFO     | dataset_tools_app | info_monitor:271 | Loaded bundled font: IBM Plex Sans from IBMPlexSans-VariableFont_wdth,wght.ttf
2025-07-13 12:37:13 | INFO     | dataset_tools_app | info_monitor:271 | Loaded bundled font: IBM Plex Sans from IBMPlexSans-Italic-VariableFont_wdth,wght.ttf
2025-07-13 12:37:13 | INFO     | dataset_tools_app | info_monitor:271 | Loaded bundled font: Nunito from Nunito-VariableFont_wght.ttf
2025-07-13 12:37:13 | INFO     | dataset_tools_app | info_monitor:271 | Loaded bundled font: Nunito from Nunito-Italic-VariableFont_wght.ttf
2025-07-13 12:37:13 | INFO     | dataset_tools_app | info_monitor:271 | Loaded bundled font: PT Sans from PTSans-Regular.ttf
2025-07-13 12:37:13 | INFO     | dataset_tools_app | info_monitor:271 | Loaded bundled font: PT Sans from PTSans-Bold.ttf
2025-07-13 12:37:13 | INFO     | dataset_tools_app | info_monitor:271 | Loaded bundled font: PT Sans from PTSans-Italic.ttf
2025-07-13 12:37:13 | INFO     | dataset_tools_app | info_monitor:271 | Loaded bundled font: PT Sans from PTSans-BoldItalic.ttf
2025-07-13 12:37:13 | INFO     | dataset_tools_app | info_monitor:271 | Loaded bundled font: Radio Canada from RadioCanada-VariableFont_wdth,wght.ttf
2025-07-13 12:37:13 | INFO     | dataset_tools_app | info_monitor:271 | Loaded bundled font: Radio Canada from RadioCanada-Italic-VariableFont_wdth,wght.ttf
2025-07-13 12:37:13 | INFO     | dataset_tools_app | info_monitor:271 | Loaded bundled font: JetBrains Mono from JetBrainsMono-Regular.ttf
2025-07-13 12:37:13 | INFO     | dataset_tools_app | info_monitor:271 | Loaded bundled font: JetBrains Mono from JetBrainsMono-Bold.ttf
2025-07-13 12:37:13 | INFO     | dataset_tools_app | info_monitor:271 | Loaded bundled font: Syne Mono from SyneMono-Regular.ttf
2025-07-13 12:37:13 | INFO     | dataset_tools_app | info_monitor:271 | Loaded bundled font: VT323 from VT323-Regular.ttf
2025-07-13 12:37:13 | INFO     | dataset_tools_app | info_monitor:271 | Loaded bundled font: Orbitron from Orbitron-VariableFont_wght.ttf
2025-07-13 12:37:13 | INFO     | dataset_tools_app | info_monitor:271 | Loaded bundled font: Jura from Jura-VariableFont_wght.ttf
2025-07-13 12:37:13 | INFO     | dataset_tools_app | info_monitor:271 | Loaded bundled font: Turret Road from TurretRoad-Regular.ttf
2025-07-13 12:37:13 | INFO     | dataset_tools_app | info_monitor:271 | Loaded bundled font: Turret Road from TurretRoad-Light.ttf
2025-07-13 12:37:13 | INFO     | dataset_tools_app | info_monitor:271 | Loaded bundled font: Turret Road from TurretRoad-Medium.ttf
2025-07-13 12:37:13 | INFO     | dataset_tools_app | info_monitor:271 | Loaded bundled font: Turret Road from TurretRoad-Bold.ttf
2025-07-13 12:37:13 | INFO     | dataset_tools_app | info_monitor:271 | Loaded bundled font: Turret Road from TurretRoad-ExtraLight.ttf
2025-07-13 12:37:13 | INFO     | dataset_tools_app | info_monitor:271 | Loaded bundled font: Turret Road from TurretRoad-ExtraBold.ttf
2025-07-13 12:37:13 | INFO     | dataset_tools_app | info_monitor:271 | Loaded bundled font: Pixelify Sans from PixelifySans-Regular.ttf
2025-07-13 12:37:13 | INFO     | dataset_tools_app | info_monitor:271 | Loaded bundled font: Pixelify Sans from PixelifySans-Medium.ttf
2025-07-13 12:37:13 | INFO     | dataset_tools_app | info_monitor:271 | Loaded bundled font: Pixelify Sans from PixelifySans-SemiBold.ttf
2025-07-13 12:37:13 | INFO     | dataset_tools_app | info_monitor:271 | Loaded bundled font: Pixelify Sans from PixelifySans-Bold.ttf
2025-07-13 12:37:13 | INFO     | dataset_tools_app | info_monitor:271 | Loaded bundled font: Pixelify Sans from PixelifySans-VariableFont_wght.ttf
2025-07-13 12:37:13 | INFO     | dataset_tools_app | info_monitor:271 | Loaded bundled font: Silkscreen from Silkscreen-Regular.ttf
2025-07-13 12:37:13 | INFO     | dataset_tools_app | info_monitor:271 | Loaded bundled font: Silkscreen from Silkscreen-Bold.ttf
2025-07-13 12:37:13 | INFO     | dataset_tools_app | info_monitor:271 | Loaded bundled font: Dongle from Dongle-Regular.ttf
2025-07-13 12:37:13 | INFO     | dataset_tools_app | info_monitor:271 | Loaded bundled font: Dongle from Dongle-Light.ttf
2025-07-13 12:37:13 | INFO     | dataset_tools_app | info_monitor:271 | Loaded bundled font: Dongle from Dongle-Bold.ttf
2025-07-13 12:37:13 | INFO     | dataset_tools_app | info_monitor:271 | Loaded bundled font: Doppio One from DoppioOne-Regular.ttf
2025-07-13 12:37:13 | INFO     | dataset_tools_app | info_monitor:271 | Loaded bundled font: Kosugi Maru from KosugiMaru-Regular.ttf
2025-07-13 12:37:13 | INFO     | dataset_tools_app | info_monitor:271 | Loaded bundled font: Mandali from Mandali-Regular.ttf
2025-07-13 12:37:13 | INFO     | dataset_tools_app | info_monitor:271 | Loaded bundled font: Tsukimi Rounded from TsukimiRounded-Regular.ttf
2025-07-13 12:37:13 | INFO     | dataset_tools_app | info_monitor:271 | Loaded bundled font: Tsukimi Rounded from TsukimiRounded-Light.ttf
2025-07-13 12:37:13 | INFO     | dataset_tools_app | info_monitor:271 | Loaded bundled font: Tsukimi Rounded from TsukimiRounded-Medium.ttf
2025-07-13 12:37:13 | INFO     | dataset_tools_app | info_monitor:271 | Loaded bundled font: Tsukimi Rounded from TsukimiRounded-SemiBold.ttf
2025-07-13 12:37:13 | INFO     | dataset_tools_app | info_monitor:271 | Loaded bundled font: Tsukimi Rounded from TsukimiRounded-Bold.ttf
2025-07-13 12:37:13 | INFO     | dataset_tools_app | info_monitor:271 | Loaded 50 bundled font files
2025-07-13 12:37:13 | INFO     | dataset_tools_app | info_monitor:271 | FontManager initialized with 608 available fonts
2025-07-13 12:37:13 | INFO     | dataset_tools_app | info_monitor:271 | Using font for ui: Open Sans
2025-07-13 12:37:13 | INFO     | dataset_tools_app | info_monitor:271 | Applied default font to application: Open Sans
2025-07-13 12:37:13 | INFO     | dataset_tools_app | info_monitor:271 | Applied optimal fonts to application
2025-07-13 12:37:13 | INFO     | dataset_tools_app | info_monitor:271 | [UI] Window resized to: 1600x900
2025-07-13 12:37:13 | INFO     | dataset_tools_app | info_monitor:271 | [UI] Clearing file list and selections.
2025-07-13 12:37:13 | INFO     | dataset_tools_app | info_monitor:271 | [UI] Attempting to load files from: /Users/duskfall/Downloads/Metadata Samples
2025-07-13 12:37:13 | INFO     | dataset_tools_app | info_monitor:271 | [UI] FileLoader thread started for: /Users/duskfall/Downloads/Metadata Samples
2025-07-13 12:37:13 | INFO     | dataset_tools_app | info_monitor:271 | [FileLoader] Starting to scan directory: /Users/duskfall/Downloads/Metadata Samples
2025-07-13 12:37:13 | INFO     | dataset_tools_app | info_monitor:271 | Using font: Open Sans 14pt
2025-07-13 12:37:13 | INFO     | dataset_tools_app | info_monitor:271 | [FONT] Applied to positive_prompt_box: Open Sans 14pt
2025-07-13 12:37:13 | INFO     | dataset_tools_app | info_monitor:271 | [FONT] Applied to negative_prompt_box: Open Sans 14pt
2025-07-13 12:37:13 | INFO     | dataset_tools_app | info_monitor:271 | [FONT] Applied to generation_data_box: Open Sans 14pt
2025-07-13 12:37:13 | INFO     | dataset_tools_app | info_monitor:271 | [FileLoader] Scanned 1374 items (files/dirs) in directory: /Users/duskfall/Downloads/Metadata Samples
2025-07-13 12:37:13 | INFO     | dataset_tools_app | info_monitor:271 | [FileLoader] Categorized files: 1372 images, 0 text/schema, 0 models.
2025-07-13 12:37:13 | INFO     | dataset_tools_app | info_monitor:271 | [FileLoader] Scan finished. Emitting result for folder: /Users/duskfall/Downloads/Metadata Samples. File to select: None. Counts: Img=1372, Txt=0, Mdl=0
2025-07-13 12:37:13 | INFO     | dataset_tools_app | info_monitor:271 | [UI] FileLoader finished. Received result for folder: /Users/duskfall/Downloads/Metadata Samples
2025-07-13 12:37:13 | INFO     | dataset_tools_app | info_monitor:271 | [LeftPanel] Added 1372 items to file list
2025-07-13 12:37:14 | INFO     | dataset_tools_app | info_monitor:271 | [UI] Status: Selected: 00000-1626107238.jpeg
2025-07-13 12:37:14 | INFO     | dataset_tools_app | info_monitor:271 | [UI] File selected: '00000-1626107238.jpeg'
2025-07-13 12:37:14 | INFO     | dataset_tools_app | info_monitor:271 | [UI] Processing file: '/Users/duskfall/Downloads/Metadata Samples/00000-1626107238.jpeg'
2025-07-13 12:37:14 | INFO     | dataset_tools_app | info_monitor:271 | [UI] File matches image format: '.jpeg'
2025-07-13 12:37:14 | INFO     | dataset_tools_app | info_monitor:271 | [UI] Requesting image load for preview: '/Users/duskfall/Downloads/Metadata Samples/00000-1626107238.jpeg'
2025-07-13 12:37:14 | INFO     | dataset_tools_app | info_monitor:271 | [UI] Status: Loading image: 00000-1626107238.jpeg...
2025-07-13 12:37:14 | INFO     | dataset_tools_app | info_monitor:271 | [UI] Status: Image loaded: 450x658
2025-07-13 12:37:14 | INFO     | dataset_tools_app | info_monitor:271 | [UI] Image loaded successfully: 450x658
2025-07-13 12:37:14 | INFO     | dataset_tools_app | info_monitor:271 | [UI] Loading metadata from: /Users/duskfall/Downloads/Metadata Samples/00000-1626107238.jpeg
2025-07-13 12:37:14 | INFO     | dataset_tools_app | info_monitor:271 | [DT.metadata_parser]: >>> ENTERING parse_metadata for: /Users/duskfall/Downloads/Metadata Samples/00000-1626107238.jpeg
2025-07-13 12:37:14 | INFO     | dataset_tools_app | info_monitor:271 | [DT.metadata_parser]: Creating metadata engine with path: /Users/duskfall/Downloads/Dataset-Tools-Toomany_Branches_LintingFixes/Dataset-Tools/dataset_tools/parser_definitions
2025-07-13 12:37:14 | INFO     | dataset_tools_app | info_monitor:271 | [DT.metadata_parser]: Engine created successfully, calling get_parser_for_file
2025-07-13 12:37:14 | INFO     | dataset_tools_app | info_monitor:271 | [DT.metadata_parser]: get_parser_for_file returned: <class 'dict'> - True
2025-07-13 12:37:14 | INFO     | dataset_tools_app | info_monitor:271 | [DT.metadata_parser]: Successfully parsed metadata with engine. Keys: ['tool', 'parser_version', 'prompt', 'parameters', 'raw_metadata', '_metadata']
2025-07-13 12:37:14 | INFO     | dataset_tools_app | info_monitor:271 | [DT.metadata_parser]: <<< EXITING parse_metadata. Returning keys: ['prompt_data_section', 'generation_parameters_section', 'raw_tool_specific_data_section', 'metadata_info_section', 'unclassified']
2025-07-13 12:37:14 | INFO     | dataset_tools_app | info_monitor:271 | [UI] Auto-selected first file in the list.
2025-07-13 12:37:20 | INFO     | dataset_tools_app | info_monitor:271 | Copy All Metadata button clicked.
2025-07-13 12:37:20 | INFO     | dataset_tools_app | info_monitor:271 | [UI] Status: Displayed metadata copied to clipboard!
2025-07-13 12:37:20 | INFO     | dataset_tools_app | info_monitor:271 | Displayed metadata copied to clipboard.
2025-07-13 12:37:20 | INFO     | dataset_tools_app | info_monitor:271 | Added 22 bundled fonts to combo box (no system fonts)
2025-07-13 12:37:29 | INFO     | dataset_tools_app | info_monitor:271 | Found 5 assets for theme stupid_broken_tv_screen
2025-07-13 12:37:29 | INFO     | dataset_tools_app | info_monitor:271 | Processed custom QSS theme: stupid_broken_tv_screen, asset replacements applied
2025-07-13 12:37:29 | INFO     | dataset_tools_app | info_monitor:271 | Successfully applied custom QSS theme: stupid_broken_tv_screen
2025-07-13 12:37:29 | INFO     | dataset_tools_app | info_monitor:271 | Theme applied and saved: custom_qss:stupid_broken_tv_screen
2025-07-13 12:37:29 | INFO     | dataset_tools_app | info_monitor:271 | [UI] Window resized to: 1600x900
2025-07-13 12:37:29 | INFO     | dataset_tools_app | info_monitor:271 | Using font: Open Sans 14pt
2025-07-13 12:37:29 | INFO     | dataset_tools_app | info_monitor:271 | [FONT] Applied to positive_prompt_box: Open Sans 14pt
2025-07-13 12:37:29 | INFO     | dataset_tools_app | info_monitor:271 | [FONT] Applied to negative_prompt_box: Open Sans 14pt
2025-07-13 12:37:29 | INFO     | dataset_tools_app | info_monitor:271 | [FONT] Applied to generation_data_box: Open Sans 14pt
2025-07-13 12:37:29 | INFO     | dataset_tools_app | info_monitor:271 | Applied global font: Open Sans, 14pt
2025-07-13 12:37:30 | INFO     | dataset_tools_app | info_monitor:271 | Using font: Open Sans 14pt
2025-07-13 12:37:30 | INFO     | dataset_tools_app | info_monitor:271 | [FONT] Applied to positive_prompt_box: Open Sans 14pt
2025-07-13 12:37:30 | INFO     | dataset_tools_app | info_monitor:271 | [FONT] Applied to negative_prompt_box: Open Sans 14pt
2025-07-13 12:37:30 | INFO     | dataset_tools_app | info_monitor:271 | [FONT] Applied to generation_data_box: Open Sans 14pt
2025-07-13 12:37:30 | INFO     | dataset_tools_app | info_monitor:271 | All settings applied.
2025-07-13 12:37:30 | INFO     | dataset_tools_app | info_monitor:271 | Using font: Open Sans 14pt
2025-07-13 12:37:30 | INFO     | dataset_tools_app | info_monitor:271 | [FONT] Applied to positive_prompt_box: Open Sans 14pt
2025-07-13 12:37:30 | INFO     | dataset_tools_app | info_monitor:271 | [FONT] Applied to negative_prompt_box: Open Sans 14pt
2025-07-13 12:37:30 | INFO     | dataset_tools_app | info_monitor:271 | [FONT] Applied to generation_data_box: Open Sans 14pt
2025-07-13 12:37:37 | INFO     | dataset_tools_app | info_monitor:271 | Found 5 assets for theme stupid_under_saturated_film
2025-07-13 12:37:37 | INFO     | dataset_tools_app | info_monitor:271 | Processed custom QSS theme: stupid_under_saturated_film, asset replacements applied
2025-07-13 12:37:38 | INFO     | dataset_tools_app | info_monitor:271 | Successfully applied custom QSS theme: stupid_under_saturated_film
2025-07-13 12:37:38 | INFO     | dataset_tools_app | info_monitor:271 | Theme applied and saved: custom_qss:stupid_under_saturated_film
2025-07-13 12:37:38 | INFO     | dataset_tools_app | info_monitor:271 | [UI] Window resized to: 1600x900
2025-07-13 12:37:38 | INFO     | dataset_tools_app | info_monitor:271 | Using font: Open Sans 14pt
2025-07-13 12:37:38 | INFO     | dataset_tools_app | info_monitor:271 | [FONT] Applied to positive_prompt_box: Open Sans 14pt
2025-07-13 12:37:38 | INFO     | dataset_tools_app | info_monitor:271 | [FONT] Applied to negative_prompt_box: Open Sans 14pt
2025-07-13 12:37:38 | INFO     | dataset_tools_app | info_monitor:271 | [FONT] Applied to generation_data_box: Open Sans 14pt
2025-07-13 12:37:38 | INFO     | dataset_tools_app | info_monitor:271 | Applied global font: Open Sans, 14pt
2025-07-13 12:37:38 | INFO     | dataset_tools_app | info_monitor:271 | Using font: Open Sans 14pt
2025-07-13 12:37:38 | INFO     | dataset_tools_app | info_monitor:271 | [FONT] Applied to positive_prompt_box: Open Sans 14pt
2025-07-13 12:37:38 | INFO     | dataset_tools_app | info_monitor:271 | [FONT] Applied to negative_prompt_box: Open Sans 14pt
2025-07-13 12:37:38 | INFO     | dataset_tools_app | info_monitor:271 | [FONT] Applied to generation_data_box: Open Sans 14pt
2025-07-13 12:37:38 | INFO     | dataset_tools_app | info_monitor:271 | All settings applied.
2025-07-13 12:37:38 | INFO     | dataset_tools_app | info_monitor:271 | Using font: Open Sans 14pt
2025-07-13 12:37:38 | INFO     | dataset_tools_app | info_monitor:271 | [FONT] Applied to positive_prompt_box: Open Sans 14pt
2025-07-13 12:37:38 | INFO     | dataset_tools_app | info_monitor:271 | [FONT] Applied to negative_prompt_box: Open Sans 14pt
2025-07-13 12:37:38 | INFO     | dataset_tools_app | info_monitor:271 | [FONT] Applied to generation_data_box: Open Sans 14pt
2025-07-13 12:37:43 | INFO     | dataset_tools_app | info_monitor:271 | Found 5 assets for theme stupid_ugly_sweater
2025-07-13 12:37:43 | INFO     | dataset_tools_app | info_monitor:271 | Processed custom QSS theme: stupid_ugly_sweater, asset replacements applied
2025-07-13 12:37:44 | INFO     | dataset_tools_app | info_monitor:271 | Successfully applied custom QSS theme: stupid_ugly_sweater
2025-07-13 12:37:44 | INFO     | dataset_tools_app | info_monitor:271 | Theme applied and saved: custom_qss:stupid_ugly_sweater
2025-07-13 12:37:44 | INFO     | dataset_tools_app | info_monitor:271 | [UI] Window resized to: 1600x900
2025-07-13 12:37:44 | INFO     | dataset_tools_app | info_monitor:271 | Using font: Open Sans 14pt
2025-07-13 12:37:44 | INFO     | dataset_tools_app | info_monitor:271 | [FONT] Applied to positive_prompt_box: Open Sans 14pt
2025-07-13 12:37:44 | INFO     | dataset_tools_app | info_monitor:271 | [FONT] Applied to negative_prompt_box: Open Sans 14pt
2025-07-13 12:37:44 | INFO     | dataset_tools_app | info_monitor:271 | [FONT] Applied to generation_data_box: Open Sans 14pt
2025-07-13 12:37:44 | INFO     | dataset_tools_app | info_monitor:271 | Applied global font: Open Sans, 14pt
2025-07-13 12:37:44 | INFO     | dataset_tools_app | info_monitor:271 | Using font: Open Sans 14pt
2025-07-13 12:37:44 | INFO     | dataset_tools_app | info_monitor:271 | [FONT] Applied to positive_prompt_box: Open Sans 14pt
2025-07-13 12:37:44 | INFO     | dataset_tools_app | info_monitor:271 | [FONT] Applied to negative_prompt_box: Open Sans 14pt
2025-07-13 12:37:44 | INFO     | dataset_tools_app | info_monitor:271 | [FONT] Applied to generation_data_box: Open Sans 14pt
2025-07-13 12:37:44 | INFO     | dataset_tools_app | info_monitor:271 | All settings applied.
2025-07-13 12:37:44 | INFO     | dataset_tools_app | info_monitor:271 | Using font: Open Sans 14pt
2025-07-13 12:37:44 | INFO     | dataset_tools_app | info_monitor:271 | [FONT] Applied to positive_prompt_box: Open Sans 14pt
2025-07-13 12:37:44 | INFO     | dataset_tools_app | info_monitor:271 | [FONT] Applied to negative_prompt_box: Open Sans 14pt
2025-07-13 12:37:44 | INFO     | dataset_tools_app | info_monitor:271 | [FONT] Applied to generation_data_box: Open Sans 14pt
2025-07-13 12:37:51 | INFO     | dataset_tools_app | info_monitor:271 | Found 5 assets for theme stupid_neon_puke
2025-07-13 12:37:51 | INFO     | dataset_tools_app | info_monitor:271 | Processed custom QSS theme: stupid_neon_puke, asset replacements applied
2025-07-13 12:37:51 | INFO     | dataset_tools_app | info_monitor:271 | Successfully applied custom QSS theme: stupid_neon_puke
2025-07-13 12:37:51 | INFO     | dataset_tools_app | info_monitor:271 | Theme applied and saved: custom_qss:stupid_neon_puke
2025-07-13 12:37:51 | INFO     | dataset_tools_app | info_monitor:271 | [UI] Window resized to: 1600x900
2025-07-13 12:37:51 | INFO     | dataset_tools_app | info_monitor:271 | Using font: Open Sans 14pt
2025-07-13 12:37:51 | INFO     | dataset_tools_app | info_monitor:271 | [FONT] Applied to positive_prompt_box: Open Sans 14pt
2025-07-13 12:37:51 | INFO     | dataset_tools_app | info_monitor:271 | [FONT] Applied to negative_prompt_box: Open Sans 14pt
2025-07-13 12:37:51 | INFO     | dataset_tools_app | info_monitor:271 | [FONT] Applied to generation_data_box: Open Sans 14pt
2025-07-13 12:37:51 | INFO     | dataset_tools_app | info_monitor:271 | Applied global font: Open Sans, 14pt
2025-07-13 12:37:51 | INFO     | dataset_tools_app | info_monitor:271 | Using font: Open Sans 14pt
2025-07-13 12:37:51 | INFO     | dataset_tools_app | info_monitor:271 | [FONT] Applied to positive_prompt_box: Open Sans 14pt
2025-07-13 12:37:51 | INFO     | dataset_tools_app | info_monitor:271 | [FONT] Applied to negative_prompt_box: Open Sans 14pt
2025-07-13 12:37:51 | INFO     | dataset_tools_app | info_monitor:271 | [FONT] Applied to generation_data_box: Open Sans 14pt
2025-07-13 12:37:51 | INFO     | dataset_tools_app | info_monitor:271 | All settings applied.
2025-07-13 12:37:51 | INFO     | dataset_tools_app | info_monitor:271 | Using font: Open Sans 14pt
2025-07-13 12:37:51 | INFO     | dataset_tools_app | info_monitor:271 | [FONT] Applied to positive_prompt_box: Open Sans 14pt
2025-07-13 12:37:51 | INFO     | dataset_tools_app | info_monitor:271 | [FONT] Applied to negative_prompt_box: Open Sans 14pt
2025-07-13 12:37:51 | INFO     | dataset_tools_app | info_monitor:271 | [FONT] Applied to generation_data_box: Open Sans 14pt
2025-07-13 12:38:06 | INFO     | dataset_tools_app | info_monitor:271 | Found 5 assets for theme disturbed_shark_week
2025-07-13 12:38:06 | INFO     | dataset_tools_app | info_monitor:271 | Processed custom QSS theme: disturbed_shark_week, asset replacements applied
2025-07-13 12:38:06 | INFO     | dataset_tools_app | info_monitor:271 | Successfully applied custom QSS theme: disturbed_shark_week
2025-07-13 12:38:06 | INFO     | dataset_tools_app | info_monitor:271 | Theme applied and saved: custom_qss:disturbed_shark_week
2025-07-13 12:38:06 | INFO     | dataset_tools_app | info_monitor:271 | [UI] Window resized to: 1600x900
2025-07-13 12:38:06 | INFO     | dataset_tools_app | info_monitor:271 | Using font: Open Sans 14pt
2025-07-13 12:38:06 | INFO     | dataset_tools_app | info_monitor:271 | [FONT] Applied to positive_prompt_box: Open Sans 14pt
2025-07-13 12:38:06 | INFO     | dataset_tools_app | info_monitor:271 | [FONT] Applied to negative_prompt_box: Open Sans 14pt
2025-07-13 12:38:06 | INFO     | dataset_tools_app | info_monitor:271 | [FONT] Applied to generation_data_box: Open Sans 14pt
2025-07-13 12:38:06 | INFO     | dataset_tools_app | info_monitor:271 | Applied global font: Open Sans, 14pt
2025-07-13 12:38:06 | INFO     | dataset_tools_app | info_monitor:271 | Using font: Open Sans 14pt
2025-07-13 12:38:06 | INFO     | dataset_tools_app | info_monitor:271 | [FONT] Applied to positive_prompt_box: Open Sans 14pt
2025-07-13 12:38:06 | INFO     | dataset_tools_app | info_monitor:271 | [FONT] Applied to negative_prompt_box: Open Sans 14pt
2025-07-13 12:38:06 | INFO     | dataset_tools_app | info_monitor:271 | [FONT] Applied to generation_data_box: Open Sans 14pt
2025-07-13 12:38:06 | INFO     | dataset_tools_app | info_monitor:271 | All settings applied.
2025-07-13 12:38:06 | INFO     | dataset_tools_app | info_monitor:271 | Using font: Open Sans 14pt
2025-07-13 12:38:06 | INFO     | dataset_tools_app | info_monitor:271 | [FONT] Applied to positive_prompt_box: Open Sans 14pt
2025-07-13 12:38:06 | INFO     | dataset_tools_app | info_monitor:271 | [FONT] Applied to negative_prompt_box: Open Sans 14pt
2025-07-13 12:38:06 | INFO     | dataset_tools_app | info_monitor:271 | [FONT] Applied to generation_data_box: Open Sans 14pt
2025-07-13 12:38:25 | INFO     | dataset_tools_app | info_monitor:271 | Found 5 assets for theme stupid_warning_sign
2025-07-13 12:38:25 | INFO     | dataset_tools_app | info_monitor:271 | Processed custom QSS theme: stupid_warning_sign, asset replacements applied
2025-07-13 12:38:25 | INFO     | dataset_tools_app | info_monitor:271 | Successfully applied custom QSS theme: stupid_warning_sign
2025-07-13 12:38:25 | INFO     | dataset_tools_app | info_monitor:271 | Theme applied and saved: custom_qss:stupid_warning_sign
2025-07-13 12:38:25 | INFO     | dataset_tools_app | info_monitor:271 | [UI] Window resized to: 1600x900
2025-07-13 12:38:25 | INFO     | dataset_tools_app | info_monitor:271 | Using font: Open Sans 14pt
2025-07-13 12:38:25 | INFO     | dataset_tools_app | info_monitor:271 | [FONT] Applied to positive_prompt_box: Open Sans 14pt
2025-07-13 12:38:25 | INFO     | dataset_tools_app | info_monitor:271 | [FONT] Applied to negative_prompt_box: Open Sans 14pt
2025-07-13 12:38:25 | INFO     | dataset_tools_app | info_monitor:271 | [FONT] Applied to generation_data_box: Open Sans 14pt
2025-07-13 12:38:25 | INFO     | dataset_tools_app | info_monitor:271 | Applied global font: Open Sans, 14pt
2025-07-13 12:38:25 | INFO     | dataset_tools_app | info_monitor:271 | Using font: Open Sans 14pt
2025-07-13 12:38:25 | INFO     | dataset_tools_app | info_monitor:271 | [FONT] Applied to positive_prompt_box: Open Sans 14pt
2025-07-13 12:38:25 | INFO     | dataset_tools_app | info_monitor:271 | [FONT] Applied to negative_prompt_box: Open Sans 14pt
2025-07-13 12:38:25 | INFO     | dataset_tools_app | info_monitor:271 | [FONT] Applied to generation_data_box: Open Sans 14pt
2025-07-13 12:38:25 | INFO     | dataset_tools_app | info_monitor:271 | All settings applied.
2025-07-13 12:38:26 | INFO     | dataset_tools_app | info_monitor:271 | Using font: Open Sans 14pt
2025-07-13 12:38:26 | INFO     | dataset_tools_app | info_monitor:271 | [FONT] Applied to positive_prompt_box: Open Sans 14pt
2025-07-13 12:38:26 | INFO     | dataset_tools_app | info_monitor:271 | [FONT] Applied to negative_prompt_box: Open Sans 14pt
2025-07-13 12:38:26 | INFO     | dataset_tools_app | info_monitor:271 | [FONT] Applied to generation_data_box: Open Sans 14pt
2025-07-13 12:38:35 | INFO     | dataset_tools_app | info_monitor:271 | Found 5 assets for theme stupid_rainbow_barf
2025-07-13 12:38:35 | INFO     | dataset_tools_app | info_monitor:271 | Processed custom QSS theme: stupid_rainbow_barf, asset replacements applied
2025-07-13 12:38:35 | INFO     | dataset_tools_app | info_monitor:271 | Successfully applied custom QSS theme: stupid_rainbow_barf
2025-07-13 12:38:35 | INFO     | dataset_tools_app | info_monitor:271 | Theme applied and saved: custom_qss:stupid_rainbow_barf
2025-07-13 12:38:35 | INFO     | dataset_tools_app | info_monitor:271 | [UI] Window resized to: 1600x900
2025-07-13 12:38:35 | INFO     | dataset_tools_app | info_monitor:271 | Using font: Open Sans 14pt
2025-07-13 12:38:35 | INFO     | dataset_tools_app | info_monitor:271 | [FONT] Applied to positive_prompt_box: Open Sans 14pt
2025-07-13 12:38:35 | INFO     | dataset_tools_app | info_monitor:271 | [FONT] Applied to negative_prompt_box: Open Sans 14pt
2025-07-13 12:38:35 | INFO     | dataset_tools_app | info_monitor:271 | [FONT] Applied to generation_data_box: Open Sans 14pt
2025-07-13 12:38:35 | INFO     | dataset_tools_app | info_monitor:271 | Applied global font: Open Sans, 14pt
2025-07-13 12:38:35 | INFO     | dataset_tools_app | info_monitor:271 | Using font: Open Sans 14pt
2025-07-13 12:38:35 | INFO     | dataset_tools_app | info_monitor:271 | [FONT] Applied to positive_prompt_box: Open Sans 14pt
2025-07-13 12:38:35 | INFO     | dataset_tools_app | info_monitor:271 | [FONT] Applied to negative_prompt_box: Open Sans 14pt
2025-07-13 12:38:35 | INFO     | dataset_tools_app | info_monitor:271 | [FONT] Applied to generation_data_box: Open Sans 14pt
2025-07-13 12:38:35 | INFO     | dataset_tools_app | info_monitor:271 | All settings applied.
2025-07-13 12:38:35 | INFO     | dataset_tools_app | info_monitor:271 | Using font: Open Sans 14pt
2025-07-13 12:38:35 | INFO     | dataset_tools_app | info_monitor:271 | [FONT] Applied to positive_prompt_box: Open Sans 14pt
2025-07-13 12:38:35 | INFO     | dataset_tools_app | info_monitor:271 | [FONT] Applied to negative_prompt_box: Open Sans 14pt
2025-07-13 12:38:35 | INFO     | dataset_tools_app | info_monitor:271 | [FONT] Applied to generation_data_box: Open Sans 14pt
2025-07-13 12:38:41 | INFO     | dataset_tools_app | info_monitor:271 | Found 5 assets for theme stupid_discord_light_mode
2025-07-13 12:38:41 | INFO     | dataset_tools_app | info_monitor:271 | Processed custom QSS theme: stupid_discord_light_mode, asset replacements applied
2025-07-13 12:38:42 | INFO     | dataset_tools_app | info_monitor:271 | Successfully applied custom QSS theme: stupid_discord_light_mode
2025-07-13 12:38:42 | INFO     | dataset_tools_app | info_monitor:271 | Theme applied and saved: custom_qss:stupid_discord_light_mode
2025-07-13 12:38:42 | INFO     | dataset_tools_app | info_monitor:271 | [UI] Window resized to: 1600x900
2025-07-13 12:38:42 | INFO     | dataset_tools_app | info_monitor:271 | Using font: Open Sans 14pt
2025-07-13 12:38:42 | INFO     | dataset_tools_app | info_monitor:271 | [FONT] Applied to positive_prompt_box: Open Sans 14pt
2025-07-13 12:38:42 | INFO     | dataset_tools_app | info_monitor:271 | [FONT] Applied to negative_prompt_box: Open Sans 14pt
2025-07-13 12:38:42 | INFO     | dataset_tools_app | info_monitor:271 | [FONT] Applied to generation_data_box: Open Sans 14pt
2025-07-13 12:38:42 | INFO     | dataset_tools_app | info_monitor:271 | Applied global font: Open Sans, 14pt
2025-07-13 12:38:42 | INFO     | dataset_tools_app | info_monitor:271 | Using font: Open Sans 14pt
2025-07-13 12:38:42 | INFO     | dataset_tools_app | info_monitor:271 | [FONT] Applied to positive_prompt_box: Open Sans 14pt
2025-07-13 12:38:42 | INFO     | dataset_tools_app | info_monitor:271 | [FONT] Applied to negative_prompt_box: Open Sans 14pt
2025-07-13 12:38:42 | INFO     | dataset_tools_app | info_monitor:271 | [FONT] Applied to generation_data_box: Open Sans 14pt
2025-07-13 12:38:42 | INFO     | dataset_tools_app | info_monitor:271 | All settings applied.
2025-07-13 12:38:42 | INFO     | dataset_tools_app | info_monitor:271 | Using font: Open Sans 14pt
2025-07-13 12:38:42 | INFO     | dataset_tools_app | info_monitor:271 | [FONT] Applied to positive_prompt_box: Open Sans 14pt
2025-07-13 12:38:42 | INFO     | dataset_tools_app | info_monitor:271 | [FONT] Applied to negative_prompt_box: Open Sans 14pt
2025-07-13 12:38:42 | INFO     | dataset_tools_app | info_monitor:271 | [FONT] Applied to generation_data_box: Open Sans 14pt
2025-07-13 12:38:48 | INFO     | dataset_tools_app | info_monitor:271 | Found 5 assets for theme stupid_clown_vomit
2025-07-13 12:38:48 | INFO     | dataset_tools_app | info_monitor:271 | Processed custom QSS theme: stupid_clown_vomit, asset replacements applied
2025-07-13 12:38:48 | INFO     | dataset_tools_app | info_monitor:271 | Successfully applied custom QSS theme: stupid_clown_vomit
2025-07-13 12:38:48 | INFO     | dataset_tools_app | info_monitor:271 | Theme applied and saved: custom_qss:stupid_clown_vomit
2025-07-13 12:38:48 | INFO     | dataset_tools_app | info_monitor:271 | [UI] Window resized to: 1600x900
2025-07-13 12:38:48 | INFO     | dataset_tools_app | info_monitor:271 | Using font: Open Sans 14pt
2025-07-13 12:38:48 | INFO     | dataset_tools_app | info_monitor:271 | [FONT] Applied to positive_prompt_box: Open Sans 14pt
2025-07-13 12:38:48 | INFO     | dataset_tools_app | info_monitor:271 | [FONT] Applied to negative_prompt_box: Open Sans 14pt
2025-07-13 12:38:48 | INFO     | dataset_tools_app | info_monitor:271 | [FONT] Applied to generation_data_box: Open Sans 14pt
2025-07-13 12:38:48 | INFO     | dataset_tools_app | info_monitor:271 | Applied global font: Open Sans, 14pt
2025-07-13 12:38:48 | INFO     | dataset_tools_app | info_monitor:271 | Using font: Open Sans 14pt
2025-07-13 12:38:48 | INFO     | dataset_tools_app | info_monitor:271 | [FONT] Applied to positive_prompt_box: Open Sans 14pt
2025-07-13 12:38:48 | INFO     | dataset_tools_app | info_monitor:271 | [FONT] Applied to negative_prompt_box: Open Sans 14pt
2025-07-13 12:38:48 | INFO     | dataset_tools_app | info_monitor:271 | [FONT] Applied to generation_data_box: Open Sans 14pt
2025-07-13 12:38:48 | INFO     | dataset_tools_app | info_monitor:271 | All settings applied.
2025-07-13 12:38:48 | INFO     | dataset_tools_app | info_monitor:271 | Using font: Open Sans 14pt
2025-07-13 12:38:48 | INFO     | dataset_tools_app | info_monitor:271 | [FONT] Applied to positive_prompt_box: Open Sans 14pt
2025-07-13 12:38:48 | INFO     | dataset_tools_app | info_monitor:271 | [FONT] Applied to negative_prompt_box: Open Sans 14pt
2025-07-13 12:38:48 | INFO     | dataset_tools_app | info_monitor:271 | [FONT] Applied to generation_data_box: Open Sans 14pt
2025-07-13 12:38:56 | INFO     | dataset_tools_app | info_monitor:271 | Found 5 assets for theme disturbed_moldy_taco
2025-07-13 12:38:56 | INFO     | dataset_tools_app | info_monitor:271 | Processed custom QSS theme: disturbed_moldy_taco, asset replacements applied
2025-07-13 12:38:56 | INFO     | dataset_tools_app | info_monitor:271 | Successfully applied custom QSS theme: disturbed_moldy_taco
2025-07-13 12:38:56 | INFO     | dataset_tools_app | info_monitor:271 | Theme applied and saved: custom_qss:disturbed_moldy_taco
2025-07-13 12:38:56 | INFO     | dataset_tools_app | info_monitor:271 | [UI] Window resized to: 1600x900
2025-07-13 12:38:56 | INFO     | dataset_tools_app | info_monitor:271 | Using font: Open Sans 14pt
2025-07-13 12:38:56 | INFO     | dataset_tools_app | info_monitor:271 | [FONT] Applied to positive_prompt_box: Open Sans 14pt
2025-07-13 12:38:56 | INFO     | dataset_tools_app | info_monitor:271 | [FONT] Applied to negative_prompt_box: Open Sans 14pt
2025-07-13 12:38:56 | INFO     | dataset_tools_app | info_monitor:271 | [FONT] Applied to generation_data_box: Open Sans 14pt
2025-07-13 12:38:56 | INFO     | dataset_tools_app | info_monitor:271 | Applied global font: Open Sans, 14pt
2025-07-13 12:38:56 | INFO     | dataset_tools_app | info_monitor:271 | Using font: Open Sans 14pt
2025-07-13 12:38:56 | INFO     | dataset_tools_app | info_monitor:271 | [FONT] Applied to positive_prompt_box: Open Sans 14pt
2025-07-13 12:38:56 | INFO     | dataset_tools_app | info_monitor:271 | [FONT] Applied to negative_prompt_box: Open Sans 14pt
2025-07-13 12:38:56 | INFO     | dataset_tools_app | info_monitor:271 | [FONT] Applied to generation_data_box: Open Sans 14pt
2025-07-13 12:38:56 | INFO     | dataset_tools_app | info_monitor:271 | All settings applied.
2025-07-13 12:38:56 | INFO     | dataset_tools_app | info_monitor:271 | Using font: Open Sans 14pt
2025-07-13 12:38:56 | INFO     | dataset_tools_app | info_monitor:271 | [FONT] Applied to positive_prompt_box: Open Sans 14pt
2025-07-13 12:38:56 | INFO     | dataset_tools_app | info_monitor:271 | [FONT] Applied to negative_prompt_box: Open Sans 14pt
2025-07-13 12:38:56 | INFO     | dataset_tools_app | info_monitor:271 | [FONT] Applied to generation_data_box: Open Sans 14pt
2025-07-13 12:39:10 | INFO     | dataset_tools_app | info_monitor:271 | Found 5 assets for theme stupid_radioactive_slime
2025-07-13 12:39:10 | INFO     | dataset_tools_app | info_monitor:271 | Processed custom QSS theme: stupid_radioactive_slime, asset replacements applied
2025-07-13 12:39:10 | INFO     | dataset_tools_app | info_monitor:271 | Successfully applied custom QSS theme: stupid_radioactive_slime
2025-07-13 12:39:10 | INFO     | dataset_tools_app | info_monitor:271 | Theme applied and saved: custom_qss:stupid_radioactive_slime
2025-07-13 12:39:10 | INFO     | dataset_tools_app | info_monitor:271 | [UI] Window resized to: 1600x900
2025-07-13 12:39:10 | INFO     | dataset_tools_app | info_monitor:271 | Using font: Open Sans 14pt
2025-07-13 12:39:10 | INFO     | dataset_tools_app | info_monitor:271 | [FONT] Applied to positive_prompt_box: Open Sans 14pt
2025-07-13 12:39:10 | INFO     | dataset_tools_app | info_monitor:271 | [FONT] Applied to negative_prompt_box: Open Sans 14pt
2025-07-13 12:39:10 | INFO     | dataset_tools_app | info_monitor:271 | [FONT] Applied to generation_data_box: Open Sans 14pt
2025-07-13 12:39:10 | INFO     | dataset_tools_app | info_monitor:271 | Applied global font: Open Sans, 14pt
2025-07-13 12:39:10 | INFO     | dataset_tools_app | info_monitor:271 | Using font: Open Sans 14pt
2025-07-13 12:39:10 | INFO     | dataset_tools_app | info_monitor:271 | [FONT] Applied to positive_prompt_box: Open Sans 14pt
2025-07-13 12:39:10 | INFO     | dataset_tools_app | info_monitor:271 | [FONT] Applied to negative_prompt_box: Open Sans 14pt
2025-07-13 12:39:10 | INFO     | dataset_tools_app | info_monitor:271 | [FONT] Applied to generation_data_box: Open Sans 14pt
2025-07-13 12:39:10 | INFO     | dataset_tools_app | info_monitor:271 | All settings applied.
2025-07-13 12:39:10 | INFO     | dataset_tools_app | info_monitor:271 | Using font: Open Sans 14pt
2025-07-13 12:39:10 | INFO     | dataset_tools_app | info_monitor:271 | [FONT] Applied to positive_prompt_box: Open Sans 14pt
2025-07-13 12:39:10 | INFO     | dataset_tools_app | info_monitor:271 | [FONT] Applied to negative_prompt_box: Open Sans 14pt
2025-07-13 12:39:10 | INFO     | dataset_tools_app | info_monitor:271 | [FONT] Applied to generation_data_box: Open Sans 14pt
2025-07-13 12:39:27 | INFO     | dataset_tools_app | info_monitor:271 | Found 5 assets for theme stupid_highlighter_hell
2025-07-13 12:39:27 | INFO     | dataset_tools_app | info_monitor:271 | Processed custom QSS theme: stupid_highlighter_hell, asset replacements applied
2025-07-13 12:39:27 | INFO     | dataset_tools_app | info_monitor:271 | Successfully applied custom QSS theme: stupid_highlighter_hell
2025-07-13 12:39:27 | INFO     | dataset_tools_app | info_monitor:271 | Theme applied and saved: custom_qss:stupid_highlighter_hell
2025-07-13 12:39:27 | INFO     | dataset_tools_app | info_monitor:271 | [UI] Window resized to: 1600x900
2025-07-13 12:39:27 | INFO     | dataset_tools_app | info_monitor:271 | Using font: Open Sans 14pt
2025-07-13 12:39:27 | INFO     | dataset_tools_app | info_monitor:271 | [FONT] Applied to positive_prompt_box: Open Sans 14pt
2025-07-13 12:39:27 | INFO     | dataset_tools_app | info_monitor:271 | [FONT] Applied to negative_prompt_box: Open Sans 14pt
2025-07-13 12:39:27 | INFO     | dataset_tools_app | info_monitor:271 | [FONT] Applied to generation_data_box: Open Sans 14pt
2025-07-13 12:39:27 | INFO     | dataset_tools_app | info_monitor:271 | Applied global font: Open Sans, 14pt
2025-07-13 12:39:27 | INFO     | dataset_tools_app | info_monitor:271 | Using font: Open Sans 14pt
2025-07-13 12:39:27 | INFO     | dataset_tools_app | info_monitor:271 | [FONT] Applied to positive_prompt_box: Open Sans 14pt
2025-07-13 12:39:27 | INFO     | dataset_tools_app | info_monitor:271 | [FONT] Applied to negative_prompt_box: Open Sans 14pt
2025-07-13 12:39:27 | INFO     | dataset_tools_app | info_monitor:271 | [FONT] Applied to generation_data_box: Open Sans 14pt
2025-07-13 12:39:27 | INFO     | dataset_tools_app | info_monitor:271 | All settings applied.
2025-07-13 12:39:27 | INFO     | dataset_tools_app | info_monitor:271 | Using font: Open Sans 14pt
2025-07-13 12:39:27 | INFO     | dataset_tools_app | info_monitor:271 | [FONT] Applied to positive_prompt_box: Open Sans 14pt
2025-07-13 12:39:27 | INFO     | dataset_tools_app | info_monitor:271 | [FONT] Applied to negative_prompt_box: Open Sans 14pt
2025-07-13 12:39:27 | INFO     | dataset_tools_app | info_monitor:271 | [FONT] Applied to generation_data_box: Open Sans 14pt
2025-07-13 12:39:35 | INFO     | dataset_tools_app | info_monitor:271 | Found 5 assets for theme stupid_blurry_vision
2025-07-13 12:39:35 | INFO     | dataset_tools_app | info_monitor:271 | Processed custom QSS theme: stupid_blurry_vision, asset replacements applied
2025-07-13 12:39:35 | INFO     | dataset_tools_app | info_monitor:271 | Successfully applied custom QSS theme: stupid_blurry_vision
2025-07-13 12:39:35 | INFO     | dataset_tools_app | info_monitor:271 | Theme applied and saved: custom_qss:stupid_blurry_vision
2025-07-13 12:39:35 | INFO     | dataset_tools_app | info_monitor:271 | [UI] Window resized to: 1600x900
2025-07-13 12:39:35 | INFO     | dataset_tools_app | info_monitor:271 | Using font: Open Sans 14pt
2025-07-13 12:39:35 | INFO     | dataset_tools_app | info_monitor:271 | [FONT] Applied to positive_prompt_box: Open Sans 14pt
2025-07-13 12:39:35 | INFO     | dataset_tools_app | info_monitor:271 | [FONT] Applied to negative_prompt_box: Open Sans 14pt
2025-07-13 12:39:35 | INFO     | dataset_tools_app | info_monitor:271 | [FONT] Applied to generation_data_box: Open Sans 14pt
2025-07-13 12:39:35 | INFO     | dataset_tools_app | info_monitor:271 | Applied global font: Open Sans, 14pt
2025-07-13 12:39:35 | INFO     | dataset_tools_app | info_monitor:271 | Using font: Open Sans 14pt
2025-07-13 12:39:35 | INFO     | dataset_tools_app | info_monitor:271 | [FONT] Applied to positive_prompt_box: Open Sans 14pt
2025-07-13 12:39:35 | INFO     | dataset_tools_app | info_monitor:271 | [FONT] Applied to negative_prompt_box: Open Sans 14pt
2025-07-13 12:39:35 | INFO     | dataset_tools_app | info_monitor:271 | [FONT] Applied to generation_data_box: Open Sans 14pt
2025-07-13 12:39:35 | INFO     | dataset_tools_app | info_monitor:271 | All settings applied.
2025-07-13 12:39:36 | INFO     | dataset_tools_app | info_monitor:271 | Using font: Open Sans 14pt
2025-07-13 12:39:36 | INFO     | dataset_tools_app | info_monitor:271 | [FONT] Applied to positive_prompt_box: Open Sans 14pt
2025-07-13 12:39:36 | INFO     | dataset_tools_app | info_monitor:271 | [FONT] Applied to negative_prompt_box: Open Sans 14pt
2025-07-13 12:39:36 | INFO     | dataset_tools_app | info_monitor:271 | [FONT] Applied to generation_data_box: Open Sans 14pt
2025-07-13 12:39:44 | INFO     | dataset_tools_app | info_monitor:271 | Found 5 assets for theme stupid_ms_paint_palette
2025-07-13 12:39:44 | INFO     | dataset_tools_app | info_monitor:271 | Processed custom QSS theme: stupid_ms_paint_palette, asset replacements applied
2025-07-13 12:39:44 | INFO     | dataset_tools_app | info_monitor:271 | Successfully applied custom QSS theme: stupid_ms_paint_palette
2025-07-13 12:39:44 | INFO     | dataset_tools_app | info_monitor:271 | Theme applied and saved: custom_qss:stupid_ms_paint_palette
2025-07-13 12:39:44 | INFO     | dataset_tools_app | info_monitor:271 | [UI] Window resized to: 1600x900
2025-07-13 12:39:44 | INFO     | dataset_tools_app | info_monitor:271 | Using font: Open Sans 14pt
2025-07-13 12:39:44 | INFO     | dataset_tools_app | info_monitor:271 | [FONT] Applied to positive_prompt_box: Open Sans 14pt
2025-07-13 12:39:44 | INFO     | dataset_tools_app | info_monitor:271 | [FONT] Applied to negative_prompt_box: Open Sans 14pt
2025-07-13 12:39:44 | INFO     | dataset_tools_app | info_monitor:271 | [FONT] Applied to generation_data_box: Open Sans 14pt
2025-07-13 12:39:44 | INFO     | dataset_tools_app | info_monitor:271 | Applied global font: Open Sans, 14pt
2025-07-13 12:39:44 | INFO     | dataset_tools_app | info_monitor:271 | Using font: Open Sans 14pt
2025-07-13 12:39:44 | INFO     | dataset_tools_app | info_monitor:271 | [FONT] Applied to positive_prompt_box: Open Sans 14pt
2025-07-13 12:39:44 | INFO     | dataset_tools_app | info_monitor:271 | [FONT] Applied to negative_prompt_box: Open Sans 14pt
2025-07-13 12:39:44 | INFO     | dataset_tools_app | info_monitor:271 | [FONT] Applied to generation_data_box: Open Sans 14pt
2025-07-13 12:39:44 | INFO     | dataset_tools_app | info_monitor:271 | All settings applied.
2025-07-13 12:39:44 | INFO     | dataset_tools_app | info_monitor:271 | Using font: Open Sans 14pt
2025-07-13 12:39:44 | INFO     | dataset_tools_app | info_monitor:271 | [FONT] Applied to positive_prompt_box: Open Sans 14pt
2025-07-13 12:39:44 | INFO     | dataset_tools_app | info_monitor:271 | [FONT] Applied to negative_prompt_box: Open Sans 14pt
2025-07-13 12:39:44 | INFO     | dataset_tools_app | info_monitor:271 | [FONT] Applied to generation_data_box: Open Sans 14pt
2025-07-13 12:40:07 | INFO     | dataset_tools_app | info_monitor:271 | Found 5 assets for theme stupid_static_noise
2025-07-13 12:40:07 | INFO     | dataset_tools_app | info_monitor:271 | Processed custom QSS theme: stupid_static_noise, asset replacements applied
2025-07-13 12:40:07 | INFO     | dataset_tools_app | info_monitor:271 | Successfully applied custom QSS theme: stupid_static_noise
2025-07-13 12:40:07 | INFO     | dataset_tools_app | info_monitor:271 | Theme applied and saved: custom_qss:stupid_static_noise
2025-07-13 12:40:07 | INFO     | dataset_tools_app | info_monitor:271 | [UI] Window resized to: 1600x900
2025-07-13 12:40:07 | INFO     | dataset_tools_app | info_monitor:271 | Using font: Open Sans 14pt
2025-07-13 12:40:07 | INFO     | dataset_tools_app | info_monitor:271 | [FONT] Applied to positive_prompt_box: Open Sans 14pt
2025-07-13 12:40:07 | INFO     | dataset_tools_app | info_monitor:271 | [FONT] Applied to negative_prompt_box: Open Sans 14pt
2025-07-13 12:40:07 | INFO     | dataset_tools_app | info_monitor:271 | [FONT] Applied to generation_data_box: Open Sans 14pt
2025-07-13 12:40:07 | INFO     | dataset_tools_app | info_monitor:271 | Applied global font: Open Sans, 14pt
2025-07-13 12:40:07 | INFO     | dataset_tools_app | info_monitor:271 | Using font: Open Sans 14pt
2025-07-13 12:40:07 | INFO     | dataset_tools_app | info_monitor:271 | [FONT] Applied to positive_prompt_box: Open Sans 14pt
2025-07-13 12:40:07 | INFO     | dataset_tools_app | info_monitor:271 | [FONT] Applied to negative_prompt_box: Open Sans 14pt
2025-07-13 12:40:07 | INFO     | dataset_tools_app | info_monitor:271 | [FONT] Applied to generation_data_box: Open Sans 14pt
2025-07-13 12:40:07 | INFO     | dataset_tools_app | info_monitor:271 | All settings applied.
2025-07-13 12:40:07 | INFO     | dataset_tools_app | info_monitor:271 | Using font: Open Sans 14pt
2025-07-13 12:40:07 | INFO     | dataset_tools_app | info_monitor:271 | [FONT] Applied to positive_prompt_box: Open Sans 14pt
2025-07-13 12:40:07 | INFO     | dataset_tools_app | info_monitor:271 | [FONT] Applied to negative_prompt_box: Open Sans 14pt
2025-07-13 12:40:07 | INFO     | dataset_tools_app | info_monitor:271 | [FONT] Applied to generation_data_box: Open Sans 14pt
2025-07-13 12:40:18 | INFO     | dataset_tools_app | info_monitor:271 | Found 5 assets for theme stupid_eye_bleed_red
2025-07-13 12:40:18 | INFO     | dataset_tools_app | info_monitor:271 | Processed custom QSS theme: stupid_eye_bleed_red, asset replacements applied
2025-07-13 12:40:18 | INFO     | dataset_tools_app | info_monitor:271 | Successfully applied custom QSS theme: stupid_eye_bleed_red
2025-07-13 12:40:18 | INFO     | dataset_tools_app | info_monitor:271 | Theme applied and saved: custom_qss:stupid_eye_bleed_red
2025-07-13 12:40:18 | INFO     | dataset_tools_app | info_monitor:271 | [UI] Window resized to: 1600x900
2025-07-13 12:40:18 | INFO     | dataset_tools_app | info_monitor:271 | Using font: Open Sans 14pt
2025-07-13 12:40:18 | INFO     | dataset_tools_app | info_monitor:271 | [FONT] Applied to positive_prompt_box: Open Sans 14pt
2025-07-13 12:40:18 | INFO     | dataset_tools_app | info_monitor:271 | [FONT] Applied to negative_prompt_box: Open Sans 14pt
2025-07-13 12:40:18 | INFO     | dataset_tools_app | info_monitor:271 | [FONT] Applied to generation_data_box: Open Sans 14pt
2025-07-13 12:40:18 | INFO     | dataset_tools_app | info_monitor:271 | Applied global font: Open Sans, 14pt
2025-07-13 12:40:18 | INFO     | dataset_tools_app | info_monitor:271 | Using font: Open Sans 14pt
2025-07-13 12:40:18 | INFO     | dataset_tools_app | info_monitor:271 | [FONT] Applied to positive_prompt_box: Open Sans 14pt
2025-07-13 12:40:18 | INFO     | dataset_tools_app | info_monitor:271 | [FONT] Applied to negative_prompt_box: Open Sans 14pt
2025-07-13 12:40:18 | INFO     | dataset_tools_app | info_monitor:271 | [FONT] Applied to generation_data_box: Open Sans 14pt
2025-07-13 12:40:18 | INFO     | dataset_tools_app | info_monitor:271 | All settings applied.
2025-07-13 12:40:19 | INFO     | dataset_tools_app | info_monitor:271 | Using font: Open Sans 14pt
2025-07-13 12:40:19 | INFO     | dataset_tools_app | info_monitor:271 | [FONT] Applied to positive_prompt_box: Open Sans 14pt
2025-07-13 12:40:19 | INFO     | dataset_tools_app | info_monitor:271 | [FONT] Applied to negative_prompt_box: Open Sans 14pt
2025-07-13 12:40:19 | INFO     | dataset_tools_app | info_monitor:271 | [FONT] Applied to generation_data_box: Open Sans 14pt
2025-07-13 12:40:27 | INFO     | dataset_tools_app | info_monitor:271 | Found 5 assets for theme stupid_baby_poop_green
2025-07-13 12:40:27 | INFO     | dataset_tools_app | info_monitor:271 | Processed custom QSS theme: stupid_baby_poop_green, asset replacements applied
2025-07-13 12:40:28 | INFO     | dataset_tools_app | info_monitor:271 | Successfully applied custom QSS theme: stupid_baby_poop_green
2025-07-13 12:40:28 | INFO     | dataset_tools_app | info_monitor:271 | Theme applied and saved: custom_qss:stupid_baby_poop_green
2025-07-13 12:40:28 | INFO     | dataset_tools_app | info_monitor:271 | [UI] Window resized to: 1600x900
2025-07-13 12:40:28 | INFO     | dataset_tools_app | info_monitor:271 | Using font: Open Sans 14pt
2025-07-13 12:40:28 | INFO     | dataset_tools_app | info_monitor:271 | [FONT] Applied to positive_prompt_box: Open Sans 14pt
2025-07-13 12:40:28 | INFO     | dataset_tools_app | info_monitor:271 | [FONT] Applied to negative_prompt_box: Open Sans 14pt
2025-07-13 12:40:28 | INFO     | dataset_tools_app | info_monitor:271 | [FONT] Applied to generation_data_box: Open Sans 14pt
2025-07-13 12:40:28 | INFO     | dataset_tools_app | info_monitor:271 | Applied global font: Open Sans, 14pt
2025-07-13 12:40:28 | INFO     | dataset_tools_app | info_monitor:271 | Using font: Open Sans 14pt
2025-07-13 12:40:28 | INFO     | dataset_tools_app | info_monitor:271 | [FONT] Applied to positive_prompt_box: Open Sans 14pt
2025-07-13 12:40:28 | INFO     | dataset_tools_app | info_monitor:271 | [FONT] Applied to negative_prompt_box: Open Sans 14pt
2025-07-13 12:40:28 | INFO     | dataset_tools_app | info_monitor:271 | [FONT] Applied to generation_data_box: Open Sans 14pt
2025-07-13 12:40:28 | INFO     | dataset_tools_app | info_monitor:271 | All settings applied.
2025-07-13 12:40:28 | INFO     | dataset_tools_app | info_monitor:271 | Using font: Open Sans 14pt
2025-07-13 12:40:28 | INFO     | dataset_tools_app | info_monitor:271 | [FONT] Applied to positive_prompt_box: Open Sans 14pt
2025-07-13 12:40:28 | INFO     | dataset_tools_app | info_monitor:271 | [FONT] Applied to negative_prompt_box: Open Sans 14pt
2025-07-13 12:40:28 | INFO     | dataset_tools_app | info_monitor:271 | [FONT] Applied to generation_data_box: Open Sans 14pt
2025-07-13 12:40:59 | INFO     | dataset_tools_app | info_monitor:271 | Found 5 assets for theme stupid_checkerboard_nightmare
2025-07-13 12:40:59 | INFO     | dataset_tools_app | info_monitor:271 | Processed custom QSS theme: stupid_checkerboard_nightmare, asset replacements applied
2025-07-13 12:40:59 | INFO     | dataset_tools_app | info_monitor:271 | Successfully applied custom QSS theme: stupid_checkerboard_nightmare
2025-07-13 12:40:59 | INFO     | dataset_tools_app | info_monitor:271 | Theme applied and saved: custom_qss:stupid_checkerboard_nightmare
2025-07-13 12:40:59 | INFO     | dataset_tools_app | info_monitor:271 | [UI] Window resized to: 1600x900
2025-07-13 12:40:59 | INFO     | dataset_tools_app | info_monitor:271 | Using font: Open Sans 14pt
2025-07-13 12:40:59 | INFO     | dataset_tools_app | info_monitor:271 | [FONT] Applied to positive_prompt_box: Open Sans 14pt
2025-07-13 12:40:59 | INFO     | dataset_tools_app | info_monitor:271 | [FONT] Applied to negative_prompt_box: Open Sans 14pt
2025-07-13 12:40:59 | INFO     | dataset_tools_app | info_monitor:271 | [FONT] Applied to generation_data_box: Open Sans 14pt
2025-07-13 12:40:59 | INFO     | dataset_tools_app | info_monitor:271 | Applied global font: Open Sans, 14pt
2025-07-13 12:40:59 | INFO     | dataset_tools_app | info_monitor:271 | Using font: Open Sans 14pt
2025-07-13 12:40:59 | INFO     | dataset_tools_app | info_monitor:271 | [FONT] Applied to positive_prompt_box: Open Sans 14pt
2025-07-13 12:40:59 | INFO     | dataset_tools_app | info_monitor:271 | [FONT] Applied to negative_prompt_box: Open Sans 14pt
2025-07-13 12:40:59 | INFO     | dataset_tools_app | info_monitor:271 | [FONT] Applied to generation_data_box: Open Sans 14pt
2025-07-13 12:40:59 | INFO     | dataset_tools_app | info_monitor:271 | All settings applied.
2025-07-13 12:40:59 | INFO     | dataset_tools_app | info_monitor:271 | Using font: Open Sans 14pt
2025-07-13 12:40:59 | INFO     | dataset_tools_app | info_monitor:271 | [FONT] Applied to positive_prompt_box: Open Sans 14pt
2025-07-13 12:40:59 | INFO     | dataset_tools_app | info_monitor:271 | [FONT] Applied to negative_prompt_box: Open Sans 14pt
2025-07-13 12:40:59 | INFO     | dataset_tools_app | info_monitor:271 | [FONT] Applied to generation_data_box: Open Sans 14pt
2025-07-13 12:41:05 | INFO     | dataset_tools_app | info_monitor:271 | Found 5 assets for theme stupid_seizure_stripes
2025-07-13 12:41:05 | INFO     | dataset_tools_app | info_monitor:271 | Processed custom QSS theme: stupid_seizure_stripes, asset replacements applied
2025-07-13 12:41:05 | INFO     | dataset_tools_app | info_monitor:271 | Successfully applied custom QSS theme: stupid_seizure_stripes
2025-07-13 12:41:05 | INFO     | dataset_tools_app | info_monitor:271 | Theme applied and saved: custom_qss:stupid_seizure_stripes
2025-07-13 12:41:05 | INFO     | dataset_tools_app | info_monitor:271 | [UI] Window resized to: 1600x900
2025-07-13 12:41:05 | INFO     | dataset_tools_app | info_monitor:271 | Using font: Open Sans 14pt
2025-07-13 12:41:05 | INFO     | dataset_tools_app | info_monitor:271 | [FONT] Applied to positive_prompt_box: Open Sans 14pt
2025-07-13 12:41:05 | INFO     | dataset_tools_app | info_monitor:271 | [FONT] Applied to negative_prompt_box: Open Sans 14pt
2025-07-13 12:41:05 | INFO     | dataset_tools_app | info_monitor:271 | [FONT] Applied to generation_data_box: Open Sans 14pt
2025-07-13 12:41:05 | INFO     | dataset_tools_app | info_monitor:271 | Applied global font: Open Sans, 14pt
2025-07-13 12:41:05 | INFO     | dataset_tools_app | info_monitor:271 | Using font: Open Sans 14pt
2025-07-13 12:41:05 | INFO     | dataset_tools_app | info_monitor:271 | [FONT] Applied to positive_prompt_box: Open Sans 14pt
2025-07-13 12:41:05 | INFO     | dataset_tools_app | info_monitor:271 | [FONT] Applied to negative_prompt_box: Open Sans 14pt
2025-07-13 12:41:05 | INFO     | dataset_tools_app | info_monitor:271 | [FONT] Applied to generation_data_box: Open Sans 14pt
2025-07-13 12:41:05 | INFO     | dataset_tools_app | info_monitor:271 | All settings applied.
2025-07-13 12:41:05 | INFO     | dataset_tools_app | info_monitor:271 | Using font: Open Sans 14pt
2025-07-13 12:41:05 | INFO     | dataset_tools_app | info_monitor:271 | [FONT] Applied to positive_prompt_box: Open Sans 14pt
2025-07-13 12:41:05 | INFO     | dataset_tools_app | info_monitor:271 | [FONT] Applied to negative_prompt_box: Open Sans 14pt
2025-07-13 12:41:05 | INFO     | dataset_tools_app | info_monitor:271 | [FONT] Applied to generation_data_box: Open Sans 14pt
2025-07-13 12:41:19 | INFO     | dataset_tools_app | info_monitor:271 | Found 5 assets for theme stupid_overexposed_photo
2025-07-13 12:41:19 | INFO     | dataset_tools_app | info_monitor:271 | Processed custom QSS theme: stupid_overexposed_photo, asset replacements applied
2025-07-13 12:41:19 | INFO     | dataset_tools_app | info_monitor:271 | Successfully applied custom QSS theme: stupid_overexposed_photo
2025-07-13 12:41:19 | INFO     | dataset_tools_app | info_monitor:271 | Theme applied and saved: custom_qss:stupid_overexposed_photo
2025-07-13 12:41:19 | INFO     | dataset_tools_app | info_monitor:271 | [UI] Window resized to: 1600x900
2025-07-13 12:41:19 | INFO     | dataset_tools_app | info_monitor:271 | Using font: Open Sans 14pt
2025-07-13 12:41:19 | INFO     | dataset_tools_app | info_monitor:271 | [FONT] Applied to positive_prompt_box: Open Sans 14pt
2025-07-13 12:41:19 | INFO     | dataset_tools_app | info_monitor:271 | [FONT] Applied to negative_prompt_box: Open Sans 14pt
2025-07-13 12:41:19 | INFO     | dataset_tools_app | info_monitor:271 | [FONT] Applied to generation_data_box: Open Sans 14pt
2025-07-13 12:41:19 | INFO     | dataset_tools_app | info_monitor:271 | Applied global font: Open Sans, 14pt
2025-07-13 12:41:19 | INFO     | dataset_tools_app | info_monitor:271 | Using font: Open Sans 14pt
2025-07-13 12:41:19 | INFO     | dataset_tools_app | info_monitor:271 | [FONT] Applied to positive_prompt_box: Open Sans 14pt
2025-07-13 12:41:19 | INFO     | dataset_tools_app | info_monitor:271 | [FONT] Applied to negative_prompt_box: Open Sans 14pt
2025-07-13 12:41:19 | INFO     | dataset_tools_app | info_monitor:271 | [FONT] Applied to generation_data_box: Open Sans 14pt
2025-07-13 12:41:19 | INFO     | dataset_tools_app | info_monitor:271 | All settings applied.
2025-07-13 12:41:19 | INFO     | dataset_tools_app | info_monitor:271 | Using font: Open Sans 14pt
2025-07-13 12:41:19 | INFO     | dataset_tools_app | info_monitor:271 | [FONT] Applied to positive_prompt_box: Open Sans 14pt
2025-07-13 12:41:19 | INFO     | dataset_tools_app | info_monitor:271 | [FONT] Applied to negative_prompt_box: Open Sans 14pt
2025-07-13 12:41:19 | INFO     | dataset_tools_app | info_monitor:271 | [FONT] Applied to generation_data_box: Open Sans 14pt
2025-07-13 12:42:05 | INFO     | dataset_tools_app | info_monitor:271 | Found 5 assets for theme stupid_geocities
2025-07-13 12:42:05 | INFO     | dataset_tools_app | info_monitor:271 | Processed custom QSS theme: stupid_geocities, asset replacements applied
2025-07-13 12:42:05 | INFO     | dataset_tools_app | info_monitor:271 | Successfully applied custom QSS theme: stupid_geocities
2025-07-13 12:42:05 | INFO     | dataset_tools_app | info_monitor:271 | Theme applied and saved: custom_qss:stupid_geocities
2025-07-13 12:42:05 | INFO     | dataset_tools_app | info_monitor:271 | [UI] Window resized to: 1600x900
2025-07-13 12:42:05 | INFO     | dataset_tools_app | info_monitor:271 | Using font: Open Sans 14pt
2025-07-13 12:42:05 | INFO     | dataset_tools_app | info_monitor:271 | [FONT] Applied to positive_prompt_box: Open Sans 14pt
2025-07-13 12:42:05 | INFO     | dataset_tools_app | info_monitor:271 | [FONT] Applied to negative_prompt_box: Open Sans 14pt
2025-07-13 12:42:05 | INFO     | dataset_tools_app | info_monitor:271 | [FONT] Applied to generation_data_box: Open Sans 14pt
2025-07-13 12:42:05 | INFO     | dataset_tools_app | info_monitor:271 | Applied global font: Open Sans, 14pt
2025-07-13 12:42:05 | INFO     | dataset_tools_app | info_monitor:271 | Using font: Open Sans 14pt
2025-07-13 12:42:05 | INFO     | dataset_tools_app | info_monitor:271 | [FONT] Applied to positive_prompt_box: Open Sans 14pt
2025-07-13 12:42:05 | INFO     | dataset_tools_app | info_monitor:271 | [FONT] Applied to negative_prompt_box: Open Sans 14pt
2025-07-13 12:42:05 | INFO     | dataset_tools_app | info_monitor:271 | [FONT] Applied to generation_data_box: Open Sans 14pt
2025-07-13 12:42:05 | INFO     | dataset_tools_app | info_monitor:271 | All settings applied.
2025-07-13 12:42:06 | INFO     | dataset_tools_app | info_monitor:271 | Using font: Open Sans 14pt
2025-07-13 12:42:06 | INFO     | dataset_tools_app | info_monitor:271 | [FONT] Applied to positive_prompt_box: Open Sans 14pt
2025-07-13 12:42:06 | INFO     | dataset_tools_app | info_monitor:271 | [FONT] Applied to negative_prompt_box: Open Sans 14pt
2025-07-13 12:42:06 | INFO     | dataset_tools_app | info_monitor:271 | [FONT] Applied to generation_data_box: Open Sans 14pt
2025-07-13 12:42:20 | INFO     | dataset_tools_app | info_monitor:271 | Found 5 assets for theme stupid_vomit_brown
2025-07-13 12:42:20 | INFO     | dataset_tools_app | info_monitor:271 | Processed custom QSS theme: stupid_vomit_brown, asset replacements applied
2025-07-13 12:42:20 | INFO     | dataset_tools_app | info_monitor:271 | Successfully applied custom QSS theme: stupid_vomit_brown
2025-07-13 12:42:20 | INFO     | dataset_tools_app | info_monitor:271 | Theme applied and saved: custom_qss:stupid_vomit_brown
2025-07-13 12:42:20 | INFO     | dataset_tools_app | info_monitor:271 | [UI] Window resized to: 1600x900
2025-07-13 12:42:20 | INFO     | dataset_tools_app | info_monitor:271 | Using font: Open Sans 14pt
2025-07-13 12:42:20 | INFO     | dataset_tools_app | info_monitor:271 | [FONT] Applied to positive_prompt_box: Open Sans 14pt
2025-07-13 12:42:20 | INFO     | dataset_tools_app | info_monitor:271 | [FONT] Applied to negative_prompt_box: Open Sans 14pt
2025-07-13 12:42:20 | INFO     | dataset_tools_app | info_monitor:271 | [FONT] Applied to generation_data_box: Open Sans 14pt
2025-07-13 12:42:20 | INFO     | dataset_tools_app | info_monitor:271 | Applied global font: Open Sans, 14pt
2025-07-13 12:42:20 | INFO     | dataset_tools_app | info_monitor:271 | Using font: Open Sans 14pt
2025-07-13 12:42:20 | INFO     | dataset_tools_app | info_monitor:271 | [FONT] Applied to positive_prompt_box: Open Sans 14pt
2025-07-13 12:42:20 | INFO     | dataset_tools_app | info_monitor:271 | [FONT] Applied to negative_prompt_box: Open Sans 14pt
2025-07-13 12:42:20 | INFO     | dataset_tools_app | info_monitor:271 | [FONT] Applied to generation_data_box: Open Sans 14pt
2025-07-13 12:42:20 | INFO     | dataset_tools_app | info_monitor:271 | All settings applied.
2025-07-13 12:42:20 | INFO     | dataset_tools_app | info_monitor:271 | Using font: Open Sans 14pt
2025-07-13 12:42:20 | INFO     | dataset_tools_app | info_monitor:271 | [FONT] Applied to positive_prompt_box: Open Sans 14pt
2025-07-13 12:42:20 | INFO     | dataset_tools_app | info_monitor:271 | [FONT] Applied to negative_prompt_box: Open Sans 14pt
2025-07-13 12:42:20 | INFO     | dataset_tools_app | info_monitor:271 | [FONT] Applied to generation_data_box: Open Sans 14pt
2025-07-13 12:42:48 | INFO     | dataset_tools_app | info_monitor:271 | Found 5 assets for theme stupid_vomit_brown
2025-07-13 12:42:48 | INFO     | dataset_tools_app | info_monitor:271 | Processed custom QSS theme: stupid_vomit_brown, asset replacements applied
2025-07-13 12:42:49 | INFO     | dataset_tools_app | info_monitor:271 | Successfully applied custom QSS theme: stupid_vomit_brown
2025-07-13 12:42:49 | INFO     | dataset_tools_app | info_monitor:271 | Theme applied and saved: custom_qss:stupid_vomit_brown
2025-07-13 12:42:49 | INFO     | dataset_tools_app | info_monitor:271 | [UI] Window resized to: 1600x900
2025-07-13 12:42:49 | INFO     | dataset_tools_app | info_monitor:271 | Using font: Open Sans 14pt
2025-07-13 12:42:49 | INFO     | dataset_tools_app | info_monitor:271 | [FONT] Applied to positive_prompt_box: Open Sans 14pt
2025-07-13 12:42:49 | INFO     | dataset_tools_app | info_monitor:271 | [FONT] Applied to negative_prompt_box: Open Sans 14pt
2025-07-13 12:42:49 | INFO     | dataset_tools_app | info_monitor:271 | [FONT] Applied to generation_data_box: Open Sans 14pt
2025-07-13 12:42:49 | INFO     | dataset_tools_app | info_monitor:271 | Applied global font: Open Sans, 14pt
2025-07-13 12:42:49 | INFO     | dataset_tools_app | info_monitor:271 | Using font: Open Sans 14pt
2025-07-13 12:42:49 | INFO     | dataset_tools_app | info_monitor:271 | [FONT] Applied to positive_prompt_box: Open Sans 14pt
2025-07-13 12:42:49 | INFO     | dataset_tools_app | info_monitor:271 | [FONT] Applied to negative_prompt_box: Open Sans 14pt
2025-07-13 12:42:49 | INFO     | dataset_tools_app | info_monitor:271 | [FONT] Applied to generation_data_box: Open Sans 14pt
2025-07-13 12:42:49 | INFO     | dataset_tools_app | info_monitor:271 | All settings applied.
2025-07-13 12:42:49 | INFO     | dataset_tools_app | info_monitor:271 | Using font: Open Sans 14pt
2025-07-13 12:42:49 | INFO     | dataset_tools_app | info_monitor:271 | [FONT] Applied to positive_prompt_box: Open Sans 14pt
2025-07-13 12:42:49 | INFO     | dataset_tools_app | info_monitor:271 | [FONT] Applied to negative_prompt_box: Open Sans 14pt
2025-07-13 12:42:49 | INFO     | dataset_tools_app | info_monitor:271 | [FONT] Applied to generation_data_box: Open Sans 14pt
2025-07-13 12:42:49 | INFO     | dataset_tools_app | info_monitor:271 | Using font: Open Sans 14pt
2025-07-13 12:42:49 | INFO     | dataset_tools_app | info_monitor:271 | [FONT] Applied to positive_prompt_box: Open Sans 14pt
2025-07-13 12:42:49 | INFO     | dataset_tools_app | info_monitor:271 | [FONT] Applied to negative_prompt_box: Open Sans 14pt
2025-07-13 12:42:49 | INFO     | dataset_tools_app | info_monitor:271 | [FONT] Applied to generation_data_box: Open Sans 14pt
2025-07-13 12:42:53 | INFO     | dataset_tools_app | info_monitor:271 | [UI] Status: Selected: 00003-2747468858.png
2025-07-13 12:42:53 | INFO     | dataset_tools_app | info_monitor:271 | [UI] File selected: '00003-2747468858.png'
2025-07-13 12:42:53 | INFO     | dataset_tools_app | info_monitor:271 | [UI] Processing file: '/Users/duskfall/Downloads/Metadata Samples/00003-2747468858.png'
2025-07-13 12:42:53 | INFO     | dataset_tools_app | info_monitor:271 | [UI] File matches image format: '.png'
2025-07-13 12:42:53 | INFO     | dataset_tools_app | info_monitor:271 | [UI] Requesting image load for preview: '/Users/duskfall/Downloads/Metadata Samples/00003-2747468858.png'
2025-07-13 12:42:53 | INFO     | dataset_tools_app | info_monitor:271 | [UI] Status: Loading image: 00003-2747468858.png...
2025-07-13 12:42:54 | INFO     | dataset_tools_app | info_monitor:271 | [UI] Status: Image loaded: 701x1024
2025-07-13 12:42:54 | INFO     | dataset_tools_app | info_monitor:271 | [UI] Image loaded successfully: 701x1024
2025-07-13 12:42:54 | INFO     | dataset_tools_app | info_monitor:271 | [UI] Loading metadata from: /Users/duskfall/Downloads/Metadata Samples/00003-2747468858.png
2025-07-13 12:42:54 | INFO     | dataset_tools_app | info_monitor:271 | [DT.metadata_parser]: >>> ENTERING parse_metadata for: /Users/duskfall/Downloads/Metadata Samples/00003-2747468858.png
2025-07-13 12:42:54 | INFO     | dataset_tools_app | info_monitor:271 | [DT.metadata_parser]: Creating metadata engine with path: /Users/duskfall/Downloads/Dataset-Tools-Toomany_Branches_LintingFixes/Dataset-Tools/dataset_tools/parser_definitions
2025-07-13 12:42:54 | INFO     | dataset_tools_app | info_monitor:271 | [DT.metadata_parser]: Engine created successfully, calling get_parser_for_file
2025-07-13 12:42:54 | INFO     | dataset_tools_app | info_monitor:271 | [DT.metadata_parser]: get_parser_for_file returned: <class 'dict'> - True
2025-07-13 12:42:54 | INFO     | dataset_tools_app | info_monitor:271 | [DT.metadata_parser]: Successfully parsed metadata with engine. Keys: ['tool', 'prompt', 'negative_prompt', 'parameters', '_metadata']
2025-07-13 12:42:54 | INFO     | dataset_tools_app | info_monitor:271 | [DT.metadata_parser]: <<< EXITING parse_metadata. Returning keys: ['prompt_data_section', 'generation_parameters_section', 'raw_tool_specific_data_section', 'metadata_info_section', 'unclassified']
2025-07-13 12:42:54 | INFO     | dataset_tools_app | info_monitor:271 | [UI] Close event triggered. Saving settings.
2025-07-13 12:42:54 | INFO     | dataset_tools_app | info_monitor:271 | Layout state saved successfully
2025-07-13 12:42:54 | INFO     | dataset_tools_app | info_monitor:271 | [UI] Image loading thread cleaned up successfully
2025-07-13 12:42:54 | INFO     | dataset_tools_app | log_session_end:291 | === Dataset Tools Session Ended ===
2025-07-13 12:42:54 | INFO     | dataset_tools_app | log_session_end:292 | Log file saved to: /Users/duskfall/Downloads/Dataset-Tools-Toomany_Branches_LintingFixes/Dataset-Tools/logs/dataset_tools_20250713_123712.log
