2025-07-13 21:47:11 | INFO     | dataset_tools_app | <module>:84 | === Dataset Tools Session Started ===
2025-07-13 21:47:11 | INFO     | dataset_tools_app | <module>:85 | Log file: /Users/duskfall/Downloads/Dataset-Tools-Toomany_Branches_LintingFixes/Dataset-Tools/logs/dataset_tools_20250713_214711.log
2025-07-13 21:47:11 | INFO     | dataset_tools_app | <module>:86 | Initial log level: INFO
2025-07-13 21:47:11 | INFO     | dataset_tools_app | info_monitor:271 | Dataset-Tools Logger level reconfigured to: INFO
2025-07-13 21:47:11 | INFO     | dataset_tools_app | info_monitor:271 | Configured external logger 'PyQt6' with Rich+File handlers at level INFO.
2025-07-13 21:47:11 | INFO     | dataset_tools_app | info_monitor:271 | Configured external logger 'PIL' with Rich+File handlers at level INFO.
2025-07-13 21:47:11 | INFO     | dataset_tools_app | info_monitor:271 | Dataset Tools v0.60.2.dev0 launching...
2025-07-13 21:47:11 | INFO     | dataset_tools_app | info_monitor:271 | Application log level set to: INFO
2025-07-13 21:47:11 | INFO     | dataset_tools_app | info_monitor:271 | Log file location: /Users/duskfall/Downloads/Dataset-Tools-Toomany_Branches_LintingFixes/Dataset-Tools/logs/dataset_tools_20250713_214711.log
2025-07-13 21:47:11 | INFO     | dataset_tools_app | info_monitor:271 | Successfully loaded font: 'IBM Plex Sans' from IBMPlexSans-Italic-VariableFont_wdth,wght.ttf
2025-07-13 21:47:11 | INFO     | dataset_tools_app | info_monitor:271 | Successfully loaded font: 'Pixelify Sans' from PixelifySans-Regular.ttf
2025-07-13 21:47:11 | INFO     | dataset_tools_app | info_monitor:271 | Successfully loaded font: 'VT323' from VT323-Regular.ttf
2025-07-13 21:47:11 | INFO     | dataset_tools_app | info_monitor:271 | Successfully loaded font: 'Radio Canada' from RadioCanada-Italic-VariableFont_wdth,wght.ttf
2025-07-13 21:47:11 | INFO     | dataset_tools_app | info_monitor:271 | Successfully loaded font: 'Radio Canada' from RadioCanada-VariableFont_wdth,wght.ttf
2025-07-13 21:47:11 | INFO     | dataset_tools_app | info_monitor:271 | Successfully loaded font: 'JetBrains Mono' from JetBrainsMono-Bold.ttf
2025-07-13 21:47:11 | INFO     | dataset_tools_app | info_monitor:271 | Successfully loaded font: 'Open Sans' from OpenSans-Italic-VariableFont_wdth,wght.ttf
2025-07-13 21:47:11 | INFO     | dataset_tools_app | info_monitor:271 | Successfully loaded font: 'PT Sans' from PTSans-Italic.ttf
2025-07-13 21:47:11 | INFO     | dataset_tools_app | info_monitor:271 | Successfully loaded font: 'Dongle' from Dongle-Regular.ttf
2025-07-13 21:47:11 | INFO     | dataset_tools_app | info_monitor:271 | Successfully loaded font: 'JetBrains Mono' from JetBrainsMono-Regular.ttf
2025-07-13 21:47:11 | INFO     | dataset_tools_app | info_monitor:271 | Successfully loaded font: 'Tsukimi Rounded' from TsukimiRounded-Medium.ttf
2025-07-13 21:47:11 | INFO     | dataset_tools_app | info_monitor:271 | Successfully loaded font: 'Tsukimi Rounded' from TsukimiRounded-Light.ttf
2025-07-13 21:47:11 | INFO     | dataset_tools_app | info_monitor:271 | Successfully loaded font: 'IBM Plex Sans' from IBMPlexSans-VariableFont_wdth,wght.ttf
2025-07-13 21:47:11 | INFO     | dataset_tools_app | info_monitor:271 | Successfully loaded font: 'Inter' from Inter-VariableFont_opsz,wght.ttf
2025-07-13 21:47:11 | INFO     | dataset_tools_app | info_monitor:271 | Successfully loaded font: 'PT Sans' from PTSans-BoldItalic.ttf
2025-07-13 21:47:11 | INFO     | dataset_tools_app | info_monitor:271 | Successfully loaded font: 'Syne Mono' from SyneMono-Regular.ttf
2025-07-13 21:47:11 | INFO     | dataset_tools_app | info_monitor:271 | Successfully loaded font: 'Tsukimi Rounded' from TsukimiRounded-Bold.ttf
2025-07-13 21:47:11 | INFO     | dataset_tools_app | info_monitor:271 | Successfully loaded font: 'Silkscreen' from Silkscreen-Regular.ttf
2025-07-13 21:47:11 | INFO     | dataset_tools_app | info_monitor:271 | Successfully loaded font: 'Silkscreen' from Silkscreen-Bold.ttf
2025-07-13 21:47:11 | INFO     | dataset_tools_app | info_monitor:271 | Successfully loaded font: 'Pixelify Sans' from PixelifySans-Medium.ttf
2025-07-13 21:47:11 | INFO     | dataset_tools_app | info_monitor:271 | Successfully loaded font: 'DM Sans' from DMSans-Italic-VariableFont_opsz,wght.ttf
2025-07-13 21:47:11 | INFO     | dataset_tools_app | info_monitor:271 | Successfully loaded font: 'Work Sans' from WorkSans-VariableFont_wght.ttf
2025-07-13 21:47:11 | INFO     | dataset_tools_app | info_monitor:271 | Successfully loaded font: 'Nunito' from Nunito-VariableFont_wght.ttf
2025-07-13 21:47:11 | INFO     | dataset_tools_app | info_monitor:271 | Successfully loaded font: 'Tsukimi Rounded' from TsukimiRounded-Regular.ttf
2025-07-13 21:47:11 | INFO     | dataset_tools_app | info_monitor:271 | Successfully loaded font: 'Inter' from Inter-Italic-VariableFont_opsz,wght.ttf
2025-07-13 21:47:11 | INFO     | dataset_tools_app | info_monitor:271 | Successfully loaded font: 'Pixelify Sans' from PixelifySans-VariableFont_wght.ttf
2025-07-13 21:47:11 | INFO     | dataset_tools_app | info_monitor:271 | Successfully loaded font: 'Turret Road' from TurretRoad-Light.ttf
2025-07-13 21:47:11 | INFO     | dataset_tools_app | info_monitor:271 | Successfully loaded font: 'Turret Road' from TurretRoad-Medium.ttf
2025-07-13 21:47:11 | INFO     | dataset_tools_app | info_monitor:271 | Successfully loaded font: 'Tsukimi Rounded' from TsukimiRounded-SemiBold.ttf
2025-07-13 21:47:11 | INFO     | dataset_tools_app | info_monitor:271 | Successfully loaded font: 'Jura' from Jura-VariableFont_wght.ttf
2025-07-13 21:47:11 | INFO     | dataset_tools_app | info_monitor:271 | Successfully loaded font: 'Roboto' from Roboto-Italic-VariableFont_wdth,wght.ttf
2025-07-13 21:47:11 | INFO     | dataset_tools_app | info_monitor:271 | Successfully loaded font: 'Turret Road' from TurretRoad-Bold.ttf
2025-07-13 21:47:11 | INFO     | dataset_tools_app | info_monitor:271 | Successfully loaded font: 'Work Sans' from WorkSans-Italic-VariableFont_wght.ttf
2025-07-13 21:47:11 | INFO     | dataset_tools_app | info_monitor:271 | Successfully loaded font: 'PT Sans' from PTSans-Regular.ttf
2025-07-13 21:47:11 | INFO     | dataset_tools_app | info_monitor:271 | Successfully loaded font: 'Kosugi Maru' from KosugiMaru-Regular.ttf
2025-07-13 21:47:11 | INFO     | dataset_tools_app | info_monitor:271 | Successfully loaded font: 'Turret Road' from TurretRoad-ExtraBold.ttf
2025-07-13 21:47:11 | INFO     | dataset_tools_app | info_monitor:271 | Successfully loaded font: 'Mandali' from Mandali-Regular.ttf
2025-07-13 21:47:11 | INFO     | dataset_tools_app | info_monitor:271 | Successfully loaded font: 'Nunito' from Nunito-Italic-VariableFont_wght.ttf
2025-07-13 21:47:11 | INFO     | dataset_tools_app | info_monitor:271 | Successfully loaded font: 'Turret Road' from TurretRoad-ExtraLight.ttf
2025-07-13 21:47:11 | INFO     | dataset_tools_app | info_monitor:271 | Successfully loaded font: 'Pixelify Sans' from PixelifySans-Bold.ttf
2025-07-13 21:47:11 | INFO     | dataset_tools_app | info_monitor:271 | Successfully loaded font: 'PT Sans' from PTSans-Bold.ttf
2025-07-13 21:47:11 | INFO     | dataset_tools_app | info_monitor:271 | Successfully loaded font: 'Orbitron' from Orbitron-VariableFont_wght.ttf
2025-07-13 21:47:11 | INFO     | dataset_tools_app | info_monitor:271 | Successfully loaded font: 'Roboto' from Roboto-VariableFont_wdth,wght.ttf
2025-07-13 21:47:11 | INFO     | dataset_tools_app | info_monitor:271 | Successfully loaded font: 'Open Sans' from OpenSans-VariableFont_wdth,wght.ttf
2025-07-13 21:47:11 | INFO     | dataset_tools_app | info_monitor:271 | Successfully loaded font: 'Dongle' from Dongle-Light.ttf
2025-07-13 21:47:11 | INFO     | dataset_tools_app | info_monitor:271 | Successfully loaded font: 'Pixelify Sans' from PixelifySans-SemiBold.ttf
2025-07-13 21:47:11 | INFO     | dataset_tools_app | info_monitor:271 | Successfully loaded font: 'DM Sans' from DMSans-VariableFont_opsz,wght.ttf
2025-07-13 21:47:11 | INFO     | dataset_tools_app | info_monitor:271 | Successfully loaded font: 'Doppio One' from DoppioOne-Regular.ttf
2025-07-13 21:47:11 | INFO     | dataset_tools_app | info_monitor:271 | Successfully loaded font: 'Turret Road' from TurretRoad-Regular.ttf
2025-07-13 21:47:11 | INFO     | dataset_tools_app | info_monitor:271 | Successfully loaded font: 'Dongle' from Dongle-Bold.ttf
2025-07-13 21:47:12 | INFO     | dataset_tools_app | info_monitor:271 | [UI] Image loading thread initialized successfully
2025-07-13 21:47:12 | INFO     | dataset_tools_app | info_monitor:271 | Enhanced ThemeManager initialized
2025-07-13 21:47:12 | INFO     | dataset_tools_app | info_monitor:271 | Available systems: qt-material=True, qt-themes=False, unreal=True
2025-07-13 21:47:12 | INFO     | dataset_tools_app | info_monitor:271 | Successfully applied qt-material theme: dark_blue.xml
2025-07-13 21:47:12 | INFO     | dataset_tools_app | info_monitor:271 | Initial theme loaded: qt_material:dark_blue.xml
2025-07-13 21:47:12 | INFO     | dataset_tools_app | info_monitor:271 | Detected dark theme, adjusting icon colors accordingly
2025-07-13 21:47:12 | INFO     | dataset_tools_app | info_monitor:271 | Loaded bundled font: Open Sans from OpenSans-VariableFont_wdth,wght.ttf
2025-07-13 21:47:12 | INFO     | dataset_tools_app | info_monitor:271 | Loaded bundled font: Open Sans from OpenSans-Italic-VariableFont_wdth,wght.ttf
2025-07-13 21:47:12 | INFO     | dataset_tools_app | info_monitor:271 | Loaded bundled font: Inter from Inter-VariableFont_opsz,wght.ttf
2025-07-13 21:47:12 | INFO     | dataset_tools_app | info_monitor:271 | Loaded bundled font: Inter from Inter-Italic-VariableFont_opsz,wght.ttf
2025-07-13 21:47:12 | INFO     | dataset_tools_app | info_monitor:271 | Loaded bundled font: DM Sans from DMSans-VariableFont_opsz,wght.ttf
2025-07-13 21:47:12 | INFO     | dataset_tools_app | info_monitor:271 | Loaded bundled font: DM Sans from DMSans-Italic-VariableFont_opsz,wght.ttf
2025-07-13 21:47:12 | INFO     | dataset_tools_app | info_monitor:271 | Loaded bundled font: Work Sans from WorkSans-VariableFont_wght.ttf
2025-07-13 21:47:12 | INFO     | dataset_tools_app | info_monitor:271 | Loaded bundled font: Work Sans from WorkSans-Italic-VariableFont_wght.ttf
2025-07-13 21:47:12 | INFO     | dataset_tools_app | info_monitor:271 | Loaded bundled font: Roboto from Roboto-VariableFont_wdth,wght.ttf
2025-07-13 21:47:12 | INFO     | dataset_tools_app | info_monitor:271 | Loaded bundled font: Roboto from Roboto-Italic-VariableFont_wdth,wght.ttf
2025-07-13 21:47:12 | INFO     | dataset_tools_app | info_monitor:271 | Loaded bundled font: IBM Plex Sans from IBMPlexSans-VariableFont_wdth,wght.ttf
2025-07-13 21:47:12 | INFO     | dataset_tools_app | info_monitor:271 | Loaded bundled font: IBM Plex Sans from IBMPlexSans-Italic-VariableFont_wdth,wght.ttf
2025-07-13 21:47:12 | INFO     | dataset_tools_app | info_monitor:271 | Loaded bundled font: Nunito from Nunito-VariableFont_wght.ttf
2025-07-13 21:47:12 | INFO     | dataset_tools_app | info_monitor:271 | Loaded bundled font: Nunito from Nunito-Italic-VariableFont_wght.ttf
2025-07-13 21:47:12 | INFO     | dataset_tools_app | info_monitor:271 | Loaded bundled font: PT Sans from PTSans-Regular.ttf
2025-07-13 21:47:12 | INFO     | dataset_tools_app | info_monitor:271 | Loaded bundled font: PT Sans from PTSans-Bold.ttf
2025-07-13 21:47:12 | INFO     | dataset_tools_app | info_monitor:271 | Loaded bundled font: PT Sans from PTSans-Italic.ttf
2025-07-13 21:47:12 | INFO     | dataset_tools_app | info_monitor:271 | Loaded bundled font: PT Sans from PTSans-BoldItalic.ttf
2025-07-13 21:47:12 | INFO     | dataset_tools_app | info_monitor:271 | Loaded bundled font: Radio Canada from RadioCanada-VariableFont_wdth,wght.ttf
2025-07-13 21:47:12 | INFO     | dataset_tools_app | info_monitor:271 | Loaded bundled font: Radio Canada from RadioCanada-Italic-VariableFont_wdth,wght.ttf
2025-07-13 21:47:12 | INFO     | dataset_tools_app | info_monitor:271 | Loaded bundled font: JetBrains Mono from JetBrainsMono-Regular.ttf
2025-07-13 21:47:12 | INFO     | dataset_tools_app | info_monitor:271 | Loaded bundled font: JetBrains Mono from JetBrainsMono-Bold.ttf
2025-07-13 21:47:12 | INFO     | dataset_tools_app | info_monitor:271 | Loaded bundled font: Syne Mono from SyneMono-Regular.ttf
2025-07-13 21:47:12 | INFO     | dataset_tools_app | info_monitor:271 | Loaded bundled font: VT323 from VT323-Regular.ttf
2025-07-13 21:47:12 | INFO     | dataset_tools_app | info_monitor:271 | Loaded bundled font: Orbitron from Orbitron-VariableFont_wght.ttf
2025-07-13 21:47:12 | INFO     | dataset_tools_app | info_monitor:271 | Loaded bundled font: Jura from Jura-VariableFont_wght.ttf
2025-07-13 21:47:12 | INFO     | dataset_tools_app | info_monitor:271 | Loaded bundled font: Turret Road from TurretRoad-Regular.ttf
2025-07-13 21:47:12 | INFO     | dataset_tools_app | info_monitor:271 | Loaded bundled font: Turret Road from TurretRoad-Light.ttf
2025-07-13 21:47:12 | INFO     | dataset_tools_app | info_monitor:271 | Loaded bundled font: Turret Road from TurretRoad-Medium.ttf
2025-07-13 21:47:12 | INFO     | dataset_tools_app | info_monitor:271 | Loaded bundled font: Turret Road from TurretRoad-Bold.ttf
2025-07-13 21:47:12 | INFO     | dataset_tools_app | info_monitor:271 | Loaded bundled font: Turret Road from TurretRoad-ExtraLight.ttf
2025-07-13 21:47:12 | INFO     | dataset_tools_app | info_monitor:271 | Loaded bundled font: Turret Road from TurretRoad-ExtraBold.ttf
2025-07-13 21:47:12 | INFO     | dataset_tools_app | info_monitor:271 | Loaded bundled font: Pixelify Sans from PixelifySans-Regular.ttf
2025-07-13 21:47:12 | INFO     | dataset_tools_app | info_monitor:271 | Loaded bundled font: Pixelify Sans from PixelifySans-Medium.ttf
2025-07-13 21:47:12 | INFO     | dataset_tools_app | info_monitor:271 | Loaded bundled font: Pixelify Sans from PixelifySans-SemiBold.ttf
2025-07-13 21:47:12 | INFO     | dataset_tools_app | info_monitor:271 | Loaded bundled font: Pixelify Sans from PixelifySans-Bold.ttf
2025-07-13 21:47:12 | INFO     | dataset_tools_app | info_monitor:271 | Loaded bundled font: Pixelify Sans from PixelifySans-VariableFont_wght.ttf
2025-07-13 21:47:12 | INFO     | dataset_tools_app | info_monitor:271 | Loaded bundled font: Silkscreen from Silkscreen-Regular.ttf
2025-07-13 21:47:12 | INFO     | dataset_tools_app | info_monitor:271 | Loaded bundled font: Silkscreen from Silkscreen-Bold.ttf
2025-07-13 21:47:12 | INFO     | dataset_tools_app | info_monitor:271 | Loaded bundled font: Dongle from Dongle-Regular.ttf
2025-07-13 21:47:12 | INFO     | dataset_tools_app | info_monitor:271 | Loaded bundled font: Dongle from Dongle-Light.ttf
2025-07-13 21:47:12 | INFO     | dataset_tools_app | info_monitor:271 | Loaded bundled font: Dongle from Dongle-Bold.ttf
2025-07-13 21:47:12 | INFO     | dataset_tools_app | info_monitor:271 | Loaded bundled font: Doppio One from DoppioOne-Regular.ttf
2025-07-13 21:47:12 | INFO     | dataset_tools_app | info_monitor:271 | Loaded bundled font: Kosugi Maru from KosugiMaru-Regular.ttf
2025-07-13 21:47:12 | INFO     | dataset_tools_app | info_monitor:271 | Loaded bundled font: Mandali from Mandali-Regular.ttf
2025-07-13 21:47:12 | INFO     | dataset_tools_app | info_monitor:271 | Loaded bundled font: Tsukimi Rounded from TsukimiRounded-Regular.ttf
2025-07-13 21:47:12 | INFO     | dataset_tools_app | info_monitor:271 | Loaded bundled font: Tsukimi Rounded from TsukimiRounded-Light.ttf
2025-07-13 21:47:12 | INFO     | dataset_tools_app | info_monitor:271 | Loaded bundled font: Tsukimi Rounded from TsukimiRounded-Medium.ttf
2025-07-13 21:47:12 | INFO     | dataset_tools_app | info_monitor:271 | Loaded bundled font: Tsukimi Rounded from TsukimiRounded-SemiBold.ttf
2025-07-13 21:47:12 | INFO     | dataset_tools_app | info_monitor:271 | Loaded bundled font: Tsukimi Rounded from TsukimiRounded-Bold.ttf
2025-07-13 21:47:12 | INFO     | dataset_tools_app | info_monitor:271 | Loaded 50 bundled font files
2025-07-13 21:47:12 | INFO     | dataset_tools_app | info_monitor:271 | FontManager initialized with 594 available fonts
2025-07-13 21:47:12 | INFO     | dataset_tools_app | info_monitor:271 | Using font for ui: Open Sans
2025-07-13 21:47:12 | INFO     | dataset_tools_app | info_monitor:271 | Applied default font to application: Open Sans
2025-07-13 21:47:12 | INFO     | dataset_tools_app | info_monitor:271 | Applied optimal fonts to application
2025-07-13 21:47:12 | INFO     | dataset_tools_app | info_monitor:271 | [UI] Window resized to: 1600x900
2025-07-13 21:47:12 | INFO     | dataset_tools_app | info_monitor:271 | [UI] Clearing file list and selections.
2025-07-13 21:47:12 | INFO     | dataset_tools_app | info_monitor:271 | [UI] Attempting to load files from: /Users/duskfall/Downloads/Metadata Samples
2025-07-13 21:47:12 | INFO     | dataset_tools_app | info_monitor:271 | [UI] FileLoader thread started for: /Users/duskfall/Downloads/Metadata Samples
2025-07-13 21:47:12 | INFO     | dataset_tools_app | info_monitor:271 | [FileLoader] Starting to scan directory: /Users/duskfall/Downloads/Metadata Samples
2025-07-13 21:47:12 | INFO     | dataset_tools_app | info_monitor:271 | Using font: Open Sans 14pt
2025-07-13 21:47:12 | INFO     | dataset_tools_app | info_monitor:271 | [FONT] Applied to positive_prompt_box: Open Sans 14pt
2025-07-13 21:47:12 | INFO     | dataset_tools_app | info_monitor:271 | [FONT] Applied to negative_prompt_box: Open Sans 14pt
2025-07-13 21:47:12 | INFO     | dataset_tools_app | info_monitor:271 | [FONT] Applied to generation_data_box: Open Sans 14pt
2025-07-13 21:47:12 | INFO     | dataset_tools_app | info_monitor:271 | [FileLoader] Scanned 1374 items (files/dirs) in directory: /Users/duskfall/Downloads/Metadata Samples
2025-07-13 21:47:12 | INFO     | dataset_tools_app | info_monitor:271 | [FileLoader] Categorized files: 1372 images, 0 text/schema, 0 models.
2025-07-13 21:47:12 | INFO     | dataset_tools_app | info_monitor:271 | [FileLoader] Scan finished. Emitting result for folder: /Users/duskfall/Downloads/Metadata Samples. File to select: None. Counts: Img=1372, Txt=0, Mdl=0
2025-07-13 21:47:12 | INFO     | dataset_tools_app | info_monitor:271 | [UI] FileLoader finished. Received result for folder: /Users/duskfall/Downloads/Metadata Samples
2025-07-13 21:47:12 | INFO     | dataset_tools_app | info_monitor:271 | [LeftPanel] Added 1372 items to file list
2025-07-13 21:47:12 | INFO     | dataset_tools_app | info_monitor:271 | [UI] Status: Selected: 00000-1626107238.jpeg
2025-07-13 21:47:12 | INFO     | dataset_tools_app | info_monitor:271 | [UI] File selected: '00000-1626107238.jpeg'
2025-07-13 21:47:12 | INFO     | dataset_tools_app | info_monitor:271 | [UI] Processing file: '/Users/duskfall/Downloads/Metadata Samples/00000-1626107238.jpeg'
2025-07-13 21:47:12 | INFO     | dataset_tools_app | info_monitor:271 | [UI] File matches image format: '.jpeg'
2025-07-13 21:47:12 | INFO     | dataset_tools_app | info_monitor:271 | [UI] Requesting image load for preview: '/Users/duskfall/Downloads/Metadata Samples/00000-1626107238.jpeg'
2025-07-13 21:47:12 | INFO     | dataset_tools_app | info_monitor:271 | [UI] Status: Loading image: 00000-1626107238.jpeg...
2025-07-13 21:47:12 | INFO     | dataset_tools_app | info_monitor:271 | [UI] Status: Image loaded: 450x658
2025-07-13 21:47:12 | INFO     | dataset_tools_app | info_monitor:271 | [UI] Image loaded successfully: 450x658
2025-07-13 21:47:12 | INFO     | dataset_tools_app | info_monitor:271 | [UI] Loading metadata from: /Users/duskfall/Downloads/Metadata Samples/00000-1626107238.jpeg
2025-07-13 21:47:12 | INFO     | dataset_tools_app | info_monitor:271 | [DT.metadata_parser]: >>> ENTERING parse_metadata for: /Users/duskfall/Downloads/Metadata Samples/00000-1626107238.jpeg
2025-07-13 21:47:12 | INFO     | dataset_tools_app | info_monitor:271 | [DT.metadata_parser]: Creating metadata engine with path: /Users/duskfall/Downloads/Dataset-Tools-Toomany_Branches_LintingFixes/Dataset-Tools/dataset_tools/parser_definitions
2025-07-13 21:47:12 | INFO     | dataset_tools_app | info_monitor:271 | [DT.metadata_parser]: Engine created successfully, calling get_parser_for_file
2025-07-13 21:47:12 | INFO     | dataset_tools_app | info_monitor:271 | [DT.metadata_parser]: get_parser_for_file returned: <class 'dict'> - True
2025-07-13 21:47:12 | INFO     | dataset_tools_app | info_monitor:271 | [DT.metadata_parser]: Successfully parsed metadata with engine. Keys: ['tool', 'parser_version', 'prompt', 'parameters', 'raw_metadata', '_metadata']
2025-07-13 21:47:12 | INFO     | dataset_tools_app | info_monitor:271 | [DT.metadata_parser]: <<< EXITING parse_metadata. Returning keys: ['prompt_data_section', 'generation_parameters_section', 'raw_tool_specific_data_section', 'metadata_info_section', 'unclassified']
2025-07-13 21:47:12 | INFO     | dataset_tools_app | info_monitor:271 | [UI] Auto-selected first file in the list.
2025-07-13 21:47:14 | INFO     | dataset_tools_app | info_monitor:271 | [UI] Status: Selected: 00001-4144862781.png
2025-07-13 21:47:14 | INFO     | dataset_tools_app | info_monitor:271 | [UI] File selected: '00001-4144862781.png'
2025-07-13 21:47:14 | INFO     | dataset_tools_app | info_monitor:271 | [UI] Processing file: '/Users/duskfall/Downloads/Metadata Samples/00001-4144862781.png'
2025-07-13 21:47:14 | INFO     | dataset_tools_app | info_monitor:271 | [UI] File matches image format: '.png'
2025-07-13 21:47:14 | INFO     | dataset_tools_app | info_monitor:271 | [UI] Requesting image load for preview: '/Users/duskfall/Downloads/Metadata Samples/00001-4144862781.png'
2025-07-13 21:47:14 | INFO     | dataset_tools_app | info_monitor:271 | [UI] Status: Loading image: 00001-4144862781.png...
2025-07-13 21:47:14 | INFO     | dataset_tools_app | info_monitor:271 | [UI] Status: Image loaded: 683x1024
2025-07-13 21:47:14 | INFO     | dataset_tools_app | info_monitor:271 | [UI] Image loaded successfully: 683x1024
2025-07-13 21:47:14 | INFO     | dataset_tools_app | info_monitor:271 | [UI] Loading metadata from: /Users/duskfall/Downloads/Metadata Samples/00001-4144862781.png
2025-07-13 21:47:14 | INFO     | dataset_tools_app | info_monitor:271 | [DT.metadata_parser]: >>> ENTERING parse_metadata for: /Users/duskfall/Downloads/Metadata Samples/00001-4144862781.png
2025-07-13 21:47:14 | INFO     | dataset_tools_app | info_monitor:271 | [DT.metadata_parser]: Creating metadata engine with path: /Users/duskfall/Downloads/Dataset-Tools-Toomany_Branches_LintingFixes/Dataset-Tools/dataset_tools/parser_definitions
2025-07-13 21:47:14 | INFO     | dataset_tools_app | info_monitor:271 | [DT.metadata_parser]: Engine created successfully, calling get_parser_for_file
2025-07-13 21:47:14 | INFO     | dataset_tools_app | info_monitor:271 | [DT.metadata_parser]: get_parser_for_file returned: <class 'dict'> - True
2025-07-13 21:47:14 | INFO     | dataset_tools_app | info_monitor:271 | [DT.metadata_parser]: Successfully parsed metadata with engine. Keys: ['tool', 'prompt', 'negative_prompt', 'parameters', '_metadata']
2025-07-13 21:47:14 | INFO     | dataset_tools_app | info_monitor:271 | [DT.metadata_parser]: <<< EXITING parse_metadata. Returning keys: ['prompt_data_section', 'generation_parameters_section', 'raw_tool_specific_data_section', 'metadata_info_section', 'unclassified']
2025-07-13 21:47:14 | INFO     | dataset_tools_app | info_monitor:271 | [UI] Status: Selected: D139B88EF91FCF4E1692F161A05B2ED31AD6618B22D23021075621E4FB88776E.jpeg
2025-07-13 21:47:14 | INFO     | dataset_tools_app | info_monitor:271 | [UI] File selected: 'D139B88EF91FCF4E1692F161A05B2ED31AD6618B22D23021075621E4FB88776E.jpeg'
2025-07-13 21:47:14 | INFO     | dataset_tools_app | info_monitor:271 | [UI] Processing file: '/Users/duskfall/Downloads/Metadata Samples/D139B88EF91FCF4E1692F161A05B2ED31AD6618B22D23021075621E4FB88776E.jpeg'
2025-07-13 21:47:14 | INFO     | dataset_tools_app | info_monitor:271 | [UI] File matches image format: '.jpeg'
2025-07-13 21:47:14 | INFO     | dataset_tools_app | info_monitor:271 | [UI] Requesting image load for preview: '/Users/duskfall/Downloads/Metadata Samples/D139B88EF91FCF4E1692F161A05B2ED31AD6618B22D23021075621E4FB88776E.jpeg'
2025-07-13 21:47:14 | INFO     | dataset_tools_app | info_monitor:271 | [UI] Status: Loading image: D139B88EF91FCF4E1692F161A05B2ED31AD6618B22D23021075621E4FB88776E.jpeg...
2025-07-13 21:47:14 | INFO     | dataset_tools_app | info_monitor:271 | [UI] Status: Image loaded: 701x1024
2025-07-13 21:47:14 | INFO     | dataset_tools_app | info_monitor:271 | [UI] Image loaded successfully: 701x1024
2025-07-13 21:47:14 | INFO     | dataset_tools_app | info_monitor:271 | [UI] Loading metadata from: /Users/duskfall/Downloads/Metadata Samples/D139B88EF91FCF4E1692F161A05B2ED31AD6618B22D23021075621E4FB88776E.jpeg
2025-07-13 21:47:14 | INFO     | dataset_tools_app | info_monitor:271 | [DT.metadata_parser]: >>> ENTERING parse_metadata for: /Users/duskfall/Downloads/Metadata Samples/D139B88EF91FCF4E1692F161A05B2ED31AD6618B22D23021075621E4FB88776E.jpeg
2025-07-13 21:47:14 | INFO     | dataset_tools_app | info_monitor:271 | [DT.metadata_parser]: Creating metadata engine with path: /Users/duskfall/Downloads/Dataset-Tools-Toomany_Branches_LintingFixes/Dataset-Tools/dataset_tools/parser_definitions
2025-07-13 21:47:14 | INFO     | dataset_tools_app | info_monitor:271 | [DT.metadata_parser]: Engine created successfully, calling get_parser_for_file
2025-07-13 21:47:14 | INFO     | dataset_tools_app | info_monitor:271 | [DT.metadata_parser]: get_parser_for_file returned: <class 'dict'> - True
2025-07-13 21:47:14 | INFO     | dataset_tools_app | info_monitor:271 | [DT.metadata_parser]: Successfully parsed metadata with engine. Keys: ['tool', 'prompt', 'negative_prompt', 'parameters', 'workflow', '_metadata']
2025-07-13 21:47:14 | INFO     | dataset_tools_app | info_monitor:271 | [DT.metadata_parser]: <<< EXITING parse_metadata. Returning keys: ['prompt_data_section', 'generation_parameters_section', 'raw_tool_specific_data_section', 'metadata_info_section', 'unclassified']
2025-07-13 21:47:16 | INFO     | dataset_tools_app | info_monitor:271 | [UI] Status: Selected: d269aca1-b1e2-4690-8c7a-a218d7507219.jpg
2025-07-13 21:47:16 | INFO     | dataset_tools_app | info_monitor:271 | [UI] File selected: 'd269aca1-b1e2-4690-8c7a-a218d7507219.jpg'
2025-07-13 21:47:16 | INFO     | dataset_tools_app | info_monitor:271 | [UI] Processing file: '/Users/duskfall/Downloads/Metadata Samples/d269aca1-b1e2-4690-8c7a-a218d7507219.jpg'
2025-07-13 21:47:16 | INFO     | dataset_tools_app | info_monitor:271 | [UI] File matches image format: '.jpg'
2025-07-13 21:47:16 | INFO     | dataset_tools_app | info_monitor:271 | [UI] Requesting image load for preview: '/Users/duskfall/Downloads/Metadata Samples/d269aca1-b1e2-4690-8c7a-a218d7507219.jpg'
2025-07-13 21:47:16 | INFO     | dataset_tools_app | info_monitor:271 | [UI] Status: Loading image: d269aca1-b1e2-4690-8c7a-a218d7507219.jpg...
2025-07-13 21:47:16 | INFO     | dataset_tools_app | info_monitor:271 | [UI] Status: Image loaded: 1024x796
2025-07-13 21:47:16 | INFO     | dataset_tools_app | info_monitor:271 | [UI] Image loaded successfully: 1024x796
2025-07-13 21:47:16 | INFO     | dataset_tools_app | info_monitor:271 | [UI] Loading metadata from: /Users/duskfall/Downloads/Metadata Samples/d269aca1-b1e2-4690-8c7a-a218d7507219.jpg
2025-07-13 21:47:16 | INFO     | dataset_tools_app | info_monitor:271 | [DT.metadata_parser]: >>> ENTERING parse_metadata for: /Users/duskfall/Downloads/Metadata Samples/d269aca1-b1e2-4690-8c7a-a218d7507219.jpg
2025-07-13 21:47:16 | INFO     | dataset_tools_app | info_monitor:271 | [DT.metadata_parser]: Creating metadata engine with path: /Users/duskfall/Downloads/Dataset-Tools-Toomany_Branches_LintingFixes/Dataset-Tools/dataset_tools/parser_definitions
2025-07-13 21:47:16 | INFO     | dataset_tools_app | info_monitor:271 | [DT.metadata_parser]: Engine created successfully, calling get_parser_for_file
2025-07-13 21:47:16 | INFO     | dataset_tools_app | info_monitor:271 | [DT.metadata_parser]: get_parser_for_file returned: <class 'NoneType'> - False
2025-07-13 21:47:16 | INFO     | dataset_tools_app | info_monitor:271 | [DT.metadata_parser]: Engine found no matching parser or returned invalid data.
2025-07-13 21:47:16 | INFO     | dataset_tools_app | info_monitor:271 | Failed to find/load any metadata for file: /Users/duskfall/Downloads/Metadata Samples/d269aca1-b1e2-4690-8c7a-a218d7507219.jpg
2025-07-13 21:47:16 | INFO     | dataset_tools_app | info_monitor:271 | [DT.metadata_parser]: <<< EXITING parse_metadata. Returning keys: ['info']
2025-07-13 21:47:18 | INFO     | dataset_tools_app | info_monitor:271 | [UI] Status: Selected: DailyWorldMorphChallenge_Base_0026.png
2025-07-13 21:47:18 | INFO     | dataset_tools_app | info_monitor:271 | [UI] File selected: 'DailyWorldMorphChallenge_Base_0026.png'
2025-07-13 21:47:18 | INFO     | dataset_tools_app | info_monitor:271 | [UI] Processing file: '/Users/duskfall/Downloads/Metadata Samples/DailyWorldMorphChallenge_Base_0026.png'
2025-07-13 21:47:18 | INFO     | dataset_tools_app | info_monitor:271 | [UI] File matches image format: '.png'
2025-07-13 21:47:18 | INFO     | dataset_tools_app | info_monitor:271 | [UI] Requesting image load for preview: '/Users/duskfall/Downloads/Metadata Samples/DailyWorldMorphChallenge_Base_0026.png'
2025-07-13 21:47:18 | INFO     | dataset_tools_app | info_monitor:271 | [UI] Status: Loading image: DailyWorldMorphChallenge_Base_0026.png...
2025-07-13 21:47:18 | INFO     | dataset_tools_app | info_monitor:271 | [UI] Status: Image loaded: 796x1024
2025-07-13 21:47:18 | INFO     | dataset_tools_app | info_monitor:271 | [UI] Image loaded successfully: 796x1024
2025-07-13 21:47:18 | INFO     | dataset_tools_app | info_monitor:271 | [UI] Loading metadata from: /Users/duskfall/Downloads/Metadata Samples/DailyWorldMorphChallenge_Base_0026.png
2025-07-13 21:47:18 | INFO     | dataset_tools_app | info_monitor:271 | [DT.metadata_parser]: >>> ENTERING parse_metadata for: /Users/duskfall/Downloads/Metadata Samples/DailyWorldMorphChallenge_Base_0026.png
2025-07-13 21:47:18 | INFO     | dataset_tools_app | info_monitor:271 | [DT.metadata_parser]: Creating metadata engine with path: /Users/duskfall/Downloads/Dataset-Tools-Toomany_Branches_LintingFixes/Dataset-Tools/dataset_tools/parser_definitions
2025-07-13 21:47:18 | INFO     | dataset_tools_app | info_monitor:271 | [DT.metadata_parser]: Engine created successfully, calling get_parser_for_file
2025-07-13 21:47:18 | INFO     | dataset_tools_app | info_monitor:271 | [DT.metadata_parser]: get_parser_for_file returned: <class 'dict'> - True
2025-07-13 21:47:18 | INFO     | dataset_tools_app | info_monitor:271 | [DT.metadata_parser]: Successfully parsed metadata with engine. Keys: ['tool', 'parameters', 'raw_metadata', '_metadata']
2025-07-13 21:47:18 | INFO     | dataset_tools_app | info_monitor:271 | [DT.metadata_parser]: <<< EXITING parse_metadata. Returning keys: ['prompt_data_section', 'raw_tool_specific_data_section', 'metadata_info_section', 'unclassified']
2025-07-13 21:47:22 | INFO     | dataset_tools_app | info_monitor:271 | [UI] Status: Selected: Ds3_4.png
2025-07-13 21:47:22 | INFO     | dataset_tools_app | info_monitor:271 | [UI] File selected: 'Ds3_4.png'
2025-07-13 21:47:22 | INFO     | dataset_tools_app | info_monitor:271 | [UI] Processing file: '/Users/duskfall/Downloads/Metadata Samples/Ds3_4.png'
2025-07-13 21:47:22 | INFO     | dataset_tools_app | info_monitor:271 | [UI] File matches image format: '.png'
2025-07-13 21:47:22 | INFO     | dataset_tools_app | info_monitor:271 | [UI] Requesting image load for preview: '/Users/duskfall/Downloads/Metadata Samples/Ds3_4.png'
2025-07-13 21:47:22 | INFO     | dataset_tools_app | info_monitor:271 | [UI] Status: Loading image: Ds3_4.png...
2025-07-13 21:47:22 | INFO     | dataset_tools_app | info_monitor:271 | [UI] Status: Image loaded: 1024x683
2025-07-13 21:47:22 | INFO     | dataset_tools_app | info_monitor:271 | [UI] Image loaded successfully: 1024x683
2025-07-13 21:47:22 | INFO     | dataset_tools_app | info_monitor:271 | [UI] Loading metadata from: /Users/duskfall/Downloads/Metadata Samples/Ds3_4.png
2025-07-13 21:47:22 | INFO     | dataset_tools_app | info_monitor:271 | [DT.metadata_parser]: >>> ENTERING parse_metadata for: /Users/duskfall/Downloads/Metadata Samples/Ds3_4.png
2025-07-13 21:47:22 | INFO     | dataset_tools_app | info_monitor:271 | [DT.metadata_parser]: Creating metadata engine with path: /Users/duskfall/Downloads/Dataset-Tools-Toomany_Branches_LintingFixes/Dataset-Tools/dataset_tools/parser_definitions
2025-07-13 21:47:22 | INFO     | dataset_tools_app | info_monitor:271 | [DT.metadata_parser]: Engine created successfully, calling get_parser_for_file
2025-07-13 21:47:22 | INFO     | dataset_tools_app | info_monitor:271 | [DT.metadata_parser]: get_parser_for_file returned: <class 'NoneType'> - False
2025-07-13 21:47:22 | INFO     | dataset_tools_app | info_monitor:271 | [DT.metadata_parser]: Engine found no matching parser or returned invalid data.
2025-07-13 21:47:22 | INFO     | dataset_tools_app | info_monitor:271 | Failed to find/load any metadata for file: /Users/duskfall/Downloads/Metadata Samples/Ds3_4.png
2025-07-13 21:47:22 | INFO     | dataset_tools_app | info_monitor:271 | [DT.metadata_parser]: <<< EXITING parse_metadata. Returning keys: ['info']
2025-07-13 21:47:26 | INFO     | dataset_tools_app | info_monitor:271 | [UI] Status: Selected: Excitement of Colors.png
2025-07-13 21:47:26 | INFO     | dataset_tools_app | info_monitor:271 | [UI] File selected: 'Excitement of Colors.png'
2025-07-13 21:47:26 | INFO     | dataset_tools_app | info_monitor:271 | [UI] Processing file: '/Users/duskfall/Downloads/Metadata Samples/Excitement of Colors.png'
2025-07-13 21:47:26 | INFO     | dataset_tools_app | info_monitor:271 | [UI] File matches image format: '.png'
2025-07-13 21:47:26 | INFO     | dataset_tools_app | info_monitor:271 | [UI] Requesting image load for preview: '/Users/duskfall/Downloads/Metadata Samples/Excitement of Colors.png'
2025-07-13 21:47:26 | INFO     | dataset_tools_app | info_monitor:271 | [UI] Status: Loading image: Excitement of Colors.png...
2025-07-13 21:47:27 | INFO     | dataset_tools_app | info_monitor:271 | [UI] Status: Image loaded: 1024x585
2025-07-13 21:47:27 | INFO     | dataset_tools_app | info_monitor:271 | [UI] Image loaded successfully: 1024x585
2025-07-13 21:47:27 | INFO     | dataset_tools_app | info_monitor:271 | [UI] Loading metadata from: /Users/duskfall/Downloads/Metadata Samples/Excitement of Colors.png
2025-07-13 21:47:27 | INFO     | dataset_tools_app | info_monitor:271 | [DT.metadata_parser]: >>> ENTERING parse_metadata for: /Users/duskfall/Downloads/Metadata Samples/Excitement of Colors.png
2025-07-13 21:47:27 | INFO     | dataset_tools_app | info_monitor:271 | [DT.metadata_parser]: Creating metadata engine with path: /Users/duskfall/Downloads/Dataset-Tools-Toomany_Branches_LintingFixes/Dataset-Tools/dataset_tools/parser_definitions
2025-07-13 21:47:27 | INFO     | dataset_tools_app | info_monitor:271 | [DT.metadata_parser]: Engine created successfully, calling get_parser_for_file
2025-07-13 21:47:27 | INFO     | dataset_tools_app | info_monitor:271 | [DT.metadata_parser]: get_parser_for_file returned: <class 'NoneType'> - False
2025-07-13 21:47:27 | INFO     | dataset_tools_app | info_monitor:271 | [DT.metadata_parser]: Engine found no matching parser or returned invalid data.
2025-07-13 21:47:27 | INFO     | dataset_tools_app | info_monitor:271 | Failed to find/load any metadata for file: /Users/duskfall/Downloads/Metadata Samples/Excitement of Colors.png
2025-07-13 21:47:27 | INFO     | dataset_tools_app | info_monitor:271 | [DT.metadata_parser]: <<< EXITING parse_metadata. Returning keys: ['info']
2025-07-13 21:47:28 | INFO     | dataset_tools_app | info_monitor:271 | [UI] Status: Selected: f779bda6-cad2-4a6b-924b-e2e05b6bdf5a.jpeg
2025-07-13 21:47:28 | INFO     | dataset_tools_app | info_monitor:271 | [UI] File selected: 'f779bda6-cad2-4a6b-924b-e2e05b6bdf5a.jpeg'
2025-07-13 21:47:28 | INFO     | dataset_tools_app | info_monitor:271 | [UI] Processing file: '/Users/duskfall/Downloads/Metadata Samples/f779bda6-cad2-4a6b-924b-e2e05b6bdf5a.jpeg'
2025-07-13 21:47:28 | INFO     | dataset_tools_app | info_monitor:271 | [UI] File matches image format: '.jpeg'
2025-07-13 21:47:28 | INFO     | dataset_tools_app | info_monitor:271 | [UI] Requesting image load for preview: '/Users/duskfall/Downloads/Metadata Samples/f779bda6-cad2-4a6b-924b-e2e05b6bdf5a.jpeg'
2025-07-13 21:47:28 | INFO     | dataset_tools_app | info_monitor:271 | [UI] Status: Loading image: f779bda6-cad2-4a6b-924b-e2e05b6bdf5a.jpeg...
2025-07-13 21:47:28 | INFO     | dataset_tools_app | info_monitor:271 | [UI] Status: Image loaded: 701x1024
2025-07-13 21:47:28 | INFO     | dataset_tools_app | info_monitor:271 | [UI] Image loaded successfully: 701x1024
2025-07-13 21:47:28 | INFO     | dataset_tools_app | info_monitor:271 | [UI] Loading metadata from: /Users/duskfall/Downloads/Metadata Samples/f779bda6-cad2-4a6b-924b-e2e05b6bdf5a.jpeg
2025-07-13 21:47:28 | INFO     | dataset_tools_app | info_monitor:271 | [DT.metadata_parser]: >>> ENTERING parse_metadata for: /Users/duskfall/Downloads/Metadata Samples/f779bda6-cad2-4a6b-924b-e2e05b6bdf5a.jpeg
2025-07-13 21:47:28 | INFO     | dataset_tools_app | info_monitor:271 | [DT.metadata_parser]: Creating metadata engine with path: /Users/duskfall/Downloads/Dataset-Tools-Toomany_Branches_LintingFixes/Dataset-Tools/dataset_tools/parser_definitions
2025-07-13 21:47:28 | INFO     | dataset_tools_app | info_monitor:271 | [DT.metadata_parser]: Engine created successfully, calling get_parser_for_file
2025-07-13 21:47:28 | INFO     | dataset_tools_app | info_monitor:271 | [DT.metadata_parser]: get_parser_for_file returned: <class 'dict'> - True
2025-07-13 21:47:28 | INFO     | dataset_tools_app | info_monitor:271 | [DT.metadata_parser]: Successfully parsed metadata with engine. Keys: ['tool', 'prompt', 'negative_prompt', 'parameters', 'workflow', '_metadata']
2025-07-13 21:47:28 | INFO     | dataset_tools_app | info_monitor:271 | [DT.metadata_parser]: <<< EXITING parse_metadata. Returning keys: ['prompt_data_section', 'generation_parameters_section', 'raw_tool_specific_data_section', 'metadata_info_section', 'unclassified']
2025-07-13 21:47:29 | INFO     | dataset_tools_app | info_monitor:271 | [UI] Status: Selected: f89a16be-d486-456f-aa23-58de367250ba-0.jpg
2025-07-13 21:47:29 | INFO     | dataset_tools_app | info_monitor:271 | [UI] File selected: 'f89a16be-d486-456f-aa23-58de367250ba-0.jpg'
2025-07-13 21:47:29 | INFO     | dataset_tools_app | info_monitor:271 | [UI] Processing file: '/Users/duskfall/Downloads/Metadata Samples/f89a16be-d486-456f-aa23-58de367250ba-0.jpg'
2025-07-13 21:47:29 | INFO     | dataset_tools_app | info_monitor:271 | [UI] File matches image format: '.jpg'
2025-07-13 21:47:29 | INFO     | dataset_tools_app | info_monitor:271 | [UI] Requesting image load for preview: '/Users/duskfall/Downloads/Metadata Samples/f89a16be-d486-456f-aa23-58de367250ba-0.jpg'
2025-07-13 21:47:29 | INFO     | dataset_tools_app | info_monitor:271 | [UI] Status: Loading image: f89a16be-d486-456f-aa23-58de367250ba-0.jpg...
2025-07-13 21:47:29 | INFO     | dataset_tools_app | info_monitor:271 | [UI] Status: Image loaded: 683x1024
2025-07-13 21:47:29 | INFO     | dataset_tools_app | info_monitor:271 | [UI] Image loaded successfully: 683x1024
2025-07-13 21:47:29 | INFO     | dataset_tools_app | info_monitor:271 | [UI] Loading metadata from: /Users/duskfall/Downloads/Metadata Samples/f89a16be-d486-456f-aa23-58de367250ba-0.jpg
2025-07-13 21:47:29 | INFO     | dataset_tools_app | info_monitor:271 | [DT.metadata_parser]: >>> ENTERING parse_metadata for: /Users/duskfall/Downloads/Metadata Samples/f89a16be-d486-456f-aa23-58de367250ba-0.jpg
2025-07-13 21:47:29 | INFO     | dataset_tools_app | info_monitor:271 | [DT.metadata_parser]: Creating metadata engine with path: /Users/duskfall/Downloads/Dataset-Tools-Toomany_Branches_LintingFixes/Dataset-Tools/dataset_tools/parser_definitions
2025-07-13 21:47:29 | INFO     | dataset_tools_app | info_monitor:271 | [DT.metadata_parser]: Engine created successfully, calling get_parser_for_file
2025-07-13 21:47:29 | INFO     | dataset_tools_app | info_monitor:271 | [DT.metadata_parser]: get_parser_for_file returned: <class 'NoneType'> - False
2025-07-13 21:47:29 | INFO     | dataset_tools_app | info_monitor:271 | [DT.metadata_parser]: Engine found no matching parser or returned invalid data.
2025-07-13 21:47:29 | INFO     | dataset_tools_app | info_monitor:271 | Failed to find/load any metadata for file: /Users/duskfall/Downloads/Metadata Samples/f89a16be-d486-456f-aa23-58de367250ba-0.jpg
2025-07-13 21:47:29 | INFO     | dataset_tools_app | info_monitor:271 | [DT.metadata_parser]: <<< EXITING parse_metadata. Returning keys: ['info']
2025-07-13 21:47:30 | INFO     | dataset_tools_app | info_monitor:271 | [UI] Status: Selected: Faux_Tarot_e000010_00_20250607174543.png
2025-07-13 21:47:30 | INFO     | dataset_tools_app | info_monitor:271 | [UI] File selected: 'Faux_Tarot_e000010_00_20250607174543.png'
2025-07-13 21:47:30 | INFO     | dataset_tools_app | info_monitor:271 | [UI] Processing file: '/Users/duskfall/Downloads/Metadata Samples/Faux_Tarot_e000010_00_20250607174543.png'
2025-07-13 21:47:30 | INFO     | dataset_tools_app | info_monitor:271 | [UI] File matches image format: '.png'
2025-07-13 21:47:30 | INFO     | dataset_tools_app | info_monitor:271 | [UI] Requesting image load for preview: '/Users/duskfall/Downloads/Metadata Samples/Faux_Tarot_e000010_00_20250607174543.png'
2025-07-13 21:47:30 | INFO     | dataset_tools_app | info_monitor:271 | [UI] Status: Loading image: Faux_Tarot_e000010_00_20250607174543.png...
2025-07-13 21:47:30 | INFO     | dataset_tools_app | info_monitor:271 | [UI] Status: Image loaded: 1024x1024
2025-07-13 21:47:30 | INFO     | dataset_tools_app | info_monitor:271 | [UI] Image loaded successfully: 1024x1024
2025-07-13 21:47:30 | INFO     | dataset_tools_app | info_monitor:271 | [UI] Loading metadata from: /Users/duskfall/Downloads/Metadata Samples/Faux_Tarot_e000010_00_20250607174543.png
2025-07-13 21:47:30 | INFO     | dataset_tools_app | info_monitor:271 | [DT.metadata_parser]: >>> ENTERING parse_metadata for: /Users/duskfall/Downloads/Metadata Samples/Faux_Tarot_e000010_00_20250607174543.png
2025-07-13 21:47:30 | INFO     | dataset_tools_app | info_monitor:271 | [DT.metadata_parser]: Creating metadata engine with path: /Users/duskfall/Downloads/Dataset-Tools-Toomany_Branches_LintingFixes/Dataset-Tools/dataset_tools/parser_definitions
2025-07-13 21:47:30 | INFO     | dataset_tools_app | info_monitor:271 | [DT.metadata_parser]: Engine created successfully, calling get_parser_for_file
2025-07-13 21:47:30 | INFO     | dataset_tools_app | info_monitor:271 | [DT.metadata_parser]: get_parser_for_file returned: <class 'NoneType'> - False
2025-07-13 21:47:30 | INFO     | dataset_tools_app | info_monitor:271 | [DT.metadata_parser]: Engine found no matching parser or returned invalid data.
2025-07-13 21:47:30 | INFO     | dataset_tools_app | info_monitor:271 | Failed to find/load any metadata for file: /Users/duskfall/Downloads/Metadata Samples/Faux_Tarot_e000010_00_20250607174543.png
2025-07-13 21:47:30 | INFO     | dataset_tools_app | info_monitor:271 | [DT.metadata_parser]: <<< EXITING parse_metadata. Returning keys: ['info']
2025-07-13 21:47:31 | INFO     | dataset_tools_app | info_monitor:271 | [UI] Status: Selected: Faux_Tarot_e000010_02_20250607174607.png
2025-07-13 21:47:31 | INFO     | dataset_tools_app | info_monitor:271 | [UI] File selected: 'Faux_Tarot_e000010_02_20250607174607.png'
2025-07-13 21:47:31 | INFO     | dataset_tools_app | info_monitor:271 | [UI] Processing file: '/Users/duskfall/Downloads/Metadata Samples/Faux_Tarot_e000010_02_20250607174607.png'
2025-07-13 21:47:31 | INFO     | dataset_tools_app | info_monitor:271 | [UI] File matches image format: '.png'
2025-07-13 21:47:31 | INFO     | dataset_tools_app | info_monitor:271 | [UI] Requesting image load for preview: '/Users/duskfall/Downloads/Metadata Samples/Faux_Tarot_e000010_02_20250607174607.png'
2025-07-13 21:47:31 | INFO     | dataset_tools_app | info_monitor:271 | [UI] Status: Loading image: Faux_Tarot_e000010_02_20250607174607.png...
2025-07-13 21:47:31 | INFO     | dataset_tools_app | info_monitor:271 | [UI] Status: Image loaded: 1024x1024
2025-07-13 21:47:31 | INFO     | dataset_tools_app | info_monitor:271 | [UI] Image loaded successfully: 1024x1024
2025-07-13 21:47:31 | INFO     | dataset_tools_app | info_monitor:271 | [UI] Loading metadata from: /Users/duskfall/Downloads/Metadata Samples/Faux_Tarot_e000010_02_20250607174607.png
2025-07-13 21:47:31 | INFO     | dataset_tools_app | info_monitor:271 | [DT.metadata_parser]: >>> ENTERING parse_metadata for: /Users/duskfall/Downloads/Metadata Samples/Faux_Tarot_e000010_02_20250607174607.png
2025-07-13 21:47:31 | INFO     | dataset_tools_app | info_monitor:271 | [DT.metadata_parser]: Creating metadata engine with path: /Users/duskfall/Downloads/Dataset-Tools-Toomany_Branches_LintingFixes/Dataset-Tools/dataset_tools/parser_definitions
2025-07-13 21:47:31 | INFO     | dataset_tools_app | info_monitor:271 | [DT.metadata_parser]: Engine created successfully, calling get_parser_for_file
2025-07-13 21:47:32 | INFO     | dataset_tools_app | info_monitor:271 | [DT.metadata_parser]: get_parser_for_file returned: <class 'NoneType'> - False
2025-07-13 21:47:32 | INFO     | dataset_tools_app | info_monitor:271 | [DT.metadata_parser]: Engine found no matching parser or returned invalid data.
2025-07-13 21:47:32 | INFO     | dataset_tools_app | info_monitor:271 | Failed to find/load any metadata for file: /Users/duskfall/Downloads/Metadata Samples/Faux_Tarot_e000010_02_20250607174607.png
2025-07-13 21:47:32 | INFO     | dataset_tools_app | info_monitor:271 | [DT.metadata_parser]: <<< EXITING parse_metadata. Returning keys: ['info']
2025-07-13 21:47:33 | INFO     | dataset_tools_app | info_monitor:271 | [UI] Status: Selected: FD9ADCCDD7097D1867F91EFA98D5B9257E9963FD19BC4F61FD1AA28EF6AAF8D5.jpeg
2025-07-13 21:47:33 | INFO     | dataset_tools_app | info_monitor:271 | [UI] File selected: 'FD9ADCCDD7097D1867F91EFA98D5B9257E9963FD19BC4F61FD1AA28EF6AAF8D5.jpeg'
2025-07-13 21:47:33 | INFO     | dataset_tools_app | info_monitor:271 | [UI] Processing file: '/Users/duskfall/Downloads/Metadata Samples/FD9ADCCDD7097D1867F91EFA98D5B9257E9963FD19BC4F61FD1AA28EF6AAF8D5.jpeg'
2025-07-13 21:47:33 | INFO     | dataset_tools_app | info_monitor:271 | [UI] File matches image format: '.jpeg'
2025-07-13 21:47:33 | INFO     | dataset_tools_app | info_monitor:271 | [UI] Requesting image load for preview: '/Users/duskfall/Downloads/Metadata Samples/FD9ADCCDD7097D1867F91EFA98D5B9257E9963FD19BC4F61FD1AA28EF6AAF8D5.jpeg'
2025-07-13 21:47:33 | INFO     | dataset_tools_app | info_monitor:271 | [UI] Status: Loading image: FD9ADCCDD7097D1867F91EFA98D5B9257E9963FD19BC4F61FD1AA28EF6AAF8D5.jpeg...
2025-07-13 21:47:33 | INFO     | dataset_tools_app | info_monitor:271 | [UI] Status: Image loaded: 701x1024
2025-07-13 21:47:33 | INFO     | dataset_tools_app | info_monitor:271 | [UI] Image loaded successfully: 701x1024
2025-07-13 21:47:33 | INFO     | dataset_tools_app | info_monitor:271 | [UI] Loading metadata from: /Users/duskfall/Downloads/Metadata Samples/FD9ADCCDD7097D1867F91EFA98D5B9257E9963FD19BC4F61FD1AA28EF6AAF8D5.jpeg
2025-07-13 21:47:33 | INFO     | dataset_tools_app | info_monitor:271 | [DT.metadata_parser]: >>> ENTERING parse_metadata for: /Users/duskfall/Downloads/Metadata Samples/FD9ADCCDD7097D1867F91EFA98D5B9257E9963FD19BC4F61FD1AA28EF6AAF8D5.jpeg
2025-07-13 21:47:33 | INFO     | dataset_tools_app | info_monitor:271 | [DT.metadata_parser]: Creating metadata engine with path: /Users/duskfall/Downloads/Dataset-Tools-Toomany_Branches_LintingFixes/Dataset-Tools/dataset_tools/parser_definitions
2025-07-13 21:47:33 | INFO     | dataset_tools_app | info_monitor:271 | [DT.metadata_parser]: Engine created successfully, calling get_parser_for_file
2025-07-13 21:47:33 | INFO     | dataset_tools_app | info_monitor:271 | [DT.metadata_parser]: get_parser_for_file returned: <class 'dict'> - True
2025-07-13 21:47:33 | INFO     | dataset_tools_app | info_monitor:271 | [DT.metadata_parser]: Successfully parsed metadata with engine. Keys: ['tool', 'prompt', 'negative_prompt', 'parameters', 'workflow', '_metadata']
2025-07-13 21:47:33 | INFO     | dataset_tools_app | info_monitor:271 | [DT.metadata_parser]: <<< EXITING parse_metadata. Returning keys: ['prompt_data_section', 'generation_parameters_section', 'raw_tool_specific_data_section', 'metadata_info_section', 'unclassified']
2025-07-13 21:47:34 | INFO     | dataset_tools_app | info_monitor:271 | [UI] Status: Selected: file-6k5hbW2XqvuQFd61dDvTUS.webp
2025-07-13 21:47:34 | INFO     | dataset_tools_app | info_monitor:271 | [UI] File selected: 'file-6k5hbW2XqvuQFd61dDvTUS.webp'
2025-07-13 21:47:34 | INFO     | dataset_tools_app | info_monitor:271 | [UI] Processing file: '/Users/duskfall/Downloads/Metadata Samples/file-6k5hbW2XqvuQFd61dDvTUS.webp'
2025-07-13 21:47:34 | INFO     | dataset_tools_app | info_monitor:271 | [UI] File matches image format: '.webp'
2025-07-13 21:47:34 | INFO     | dataset_tools_app | info_monitor:271 | [UI] Requesting image load for preview: '/Users/duskfall/Downloads/Metadata Samples/file-6k5hbW2XqvuQFd61dDvTUS.webp'
2025-07-13 21:47:34 | INFO     | dataset_tools_app | info_monitor:271 | [UI] Status: Loading image: file-6k5hbW2XqvuQFd61dDvTUS.webp...
2025-07-13 21:47:34 | INFO     | dataset_tools_app | info_monitor:271 | [UI] Status: Image loaded: 1024x1024
2025-07-13 21:47:34 | INFO     | dataset_tools_app | info_monitor:271 | [UI] Image loaded successfully: 1024x1024
2025-07-13 21:47:34 | INFO     | dataset_tools_app | info_monitor:271 | [UI] Loading metadata from: /Users/duskfall/Downloads/Metadata Samples/file-6k5hbW2XqvuQFd61dDvTUS.webp
2025-07-13 21:47:34 | INFO     | dataset_tools_app | info_monitor:271 | [DT.metadata_parser]: >>> ENTERING parse_metadata for: /Users/duskfall/Downloads/Metadata Samples/file-6k5hbW2XqvuQFd61dDvTUS.webp
2025-07-13 21:47:34 | INFO     | dataset_tools_app | info_monitor:271 | [DT.metadata_parser]: Creating metadata engine with path: /Users/duskfall/Downloads/Dataset-Tools-Toomany_Branches_LintingFixes/Dataset-Tools/dataset_tools/parser_definitions
2025-07-13 21:47:34 | INFO     | dataset_tools_app | info_monitor:271 | [DT.metadata_parser]: Engine created successfully, calling get_parser_for_file
2025-07-13 21:47:34 | INFO     | dataset_tools_app | info_monitor:271 | [DT.metadata_parser]: get_parser_for_file returned: <class 'NoneType'> - False
2025-07-13 21:47:34 | INFO     | dataset_tools_app | info_monitor:271 | [DT.metadata_parser]: Engine found no matching parser or returned invalid data.
2025-07-13 21:47:34 | INFO     | dataset_tools_app | info_monitor:271 | Failed to find/load any metadata for file: /Users/duskfall/Downloads/Metadata Samples/file-6k5hbW2XqvuQFd61dDvTUS.webp
2025-07-13 21:47:34 | INFO     | dataset_tools_app | info_monitor:271 | [DT.metadata_parser]: <<< EXITING parse_metadata. Returning keys: ['info']
2025-07-13 21:47:35 | INFO     | dataset_tools_app | info_monitor:271 | [UI] Status: Selected: Final_image_00078_.webp
2025-07-13 21:47:35 | INFO     | dataset_tools_app | info_monitor:271 | [UI] File selected: 'Final_image_00078_.webp'
2025-07-13 21:47:35 | INFO     | dataset_tools_app | info_monitor:271 | [UI] Processing file: '/Users/duskfall/Downloads/Metadata Samples/Final_image_00078_.webp'
2025-07-13 21:47:35 | INFO     | dataset_tools_app | info_monitor:271 | [UI] File matches image format: '.webp'
2025-07-13 21:47:35 | INFO     | dataset_tools_app | info_monitor:271 | [UI] Requesting image load for preview: '/Users/duskfall/Downloads/Metadata Samples/Final_image_00078_.webp'
2025-07-13 21:47:35 | INFO     | dataset_tools_app | info_monitor:271 | [UI] Status: Loading image: Final_image_00078_.webp...
2025-07-13 21:47:36 | INFO     | dataset_tools_app | info_monitor:271 | [UI] Status: Image loaded: 740x1024
2025-07-13 21:47:36 | INFO     | dataset_tools_app | info_monitor:271 | [UI] Image loaded successfully: 740x1024
2025-07-13 21:47:36 | INFO     | dataset_tools_app | info_monitor:271 | [UI] Loading metadata from: /Users/duskfall/Downloads/Metadata Samples/Final_image_00078_.webp
2025-07-13 21:47:36 | INFO     | dataset_tools_app | info_monitor:271 | [DT.metadata_parser]: >>> ENTERING parse_metadata for: /Users/duskfall/Downloads/Metadata Samples/Final_image_00078_.webp
2025-07-13 21:47:36 | INFO     | dataset_tools_app | info_monitor:271 | [DT.metadata_parser]: Creating metadata engine with path: /Users/duskfall/Downloads/Dataset-Tools-Toomany_Branches_LintingFixes/Dataset-Tools/dataset_tools/parser_definitions
2025-07-13 21:47:36 | INFO     | dataset_tools_app | info_monitor:271 | [DT.metadata_parser]: Engine created successfully, calling get_parser_for_file
2025-07-13 21:47:36 | INFO     | dataset_tools_app | info_monitor:271 | [DT.metadata_parser]: get_parser_for_file returned: <class 'NoneType'> - False
2025-07-13 21:47:36 | INFO     | dataset_tools_app | info_monitor:271 | [DT.metadata_parser]: Engine found no matching parser or returned invalid data.
2025-07-13 21:47:36 | INFO     | dataset_tools_app | info_monitor:271 | Failed to find/load any metadata for file: /Users/duskfall/Downloads/Metadata Samples/Final_image_00078_.webp
2025-07-13 21:47:36 | INFO     | dataset_tools_app | info_monitor:271 | [DT.metadata_parser]: <<< EXITING parse_metadata. Returning keys: ['info']
2025-07-13 21:47:38 | INFO     | dataset_tools_app | info_monitor:271 | [UI] Status: Selected: G3QA1E73T50C6X0G8DVR8D7HG0.jpg
2025-07-13 21:47:38 | INFO     | dataset_tools_app | info_monitor:271 | [UI] File selected: 'G3QA1E73T50C6X0G8DVR8D7HG0.jpg'
2025-07-13 21:47:38 | INFO     | dataset_tools_app | info_monitor:271 | [UI] Processing file: '/Users/duskfall/Downloads/Metadata Samples/G3QA1E73T50C6X0G8DVR8D7HG0.jpg'
2025-07-13 21:47:38 | INFO     | dataset_tools_app | info_monitor:271 | [UI] File matches image format: '.jpg'
2025-07-13 21:47:38 | INFO     | dataset_tools_app | info_monitor:271 | [UI] Requesting image load for preview: '/Users/duskfall/Downloads/Metadata Samples/G3QA1E73T50C6X0G8DVR8D7HG0.jpg'
2025-07-13 21:47:38 | INFO     | dataset_tools_app | info_monitor:271 | [UI] Status: Loading image: G3QA1E73T50C6X0G8DVR8D7HG0.jpg...
2025-07-13 21:47:38 | INFO     | dataset_tools_app | info_monitor:271 | [UI] Status: Image loaded: 706x1024
2025-07-13 21:47:38 | INFO     | dataset_tools_app | info_monitor:271 | [UI] Image loaded successfully: 706x1024
2025-07-13 21:47:38 | INFO     | dataset_tools_app | info_monitor:271 | [UI] Loading metadata from: /Users/duskfall/Downloads/Metadata Samples/G3QA1E73T50C6X0G8DVR8D7HG0.jpg
2025-07-13 21:47:38 | INFO     | dataset_tools_app | info_monitor:271 | [DT.metadata_parser]: >>> ENTERING parse_metadata for: /Users/duskfall/Downloads/Metadata Samples/G3QA1E73T50C6X0G8DVR8D7HG0.jpg
2025-07-13 21:47:38 | INFO     | dataset_tools_app | info_monitor:271 | [DT.metadata_parser]: Creating metadata engine with path: /Users/duskfall/Downloads/Dataset-Tools-Toomany_Branches_LintingFixes/Dataset-Tools/dataset_tools/parser_definitions
2025-07-13 21:47:38 | INFO     | dataset_tools_app | info_monitor:271 | [DT.metadata_parser]: Engine created successfully, calling get_parser_for_file
2025-07-13 21:47:38 | INFO     | dataset_tools_app | info_monitor:271 | [DT.metadata_parser]: get_parser_for_file returned: <class 'dict'> - True
2025-07-13 21:47:38 | INFO     | dataset_tools_app | info_monitor:271 | [DT.metadata_parser]: Successfully parsed metadata with engine. Keys: ['tool', 'format', 'prompt', 'negative_prompt', 'parameters', 'civitai_metadata', 'workflow', '_metadata']
2025-07-13 21:47:38 | INFO     | dataset_tools_app | info_monitor:271 | [DT.metadata_parser]: <<< EXITING parse_metadata. Returning keys: ['prompt_data_section', 'generation_parameters_section', 'raw_tool_specific_data_section', 'metadata_info_section', 'unclassified']
2025-07-13 21:47:40 | INFO     | dataset_tools_app | info_monitor:271 | [UI] Status: Selected: furina_tired_after_stargazing.jpeg
2025-07-13 21:47:40 | INFO     | dataset_tools_app | info_monitor:271 | [UI] File selected: 'furina_tired_after_stargazing.jpeg'
2025-07-13 21:47:40 | INFO     | dataset_tools_app | info_monitor:271 | [UI] Processing file: '/Users/duskfall/Downloads/Metadata Samples/furina_tired_after_stargazing.jpeg'
2025-07-13 21:47:40 | INFO     | dataset_tools_app | info_monitor:271 | [UI] File matches image format: '.jpeg'
2025-07-13 21:47:40 | INFO     | dataset_tools_app | info_monitor:271 | [UI] Requesting image load for preview: '/Users/duskfall/Downloads/Metadata Samples/furina_tired_after_stargazing.jpeg'
2025-07-13 21:47:40 | INFO     | dataset_tools_app | info_monitor:271 | [UI] Status: Loading image: furina_tired_after_stargazing.jpeg...
2025-07-13 21:47:40 | INFO     | dataset_tools_app | info_monitor:271 | [UI] Status: Image loaded: 585x1024
2025-07-13 21:47:40 | INFO     | dataset_tools_app | info_monitor:271 | [UI] Image loaded successfully: 585x1024
2025-07-13 21:47:40 | INFO     | dataset_tools_app | info_monitor:271 | [UI] Loading metadata from: /Users/duskfall/Downloads/Metadata Samples/furina_tired_after_stargazing.jpeg
2025-07-13 21:47:40 | INFO     | dataset_tools_app | info_monitor:271 | [DT.metadata_parser]: >>> ENTERING parse_metadata for: /Users/duskfall/Downloads/Metadata Samples/furina_tired_after_stargazing.jpeg
2025-07-13 21:47:40 | INFO     | dataset_tools_app | info_monitor:271 | [DT.metadata_parser]: Creating metadata engine with path: /Users/duskfall/Downloads/Dataset-Tools-Toomany_Branches_LintingFixes/Dataset-Tools/dataset_tools/parser_definitions
2025-07-13 21:47:40 | INFO     | dataset_tools_app | info_monitor:271 | [DT.metadata_parser]: Engine created successfully, calling get_parser_for_file
2025-07-13 21:47:40 | INFO     | dataset_tools_app | info_monitor:271 | [DT.metadata_parser]: get_parser_for_file returned: <class 'dict'> - True
2025-07-13 21:47:40 | INFO     | dataset_tools_app | info_monitor:271 | [DT.metadata_parser]: Successfully parsed metadata with engine. Keys: ['tool', 'parser_version', 'detection_confidence', 'prompt', 'negative_prompt', 'parameters', 'yodayo_specific', 'raw_metadata', '_metadata']
2025-07-13 21:47:40 | INFO     | dataset_tools_app | info_monitor:271 | [DT.metadata_parser]: <<< EXITING parse_metadata. Returning keys: ['prompt_data_section', 'generation_parameters_section', 'raw_tool_specific_data_section', 'metadata_info_section', 'unclassified']
2025-07-13 21:47:45 | INFO     | dataset_tools_app | info_monitor:271 | [UI] Status: Selected: Freckledvixon_01352_.png
2025-07-13 21:47:45 | INFO     | dataset_tools_app | info_monitor:271 | [UI] File selected: 'Freckledvixon_01352_.png'
2025-07-13 21:47:45 | INFO     | dataset_tools_app | info_monitor:271 | [UI] Processing file: '/Users/duskfall/Downloads/Metadata Samples/Freckledvixon_01352_.png'
2025-07-13 21:47:45 | INFO     | dataset_tools_app | info_monitor:271 | [UI] File matches image format: '.png'
2025-07-13 21:47:45 | INFO     | dataset_tools_app | info_monitor:271 | [UI] Requesting image load for preview: '/Users/duskfall/Downloads/Metadata Samples/Freckledvixon_01352_.png'
2025-07-13 21:47:45 | INFO     | dataset_tools_app | info_monitor:271 | [UI] Status: Loading image: Freckledvixon_01352_.png...
2025-07-13 21:47:45 | INFO     | dataset_tools_app | info_monitor:271 | [UI] Status: Image loaded: 701x1024
2025-07-13 21:47:45 | INFO     | dataset_tools_app | info_monitor:271 | [UI] Image loaded successfully: 701x1024
2025-07-13 21:47:45 | INFO     | dataset_tools_app | info_monitor:271 | [UI] Loading metadata from: /Users/duskfall/Downloads/Metadata Samples/Freckledvixon_01352_.png
2025-07-13 21:47:45 | INFO     | dataset_tools_app | info_monitor:271 | [DT.metadata_parser]: >>> ENTERING parse_metadata for: /Users/duskfall/Downloads/Metadata Samples/Freckledvixon_01352_.png
2025-07-13 21:47:45 | INFO     | dataset_tools_app | info_monitor:271 | [DT.metadata_parser]: Creating metadata engine with path: /Users/duskfall/Downloads/Dataset-Tools-Toomany_Branches_LintingFixes/Dataset-Tools/dataset_tools/parser_definitions
2025-07-13 21:47:45 | INFO     | dataset_tools_app | info_monitor:271 | [DT.metadata_parser]: Engine created successfully, calling get_parser_for_file
2025-07-13 21:47:45 | INFO     | dataset_tools_app | info_monitor:271 | [DT.metadata_parser]: get_parser_for_file returned: <class 'dict'> - True
2025-07-13 21:47:45 | INFO     | dataset_tools_app | info_monitor:271 | [DT.metadata_parser]: Successfully parsed metadata with engine. Keys: ['tool', 'prompt', 'negative_prompt', 'parameters', 'raw_metadata', '_metadata']
2025-07-13 21:47:45 | INFO     | dataset_tools_app | info_monitor:271 | [DT.metadata_parser]: <<< EXITING parse_metadata. Returning keys: ['prompt_data_section', 'raw_tool_specific_data_section', 'metadata_info_section', 'unclassified']
2025-07-13 21:47:48 | INFO     | dataset_tools_app | info_monitor:271 | [UI] Status: Selected: FNS7ERDASDNS5H0ZT4MJQ7Q610.jpg
2025-07-13 21:47:48 | INFO     | dataset_tools_app | info_monitor:271 | [UI] File selected: 'FNS7ERDASDNS5H0ZT4MJQ7Q610.jpg'
2025-07-13 21:47:48 | INFO     | dataset_tools_app | info_monitor:271 | [UI] Processing file: '/Users/duskfall/Downloads/Metadata Samples/FNS7ERDASDNS5H0ZT4MJQ7Q610.jpg'
2025-07-13 21:47:48 | INFO     | dataset_tools_app | info_monitor:271 | [UI] File matches image format: '.jpg'
2025-07-13 21:47:48 | INFO     | dataset_tools_app | info_monitor:271 | [UI] Requesting image load for preview: '/Users/duskfall/Downloads/Metadata Samples/FNS7ERDASDNS5H0ZT4MJQ7Q610.jpg'
2025-07-13 21:47:48 | INFO     | dataset_tools_app | info_monitor:271 | [UI] Status: Loading image: FNS7ERDASDNS5H0ZT4MJQ7Q610.jpg...
2025-07-13 21:47:48 | INFO     | dataset_tools_app | info_monitor:271 | [UI] Status: Image loaded: 706x1024
2025-07-13 21:47:48 | INFO     | dataset_tools_app | info_monitor:271 | [UI] Image loaded successfully: 706x1024
2025-07-13 21:47:48 | INFO     | dataset_tools_app | info_monitor:271 | [UI] Loading metadata from: /Users/duskfall/Downloads/Metadata Samples/FNS7ERDASDNS5H0ZT4MJQ7Q610.jpg
2025-07-13 21:47:48 | INFO     | dataset_tools_app | info_monitor:271 | [DT.metadata_parser]: >>> ENTERING parse_metadata for: /Users/duskfall/Downloads/Metadata Samples/FNS7ERDASDNS5H0ZT4MJQ7Q610.jpg
2025-07-13 21:47:48 | INFO     | dataset_tools_app | info_monitor:271 | [DT.metadata_parser]: Creating metadata engine with path: /Users/duskfall/Downloads/Dataset-Tools-Toomany_Branches_LintingFixes/Dataset-Tools/dataset_tools/parser_definitions
2025-07-13 21:47:48 | INFO     | dataset_tools_app | info_monitor:271 | [DT.metadata_parser]: Engine created successfully, calling get_parser_for_file
2025-07-13 21:47:48 | INFO     | dataset_tools_app | info_monitor:271 | [DT.metadata_parser]: get_parser_for_file returned: <class 'dict'> - True
2025-07-13 21:47:48 | INFO     | dataset_tools_app | info_monitor:271 | [DT.metadata_parser]: Successfully parsed metadata with engine. Keys: ['tool', 'format', 'prompt', 'parameters', 'civitai_metadata', 'workflow', '_metadata']
2025-07-13 21:47:48 | INFO     | dataset_tools_app | info_monitor:271 | [DT.metadata_parser]: <<< EXITING parse_metadata. Returning keys: ['prompt_data_section', 'generation_parameters_section', 'raw_tool_specific_data_section', 'metadata_info_section', 'unclassified']
2025-07-13 21:47:49 | INFO     | dataset_tools_app | info_monitor:271 | [UI] Status: Selected: FM (24).jpg
2025-07-13 21:47:49 | INFO     | dataset_tools_app | info_monitor:271 | [UI] File selected: 'FM (24).jpg'
2025-07-13 21:47:49 | INFO     | dataset_tools_app | info_monitor:271 | [UI] Processing file: '/Users/duskfall/Downloads/Metadata Samples/FM (24).jpg'
2025-07-13 21:47:49 | INFO     | dataset_tools_app | info_monitor:271 | [UI] File matches image format: '.jpg'
2025-07-13 21:47:49 | INFO     | dataset_tools_app | info_monitor:271 | [UI] Requesting image load for preview: '/Users/duskfall/Downloads/Metadata Samples/FM (24).jpg'
2025-07-13 21:47:49 | INFO     | dataset_tools_app | info_monitor:271 | [UI] Status: Loading image: FM (24).jpg...
2025-07-13 21:47:49 | INFO     | dataset_tools_app | info_monitor:271 | [UI] Status: Image loaded: 1023x1024
2025-07-13 21:47:49 | INFO     | dataset_tools_app | info_monitor:271 | [UI] Image loaded successfully: 1023x1024
2025-07-13 21:47:49 | INFO     | dataset_tools_app | info_monitor:271 | [UI] Loading metadata from: /Users/duskfall/Downloads/Metadata Samples/FM (24).jpg
2025-07-13 21:47:49 | INFO     | dataset_tools_app | info_monitor:271 | [DT.metadata_parser]: >>> ENTERING parse_metadata for: /Users/duskfall/Downloads/Metadata Samples/FM (24).jpg
2025-07-13 21:47:49 | INFO     | dataset_tools_app | info_monitor:271 | [DT.metadata_parser]: Creating metadata engine with path: /Users/duskfall/Downloads/Dataset-Tools-Toomany_Branches_LintingFixes/Dataset-Tools/dataset_tools/parser_definitions
2025-07-13 21:47:49 | INFO     | dataset_tools_app | info_monitor:271 | [DT.metadata_parser]: Engine created successfully, calling get_parser_for_file
2025-07-13 21:47:49 | INFO     | dataset_tools_app | info_monitor:271 | [DT.metadata_parser]: get_parser_for_file returned: <class 'NoneType'> - False
2025-07-13 21:47:49 | INFO     | dataset_tools_app | info_monitor:271 | [DT.metadata_parser]: Engine found no matching parser or returned invalid data.
2025-07-13 21:47:49 | INFO     | dataset_tools_app | info_monitor:271 | Failed to find/load any metadata for file: /Users/duskfall/Downloads/Metadata Samples/FM (24).jpg
2025-07-13 21:47:49 | INFO     | dataset_tools_app | info_monitor:271 | [DT.metadata_parser]: <<< EXITING parse_metadata. Returning keys: ['info']
2025-07-13 21:48:58 | INFO     | dataset_tools_app | info_monitor:271 | [UI] Status: Selected: FNS7ERDASDNS5H0ZT4MJQ7Q610.jpg
2025-07-13 21:48:58 | INFO     | dataset_tools_app | info_monitor:271 | [UI] File selected: 'FNS7ERDASDNS5H0ZT4MJQ7Q610.jpg'
2025-07-13 21:48:58 | INFO     | dataset_tools_app | info_monitor:271 | [UI] Processing file: '/Users/duskfall/Downloads/Metadata Samples/FNS7ERDASDNS5H0ZT4MJQ7Q610.jpg'
2025-07-13 21:48:58 | INFO     | dataset_tools_app | info_monitor:271 | [UI] File matches image format: '.jpg'
2025-07-13 21:48:58 | INFO     | dataset_tools_app | info_monitor:271 | [UI] Requesting image load for preview: '/Users/duskfall/Downloads/Metadata Samples/FNS7ERDASDNS5H0ZT4MJQ7Q610.jpg'
2025-07-13 21:48:58 | INFO     | dataset_tools_app | info_monitor:271 | [UI] Status: Loading image: FNS7ERDASDNS5H0ZT4MJQ7Q610.jpg...
2025-07-13 21:48:58 | INFO     | dataset_tools_app | info_monitor:271 | [UI] Status: Image loaded: 706x1024
2025-07-13 21:48:58 | INFO     | dataset_tools_app | info_monitor:271 | [UI] Image loaded successfully: 706x1024
2025-07-13 21:48:58 | INFO     | dataset_tools_app | info_monitor:271 | [UI] Loading metadata from: /Users/duskfall/Downloads/Metadata Samples/FNS7ERDASDNS5H0ZT4MJQ7Q610.jpg
2025-07-13 21:48:58 | INFO     | dataset_tools_app | info_monitor:271 | [DT.metadata_parser]: >>> ENTERING parse_metadata for: /Users/duskfall/Downloads/Metadata Samples/FNS7ERDASDNS5H0ZT4MJQ7Q610.jpg
2025-07-13 21:48:58 | INFO     | dataset_tools_app | info_monitor:271 | [DT.metadata_parser]: Creating metadata engine with path: /Users/duskfall/Downloads/Dataset-Tools-Toomany_Branches_LintingFixes/Dataset-Tools/dataset_tools/parser_definitions
2025-07-13 21:48:58 | INFO     | dataset_tools_app | info_monitor:271 | [DT.metadata_parser]: Engine created successfully, calling get_parser_for_file
2025-07-13 21:48:58 | INFO     | dataset_tools_app | info_monitor:271 | [DT.metadata_parser]: get_parser_for_file returned: <class 'dict'> - True
2025-07-13 21:48:58 | INFO     | dataset_tools_app | info_monitor:271 | [DT.metadata_parser]: Successfully parsed metadata with engine. Keys: ['tool', 'format', 'prompt', 'parameters', 'civitai_metadata', 'workflow', '_metadata']
2025-07-13 21:48:58 | INFO     | dataset_tools_app | info_monitor:271 | [DT.metadata_parser]: <<< EXITING parse_metadata. Returning keys: ['prompt_data_section', 'generation_parameters_section', 'raw_tool_specific_data_section', 'metadata_info_section', 'unclassified']
2025-07-13 21:48:59 | INFO     | dataset_tools_app | info_monitor:271 | [UI] Status: Selected: Freckledvixon_01352_.png
2025-07-13 21:48:59 | INFO     | dataset_tools_app | info_monitor:271 | [UI] File selected: 'Freckledvixon_01352_.png'
2025-07-13 21:48:59 | INFO     | dataset_tools_app | info_monitor:271 | [UI] Processing file: '/Users/duskfall/Downloads/Metadata Samples/Freckledvixon_01352_.png'
2025-07-13 21:48:59 | INFO     | dataset_tools_app | info_monitor:271 | [UI] File matches image format: '.png'
2025-07-13 21:48:59 | INFO     | dataset_tools_app | info_monitor:271 | [UI] Requesting image load for preview: '/Users/duskfall/Downloads/Metadata Samples/Freckledvixon_01352_.png'
2025-07-13 21:48:59 | INFO     | dataset_tools_app | info_monitor:271 | [UI] Status: Loading image: Freckledvixon_01352_.png...
2025-07-13 21:48:59 | INFO     | dataset_tools_app | info_monitor:271 | [UI] Status: Image loaded: 701x1024
2025-07-13 21:48:59 | INFO     | dataset_tools_app | info_monitor:271 | [UI] Image loaded successfully: 701x1024
2025-07-13 21:48:59 | INFO     | dataset_tools_app | info_monitor:271 | [UI] Loading metadata from: /Users/duskfall/Downloads/Metadata Samples/Freckledvixon_01352_.png
2025-07-13 21:48:59 | INFO     | dataset_tools_app | info_monitor:271 | [DT.metadata_parser]: >>> ENTERING parse_metadata for: /Users/duskfall/Downloads/Metadata Samples/Freckledvixon_01352_.png
2025-07-13 21:48:59 | INFO     | dataset_tools_app | info_monitor:271 | [DT.metadata_parser]: Creating metadata engine with path: /Users/duskfall/Downloads/Dataset-Tools-Toomany_Branches_LintingFixes/Dataset-Tools/dataset_tools/parser_definitions
2025-07-13 21:48:59 | INFO     | dataset_tools_app | info_monitor:271 | [DT.metadata_parser]: Engine created successfully, calling get_parser_for_file
2025-07-13 21:49:00 | INFO     | dataset_tools_app | info_monitor:271 | [DT.metadata_parser]: get_parser_for_file returned: <class 'dict'> - True
2025-07-13 21:49:00 | INFO     | dataset_tools_app | info_monitor:271 | [DT.metadata_parser]: Successfully parsed metadata with engine. Keys: ['tool', 'prompt', 'negative_prompt', 'parameters', 'raw_metadata', '_metadata']
2025-07-13 21:49:00 | INFO     | dataset_tools_app | info_monitor:271 | [DT.metadata_parser]: <<< EXITING parse_metadata. Returning keys: ['prompt_data_section', 'raw_tool_specific_data_section', 'metadata_info_section', 'unclassified']
2025-07-13 21:49:01 | INFO     | dataset_tools_app | info_monitor:271 | [UI] Status: Selected: FLUX_00120_.png
2025-07-13 21:49:01 | INFO     | dataset_tools_app | info_monitor:271 | [UI] File selected: 'FLUX_00120_.png'
2025-07-13 21:49:01 | INFO     | dataset_tools_app | info_monitor:271 | [UI] Processing file: '/Users/duskfall/Downloads/Metadata Samples/FLUX_00120_.png'
2025-07-13 21:49:01 | INFO     | dataset_tools_app | info_monitor:271 | [UI] File matches image format: '.png'
2025-07-13 21:49:01 | INFO     | dataset_tools_app | info_monitor:271 | [UI] Requesting image load for preview: '/Users/duskfall/Downloads/Metadata Samples/FLUX_00120_.png'
2025-07-13 21:49:01 | INFO     | dataset_tools_app | info_monitor:271 | [UI] Status: Loading image: FLUX_00120_.png...
2025-07-13 21:49:01 | INFO     | dataset_tools_app | info_monitor:271 | [UI] Status: Image loaded: 724x1024
2025-07-13 21:49:01 | INFO     | dataset_tools_app | info_monitor:271 | [UI] Image loaded successfully: 724x1024
2025-07-13 21:49:01 | INFO     | dataset_tools_app | info_monitor:271 | [UI] Loading metadata from: /Users/duskfall/Downloads/Metadata Samples/FLUX_00120_.png
2025-07-13 21:49:01 | INFO     | dataset_tools_app | info_monitor:271 | [DT.metadata_parser]: >>> ENTERING parse_metadata for: /Users/duskfall/Downloads/Metadata Samples/FLUX_00120_.png
2025-07-13 21:49:01 | INFO     | dataset_tools_app | info_monitor:271 | [DT.metadata_parser]: Creating metadata engine with path: /Users/duskfall/Downloads/Dataset-Tools-Toomany_Branches_LintingFixes/Dataset-Tools/dataset_tools/parser_definitions
2025-07-13 21:49:01 | INFO     | dataset_tools_app | info_monitor:271 | [DT.metadata_parser]: Engine created successfully, calling get_parser_for_file
2025-07-13 21:49:01 | INFO     | dataset_tools_app | info_monitor:271 | [DT.metadata_parser]: get_parser_for_file returned: <class 'dict'> - True
2025-07-13 21:49:01 | INFO     | dataset_tools_app | info_monitor:271 | [DT.metadata_parser]: Successfully parsed metadata with engine. Keys: ['tool', 'parameters', 'raw_metadata', '_metadata']
2025-07-13 21:49:01 | INFO     | dataset_tools_app | info_monitor:271 | [DT.metadata_parser]: <<< EXITING parse_metadata. Returning keys: ['prompt_data_section', 'raw_tool_specific_data_section', 'metadata_info_section', 'unclassified']
2025-07-13 21:58:06 | INFO     | dataset_tools_app | info_monitor:271 | [UI] Close event triggered. Saving settings.
2025-07-13 21:58:06 | INFO     | dataset_tools_app | info_monitor:271 | Layout state saved successfully
2025-07-13 21:58:06 | INFO     | dataset_tools_app | info_monitor:271 | [UI] Image loading thread cleaned up successfully
2025-07-13 21:58:06 | INFO     | dataset_tools_app | log_session_end:291 | === Dataset Tools Session Ended ===
2025-07-13 21:58:06 | INFO     | dataset_tools_app | log_session_end:292 | Log file saved to: /Users/duskfall/Downloads/Dataset-Tools-Toomany_Branches_LintingFixes/Dataset-Tools/logs/dataset_tools_20250713_214711.log
